###############################################################################
#                                                                             #
# IAR C/C++ Compiler V8.10.3.10338/W32 for 8051         19/Apr/2018  22:11:29 #
# Copyright 2004-2011 IAR Systems AB.                                         #
#                                                                             #
#    Core               =  plain                                              #
#    Code model         =  banked                                             #
#    Data model         =  large                                              #
#    Calling convention =  xdata reentrant                                    #
#    Constant location  =  data                                               #
#    Dptr setup         =  1,16                                               #
#    Source file        =  D:\ProgramData\Hardware\zigbee\Projects\zstack\Sam #
#                          ples\SensorSys\Source\SensorSys_Terminator.c       #
#    Command line       =  -f D:\ProgramData\Hardware\zigbee\Projects\zstack\ #
#                          Samples\SensorSys\CC2530DB\..\..\..\Tools\CC2530DB #
#                          \f8wEndev.cfg (-DCPU32MHZ -DROOT=__near_func       #
#                          -DMAC_CFG_TX_DATA_MAX=3 -DMAC_CFG_TX_MAX=6         #
#                          -DMAC_CFG_RX_MAX=3) -f D:\ProgramData\Hardware\zig #
#                          bee\Projects\zstack\Samples\SensorSys\CC2530DB\..\ #
#                          ..\..\Tools\CC2530DB\f8wConfig.cfg (-DZIGBEEPRO    #
#                          -DSECURE=0 -DZG_SECURE_DYNAMIC=0 -DREFLECTOR       #
#                          -DDEFAULT_CHANLIST=0x00000800                      #
#                          -DZDAPP_CONFIG_PAN_ID=0xFFF1                       #
#                          -DNWK_START_DELAY=100 -DEXTENDED_JOINING_RANDOM_MA #
#                          SK=0x007F -DBEACON_REQUEST_DELAY=100               #
#                          -DBEACON_REQ_DELAY_MASK=0x00FF                     #
#                          -DLINK_STATUS_JITTER_MASK=0x007F                   #
#                          -DROUTE_EXPIRY_TIME=30 -DAPSC_ACK_WAIT_DURATION_PO #
#                          LLED=3000 -DNWK_INDIRECT_MSG_TIMEOUT=7             #
#                          -DMAX_RREQ_ENTRIES=8 -DAPSC_MAX_FRAME_RETRIES=3    #
#                          -DNWK_MAX_DATA_RETRIES=2                           #
#                          -DMAX_POLL_FAILURE_RETRIES=2 -DMAX_BCAST=9         #
#                          -DAPS_MAX_GROUPS=16 -DMAX_RTG_ENTRIES=40           #
#                          -DNWK_MAX_BINDING_ENTRIES=4                        #
#                          -DMAX_BINDING_CLUSTER_IDS=4 "-DDEFAULT_KEY={0x01,  #
#                          0x03, 0x05, 0x07, 0x09, 0x0B, 0x0D, 0x0F, 0x00,    #
#                          0x02, 0x04, 0x06, 0x08, 0x0A, 0x0C, 0x0D}"         #
#                          -DMAC_MAX_FRAME_SIZE=116                           #
#                          -DZDNWKMGR_MIN_TRANSMISSIONS=20 "-DCONST=const     #
#                          __code" -DGENERIC=__generic                        #
#                          -DRFD_RCVC_ALWAYS_ON=TRUE -DPOLL_RATE=1000         #
#                          -DQUEUED_POLL_RATE=100 -DRESPONSE_POLL_RATE=100)   #
#                          -DREJOIN_POLL_RATE=440 D:\ProgramData\Hardware\zig #
#                          bee\Projects\zstack\Samples\SensorSys\Source\Senso #
#                          rSys_Terminator.c -D NWK_AUTO_POLL -D              #
#                          HOLD_AUTO_START -D REFLECTOR -D POWER_SAVING -D    #
#                          NV_INIT -D xNV_RESTORE -D xZTOOL_P1 -D xMT_TASK    #
#                          -D xMT_SYS_FUNC -D xMT_SAPI_FUNC -D                #
#                          xMT_SAPI_CB_FUNC -lC D:\ProgramData\Hardware\zigbe #
#                          e\Projects\zstack\Samples\SensorSys\CC2530DB\EndDe #
#                          viceEB\List\ -lA D:\ProgramData\Hardware\zigbee\Pr #
#                          ojects\zstack\Samples\SensorSys\CC2530DB\EndDevice #
#                          EB\List\ --diag_suppress Pe001,Pa010 -o            #
#                          D:\ProgramData\Hardware\zigbee\Projects\zstack\Sam #
#                          ples\SensorSys\CC2530DB\EndDeviceEB\Obj\ -e        #
#                          --no_code_motion --debug --core=plain --dptr=16,1  #
#                          --data_model=large --code_model=banked             #
#                          --calling_convention=xdata_reentrant               #
#                          --place_constants=data --nr_virtual_regs 16 -I     #
#                          D:\ProgramData\Hardware\zigbee\Projects\zstack\Sam #
#                          ples\SensorSys\CC2530DB\ -I                        #
#                          D:\ProgramData\Hardware\zigbee\Projects\zstack\Sam #
#                          ples\SensorSys\CC2530DB\..\Source\ -I              #
#                          D:\ProgramData\Hardware\zigbee\Projects\zstack\Sam #
#                          ples\SensorSys\CC2530DB\..\..\..\ZMain\TI2530DB\   #
#                          -I D:\ProgramData\Hardware\zigbee\Projects\zstack\ #
#                          Samples\SensorSys\CC2530DB\..\..\..\..\..\Componen #
#                          ts\hal\include\ -I D:\ProgramData\Hardware\zigbee\ #
#                          Projects\zstack\Samples\SensorSys\CC2530DB\..\..\. #
#                          .\..\..\Components\hal\target\CC2530EB\ -I         #
#                          D:\ProgramData\Hardware\zigbee\Projects\zstack\Sam #
#                          ples\SensorSys\CC2530DB\..\..\..\..\..\Components\ #
#                          mac\include\ -I D:\ProgramData\Hardware\zigbee\Pro #
#                          jects\zstack\Samples\SensorSys\CC2530DB\..\..\..\. #
#                          .\..\Components\mac\high_level\ -I                 #
#                          D:\ProgramData\Hardware\zigbee\Projects\zstack\Sam #
#                          ples\SensorSys\CC2530DB\..\..\..\..\..\Components\ #
#                          mac\low_level\srf04\ -I D:\ProgramData\Hardware\zi #
#                          gbee\Projects\zstack\Samples\SensorSys\CC2530DB\.. #
#                          \..\..\..\..\Components\mac\low_level\srf04\single #
#                          _chip\ -I D:\ProgramData\Hardware\zigbee\Projects\ #
#                          zstack\Samples\SensorSys\CC2530DB\..\..\..\..\..\C #
#                          omponents\mt\ -I D:\ProgramData\Hardware\zigbee\Pr #
#                          ojects\zstack\Samples\SensorSys\CC2530DB\..\..\..\ #
#                          ..\..\Components\osal\include\ -I                  #
#                          D:\ProgramData\Hardware\zigbee\Projects\zstack\Sam #
#                          ples\SensorSys\CC2530DB\..\..\..\..\..\Components\ #
#                          services\saddr\ -I D:\ProgramData\Hardware\zigbee\ #
#                          Projects\zstack\Samples\SensorSys\CC2530DB\..\..\. #
#                          .\..\..\Components\services\sdata\ -I              #
#                          D:\ProgramData\Hardware\zigbee\Projects\zstack\Sam #
#                          ples\SensorSys\CC2530DB\..\..\..\..\..\Components\ #
#                          stack\af\ -I D:\ProgramData\Hardware\zigbee\Projec #
#                          ts\zstack\Samples\SensorSys\CC2530DB\..\..\..\..\. #
#                          .\Components\stack\nwk\ -I                         #
#                          D:\ProgramData\Hardware\zigbee\Projects\zstack\Sam #
#                          ples\SensorSys\CC2530DB\..\..\..\..\..\Components\ #
#                          stack\sapi\ -I D:\ProgramData\Hardware\zigbee\Proj #
#                          ects\zstack\Samples\SensorSys\CC2530DB\..\..\..\.. #
#                          \..\Components\stack\sec\ -I                       #
#                          D:\ProgramData\Hardware\zigbee\Projects\zstack\Sam #
#                          ples\SensorSys\CC2530DB\..\..\..\..\..\Components\ #
#                          stack\sys\ -I D:\ProgramData\Hardware\zigbee\Proje #
#                          cts\zstack\Samples\SensorSys\CC2530DB\..\..\..\..\ #
#                          ..\Components\stack\zdo\ -I                        #
#                          D:\ProgramData\Hardware\zigbee\Projects\zstack\Sam #
#                          ples\SensorSys\CC2530DB\..\..\..\..\..\Components\ #
#                          zmac\ -I D:\ProgramData\Hardware\zigbee\Projects\z #
#                          stack\Samples\SensorSys\CC2530DB\..\..\..\..\..\Co #
#                          mponents\zmac\f8w\ -Ohz --require_prototypes       #
#    List file          =  D:\ProgramData\Hardware\zigbee\Projects\zstack\Sam #
#                          ples\SensorSys\CC2530DB\EndDeviceEB\List\SensorSys #
#                          _Terminator.lst                                    #
#    Object file        =  D:\ProgramData\Hardware\zigbee\Projects\zstack\Sam #
#                          ples\SensorSys\CC2530DB\EndDeviceEB\Obj\SensorSys_ #
#                          Terminator.r51                                     #
#                                                                             #
#                                                                             #
###############################################################################

D:\ProgramData\Hardware\zigbee\Projects\zstack\Samples\SensorSys\Source\SensorSys_Terminator.c
      1          /**************************************************************************************************
      2          	Filename:       SensorSys.c
      3          	Revised:        $Date: 2009-03-18 15:56:27 -0700 (Wed, 18 Mar 2009) $
      4          	Revision:       $Revision: 19453 $
      5          
      6          	Description:    Generic Application (no Profile).
      7          
      8          
      9          	Copyright 2004-2009 Texas Instruments Incorporated. All rights reserved.
     10          
     11          	IMPORTANT: Your use of this Software is limited to those specific rights
     12          	granted under the terms of a software license agreement between the user
     13          	who downloaded the software, his/her employer (which must be your employer)
     14          	and Texas Instruments Incorporated (the "License").  You may not use this
     15          	Software unless you agree to abide by the terms of the License. The License
     16          	limits your use, and you acknowledge, that the Software may not be modified,
     17          	copied or distributed unless embedded on a Texas Instruments microcontroller
     18          	or used solely and exclusively in conjunction with a Texas Instruments radio
     19          	frequency transceiver, which is integrated into your product.  Other than for
     20          	the foregoing purpose, you may not use, reproduce, copy, prepare derivative
     21          	works of, modify, distribute, perform, display or sell this Software and/or
     22          	its documentation for any purpose.
     23          
     24          	YOU FURTHER ACKNOWLEDGE AND AGREE THAT THE SOFTWARE AND DOCUMENTATION ARE
     25          	PROVIDED AS IS?WITHOUT WARRANTY OF ANY KIND, EITHER EXPRESS OR IMPLIED, 
     26          	INCLUDING WITHOUT LIMITATION, ANY WARRANTY OF MERCHANTABILITY, TITLE, 
     27          	NON-INFRINGEMENT AND FITNESS FOR A PARTICULAR PURPOSE. IN NO EVENT SHALL
     28          	TEXAS INSTRUMENTS OR ITS LICENSORS BE LIABLE OR OBLIGATED UNDER CONTRACT,
     29          	NEGLIGENCE, STRICT LIABILITY, CONTRIBUTION, BREACH OF WARRANTY, OR OTHER
     30          	LEGAL EQUITABLE THEORY ANY DIRECT OR INDIRECT DAMAGES OR EXPENSES
     31          	INCLUDING BUT NOT LIMITED TO ANY INCIDENTAL, SPECIAL, INDIRECT, PUNITIVE
     32          	OR CONSEQUENTIAL DAMAGES, LOST PROFITS OR LOST DATA, COST OF PROCUREMENT
     33          	OF SUBSTITUTE GOODS, TECHNOLOGY, SERVICES, OR ANY CLAIMS BY THIRD PARTIES
     34          	(INCLUDING BUT NOT LIMITED TO ANY DEFENSE THEREOF), OR OTHER SIMILAR COSTS.
     35          
     36          	Should you have any questions regarding your right to use this Software,
     37          	contact Texas Instruments Incorporated at www.TI.com. 
     38          **************************************************************************************************/
     39          
     40          /*********************************************************************
     41          	This application isn't intended to do anything useful, it is
     42          	intended to be a simple example of an application's structure.
     43          
     44          	This application sends "Hello World" to another "Generic"
     45          	application every 15 seconds.  The application will also
     46          	receive "Hello World" packets.
     47          
     48          	The "Hello World" messages are sent/received as MSG type message.
     49          
     50          	This applications doesn't have a profile, so it handles everything
     51          	directly - itself.
     52          
     53          	Key control:
     54          		SW1:
     55          		SW2:  initiates end device binding
     56          		SW3:
     57          		SW4:  initiates a match description request
     58          *********************************************************************/
     59          
     60          /*********************************************************************
     61           * INCLUDES
     62           */
     63          #include "AF.h"
     64          #include <string.h>
     65          #include "ZDObject.h"
     66          #include "ZDProfile.h"
     67          #include "sapi.h"
     68          
     69          #include "SensorSys_End.h"
     70          #include "device.h"
     71          #include "DebugTrace.h"
     72          
     73          #if !defined( WIN32 )
     74          	#include "OnBoard.h"
     75          #endif
     76          
     77          /* HAL */
     78          #include "hal_led.h"
     79          #include "hal_key.h"
     80          #include "hal_uart.h"
     81          
     82          // for SendDataRequest func
     83          #include "NLMEDE.h"
     84          #include "nwk_util.h"
     85          
     86          #include "nwk.h"
     87          #include "APS.h"
     88          #include "ZDApp.h"
     89          #include "OSAL.h"
     90          #include "OSAL_Tasks.h"
     91          #include "ZComDef.h"
     92          #include "hal_drivers.h"
     93          
     94          /*********************************************************************
     95           * MACROS
     96           */
     97          // Message ID's for application user messages must be in 0xE0-0xEF range
     98          //#define ZB_USER_MSG                       0xE0
     99          #define SYSCB_DATA_CNF   0xE0
    100          /*********************************************************************
    101           * CONSTANTS
    102           */
    103          
    104          /*********************************************************************
    105           * TYPEDEFS
    106           */
    107          
    108          /*********************************************************************
    109           * GLOBAL VARIABLES
    110           */

   \                                 In  segment XDATA_Z, align 1, keep-with-next
    111          uint8 sysSeqNumber = 0;    // 在端点间数据交流时被使用zb_SendDataRequest
   \                     sysSeqNumber:
   \   000000                DS 1
   \   000001                REQUIRE __INIT_XDATA_Z

   \                                 In  segment XDATA_I, align 1, keep-with-next
    112          uint8 AppTitle[]="SensorAPP"; //应用程序名称
   \                     AppTitle:
   \   000000                DS 10
   \   00000A                REQUIRE `?<Initializer for AppTitle>`
   \   00000A                REQUIRE __INIT_XDATA_I
    113          
    114          // Sys 端点的簇ID
    115          // This list should be filled with Application specific Cluster IDs.

   \                                 In  segment XDATA_I, align 1, keep-with-next
    116          const cId_t Sys_ClusterList[SYS_MAX_CLUSTERS] =
   \                     Sys_ClusterList:
   \   000000                DS 2
   \   000002                REQUIRE `?<Initializer for Sys_ClusterList>`
   \   000002                REQUIRE __INIT_XDATA_I
    117          {
    118            SYS_CLUSTERID
    119          };
    120          

   \                                 In  segment XDATA_I, align 1, keep-with-next
    121          const cId_t Zb_ClusterList[ZB_MAX_CLUSTERS] =
   \                     Zb_ClusterList:
   \   000000                DS 2
   \   000002                REQUIRE `?<Initializer for Zb_ClusterList>`
   \   000002                REQUIRE __INIT_XDATA_I
    122          {
    123            ZB_CLUSTERID
    124          };
    125          
    126          // Sys 端点简单描述符

   \                                 In  segment XDATA_I, align 1, keep-with-next
    127          const SimpleDescriptionFormat_t Sys_SimpleDesc =
   \                     Sys_SimpleDesc:
   \   000000                DS 12
   \   00000C                REQUIRE `?<Initializer for Sys_SimpleDesc>`
   \   00000C                REQUIRE __INIT_XDATA_I
    128          {
    129          	SYS_ENDPOINT,           //  int Endpoint;
    130          	SYS_PROFID,                //  uint16 AppProfId[2];
    131          	SYS_DEVICEID,              //  uint16 AppDeviceId[2];
    132          	SYS_DEVICE_VERSION,        //  int   AppDevVer:4;
    133          	SYS_FLAGS,                 //  int   AppFlags:4;
    134          	SYS_MAX_CLUSTERS,          //  byte  AppNumInClusters;
    135          	(cId_t *)Sys_ClusterList,  //  byte *pAppInClusterList;
    136          	SYS_MAX_CLUSTERS,          //  byte  AppNumInClusters;
    137          	(cId_t *)Sys_ClusterList   //  byte *pAppInClusterList;
    138          };
    139          

   \                                 In  segment XDATA_I, align 1, keep-with-next
    140          const SimpleDescriptionFormat_t zb_SimpleDesc =
   \                     zb_SimpleDesc:
   \   000000                DS 12
   \   00000C                REQUIRE `?<Initializer for zb_SimpleDesc>`
   \   00000C                REQUIRE __INIT_XDATA_I
    141          {
    142          	ZB_ENDPOINT,           //  int Endpoint;
    143          	SYS_PROFID,                //  uint16 AppProfId[2];
    144          	SYS_DEVICEID,              //  uint16 AppDeviceId[2];
    145          	SYS_DEVICE_VERSION,        //  int   AppDevVer:4;
    146          	SYS_FLAGS,                 //  int   AppFlags:4;
    147          	ZB_MAX_CLUSTERS,          //  byte  AppNumInClusters;
    148          	(cId_t *)Zb_ClusterList,  //  byte *pAppInClusterList;
    149          	ZB_MAX_CLUSTERS,          //  byte  AppNumInClusters;
    150          	(cId_t *)Zb_ClusterList   //  byte *pAppInClusterList;
    151          };
    152          
    153          // This is the Endpoint/Interface description.  It is defined here, but
    154          // filled-in in Key_Init().  Another way to go would be to fill
    155          // in the structure here and make it a "const" (in code space).  The
    156          // way it's defined in this sample app it is define in RAM.

   \                                 In  segment XDATA_Z, align 1, keep-with-next
    157          endPointDesc_t Sys_epDesc;
   \                     Sys_epDesc:
   \   000000                DS 6
   \   000006                REQUIRE __INIT_XDATA_Z
    158          
    159          /*********************************************************************
    160           * EXTERNAL VARIABLES
    161           */
    162          
    163          /*********************************************************************
    164           * EXTERNAL FUNCTIONS
    165           */
    166          
    167          /*********************************************************************
    168           * LOCAL VARIABLES
    169           */

   \                                 In  segment XDATA_Z, align 1, keep-with-next
    170          uint8 myAppState = APP_INIT;
   \                     myAppState:
   \   000000                DS 1
   \   000001                REQUIRE __INIT_XDATA_Z

   \                                 In  segment XDATA_Z, align 1, keep-with-next
    171          uint8 keys_shift = 0;
   \                     keys_shift:
   \   000000                DS 1
   \   000001                REQUIRE __INIT_XDATA_Z

   \                                 In  segment XDATA_Z, align 1, keep-with-next
    172          uint8 type_join;		// Which type of EndPoint want to match
   \                     type_join:
   \   000000                DS 1
   \   000001                REQUIRE __INIT_XDATA_Z
    173          

   \                                 In  segment XDATA_Z, align 1, keep-with-next
    174          byte Sys_TaskID;
   \                     Sys_TaskID:
   \   000000                DS 1
   \   000001                REQUIRE __INIT_XDATA_Z
    175          

   \                                 In  segment XDATA_Z, align 1, keep-with-next
    176          devStates_t Sys_NwkState;   // 节点现在的网络状态
   \                     Sys_NwkState:
   \   000000                DS 1
   \   000001                REQUIRE __INIT_XDATA_Z
    177          

   \                                 In  segment XDATA_Z, align 1, keep-with-next
    178          byte Sys_TransID;  // 数据包的发送ID，每发一个自增1
   \                     Sys_TransID:
   \   000000                DS 1
   \   000001                REQUIRE __INIT_XDATA_Z
    179          
    180          // afAddrType_t Broadcast_DstAddr;
    181          
    182          /*********************************************************************
    183           * LOCAL FUNCTIONS
    184           */
    185          void Sys_Init( byte task_id );
    186          
    187          UINT16 Sys_ProcessEvent( byte task_id, UINT16 events );
    188          
    189          void Sys_AllowBind ( uint8 timeout );
    190          
    191          void Sys_MessageMSGCB( afIncomingMSGPacket_t *pckt, byte task_id );
    192          void Sys_AllowBindConfirm( uint16 source );
    193          void Sys_SendDataConfirm( uint8 handle, uint8 status );
    194          void Sys_SendCback( uint8 event, uint8 status, uint16 data );
    195          // void Sys_SendMessage( byte task_id );
    196          
    197          /*********************************************************************
    198           * NETWORK LAYER CALLBACKS
    199           */
    200          
    201          /*********************************************************************
    202           * PUBLIC FUNCTIONS
    203           */
    204          
    205          /*********************************************************************
    206           * @fn      Sys_Init
    207           *
    208           * @brief   Initialization function for the Generic App Task.
    209           *          This is called during initialization and should contain
    210           *          any application specific initialization (ie. hardware
    211           *          initialization/setup, table initialization, power up
    212           *          notificaiton ... ).
    213           *
    214           * @param   task_id - the ID assigned by OSAL.  This ID should be
    215           *                    used to send messages and set timers.
    216           *
    217           * @return  none
    218           */

   \                                 In  segment BANKED_CODE, align 1, keep-with-next
    219          void Sys_Init( byte task_id )
   \                     Sys_Init:
    220          {
   \   000000   74F7         MOV     A,#-0x9
   \   000002   12....       LCALL   ?BANKED_ENTER_XDATA
   \   000005                ; Saved register size: 9
   \   000005                ; Auto size: 0
   \   000005   E9           MOV     A,R1
    221            Sys_TaskID = task_id;
   \   000006   90....       MOV     DPTR,#Sys_TaskID
   \   000009   F0           MOVX    @DPTR,A
    222          
    223            // Device hardware initialization can be added here or in main() (Zmain.c).
    224            // If the hardware is application specific - add it here.
    225            // If the hardware is other parts of the device add it in main().
    226          
    227            // Broadcast_DstAddr.addrMode = (afAddrMode_t)AddrBroadcast;
    228            // Broadcast_DstAddr.endPoint = SYS_ENDPOINT;
    229            // Broadcast_DstAddr.addr.shortAddr = 0xFFFF;
    230          
    231            // Fill out the endpoint description.
    232            Sys_epDesc.endPoint = SYS_ENDPOINT;
   \   00000A   90....       MOV     DPTR,#Sys_epDesc
   \   00000D   7402         MOV     A,#0x2
   \   00000F   F0           MOVX    @DPTR,A
    233            Sys_epDesc.task_id = &Sys_TaskID;
   \   000010   A3           INC     DPTR
   \   000011   74..         MOV     A,#Sys_TaskID & 0xff
   \   000013   F0           MOVX    @DPTR,A
   \   000014   A3           INC     DPTR
   \   000015   74..         MOV     A,#(Sys_TaskID >> 8) & 0xff
   \   000017   F0           MOVX    @DPTR,A
    234            Sys_epDesc.simpleDesc
    235                      = (SimpleDescriptionFormat_t *)&Sys_SimpleDesc;
   \   000018   A3           INC     DPTR
   \   000019   74..         MOV     A,#Sys_SimpleDesc & 0xff
   \   00001B   F0           MOVX    @DPTR,A
   \   00001C   A3           INC     DPTR
   \   00001D   74..         MOV     A,#(Sys_SimpleDesc >> 8) & 0xff
   \   00001F   F0           MOVX    @DPTR,A
    236            Sys_epDesc.latencyReq = noLatencyReqs;
   \   000020   A3           INC     DPTR
   \   000021   E4           CLR     A
   \   000022   F0           MOVX    @DPTR,A
    237          
    238            // Register the endpoint description with the AF
    239            afRegister( &Sys_epDesc );
   \   000023                ; Setup parameters for call to function afRegister
   \   000023   7A..         MOV     R2,#Sys_epDesc & 0xff
   \   000025   7B..         MOV     R3,#(Sys_epDesc >> 8) & 0xff
   \   000027   12....       LCALL   ??afRegister?relay
    240          
    241            type_join = 0;
   \   00002A   90....       MOV     DPTR,#type_join
   \   00002D   E4           CLR     A
   \   00002E   F0           MOVX    @DPTR,A
    242            // Set device as Enddevice
    243            //zgDeviceLogicalType = ZG_DEVICETYPE_ENDDEVICE;
    244          
    245            // To Update the display...
    246            HalLedSet ( HAL_LED_1, HAL_LED_MODE_ON );
   \   00002F                ; Setup parameters for call to function HalLedSet
   \   00002F   12....       LCALL   ?Subroutine3 & 0xFFFF
    247            HalLedSet ( HAL_LED_2, HAL_LED_MODE_ON );
    248            HalLedSet ( HAL_LED_3, HAL_LED_MODE_ON );
    249          }
   \                     ??CrossCallReturnLabel_2:
   \   000032                REQUIRE ?Subroutine0
   \   000032                ; // Fall through to label ?Subroutine0

   \                                 In  segment BANKED_CODE, align 1, keep-with-next
   \                     ?Subroutine0:
   \   000000   7F01         MOV     R7,#0x1
   \   000002   02....       LJMP    ?BANKED_LEAVE_XDATA

   \                                 In  segment BANKED_CODE, align 1, keep-with-next
   \                     ?Subroutine3:
   \   000000   7A01         MOV     R2,#0x1
   \   000002   7901         MOV     R1,#0x1
   \   000004   12....       LCALL   ??HalLedSet?relay
   \   000007                ; Setup parameters for call to function HalLedSet
   \   000007                ; Setup parameters for call to function HalLedSet
   \   000007   7A01         MOV     R2,#0x1
   \   000009   7902         MOV     R1,#0x2
   \   00000B   12....       LCALL   ??HalLedSet?relay
   \   00000E                ; Setup parameters for call to function HalLedSet
   \   00000E                ; Setup parameters for call to function HalLedSet
   \   00000E   7A01         MOV     R2,#0x1
   \   000010   7904         MOV     R1,#0x4
   \   000012   12....       LCALL   ??HalLedSet?relay
   \   000015   22           RET
    250          
    251          /*********************************************************************
    252           * @fn      Sys_ProcessEvent
    253           *
    254           * @brief   Generic Application Task event processor.  This function
    255           *          is called to process all events for the task.  Events
    256           *          include timers, messages and any other user defined events.
    257           *
    258           * @param   task_id  - The OSAL assigned task ID.
    259           * @param   events - events to process.  This is a bit map and can
    260           *                   contain more than one event.
    261           *
    262           * @return  none
    263           */

   \                                 In  segment BANKED_CODE, align 1, keep-with-next
    264          UINT16 Sys_ProcessEvent( byte task_id, UINT16 events )
   \                     Sys_ProcessEvent:
    265          {
   \   000000   74F2         MOV     A,#-0xe
   \   000002   12....       LCALL   ?BANKED_ENTER_XDATA
   \   000005                ; Saved register size: 14
   \   000005                ; Auto size: 0
   \   000005   89..         MOV     ?V0 + 2,R1
   \   000007   EA           MOV     A,R2
   \   000008   FE           MOV     R6,A
   \   000009   EB           MOV     A,R3
   \   00000A   FF           MOV     R7,A
    266          	afIncomingMSGPacket_t *MSGpkt = NULL;
    267          	afDataConfirm_t *afDataConfirm;
    268          
    269          	// Data Confirmation message fields
    270          	byte sentEP;
    271          	ZStatus_t sentStatus;
    272          	byte sentTransID;       // This should match the value sent
    273          
    274          	if ( events & SYS_EVENT_MSG )
   \   00000B   5480         ANL     A,#0x80
   \   00000D   6045         JZ      ??Sys_ProcessEvent_0
    275          	{
    276          		MSGpkt = (afIncomingMSGPacket_t *)osal_msg_receive( task_id );
   \   00000F                ; Setup parameters for call to function osal_msg_receive
   \   00000F   8012         SJMP    ??Sys_ProcessEvent_1
    277          		while ( MSGpkt )
    278          		{
    279          			switch ( MSGpkt->hdr.event )
    280          			{
    281          				case AF_DATA_CONFIRM_CMD: // 判断信息是否发送成功
    282          					// This message is received as a confirmation of a data packet sent.
    283          					// The status is of ZStatus_t type [defined in ZComDef.h]
    284          					// The message fields are defined in AF.h
    285          					afDataConfirm = (afDataConfirm_t *)MSGpkt;
    286          					sentEP = afDataConfirm->endpoint;
    287          					sentStatus = afDataConfirm->hdr.status;
    288          					sentTransID = afDataConfirm->transID;
    289          					(void)sentEP;
    290          					(void)sentTransID;
    291          
    292          					// Action taken when confirmation is received.
    293          					if ( sentStatus != ZSuccess )
    294          					{
    295          						// The data wasn't delivered -- Do something
    296          					}
    297          					break;
    298          
    299          				case AF_INCOMING_MSG_CMD:   // 接收信息
    300          					Sys_MessageMSGCB( MSGpkt, task_id );
    301          					break;
    302          
    303          				case ZDO_STATE_CHANGE:      // 设备网络状态改变
    304          					Sys_NwkState = (devStates_t)(MSGpkt->hdr.status);
   \                     ??Sys_ProcessEvent_2:
   \   000011   A3           INC     DPTR
   \   000012   E0           MOVX    A,@DPTR
   \   000013   90....       MOV     DPTR,#Sys_NwkState
   \   000016   F0           MOVX    @DPTR,A
    305          					if ( (Sys_NwkState == DEV_ROUTER)
    306          							|| (Sys_NwkState == DEV_END_DEVICE) )
    307          					{
    308          						;
    309          					}
    310          					break;
    311                                          case SYSCB_DATA_CNF:        // Data sent CoNFirm CallBack function
    312                                                Sys_SendDataConfirm( (uint8)((sys_CbackEvent_t *)MSGpkt)->data,
    313                                                                          ((sys_CbackEvent_t *)MSGpkt)->hdr.status );
    314                                                break;
    315                            
    316          				default:
    317          					break;
    318          			}
    319          
    320          			// Release the memory
    321          			osal_msg_deallocate( (uint8 *)MSGpkt );
   \                     ??Sys_ProcessEvent_3:
   \   000017                ; Setup parameters for call to function osal_msg_deallocate
   \   000017   AA..         MOV     R2,?V0 + 0
   \   000019   AB..         MOV     R3,?V0 + 1
   \   00001B   12....       LCALL   ??osal_msg_deallocate?relay
    322          
    323          			// Next
    324          			MSGpkt = (afIncomingMSGPacket_t *)osal_msg_receive( Sys_TaskID );
   \   00001E                ; Setup parameters for call to function osal_msg_receive
   \   00001E   90....       MOV     DPTR,#Sys_TaskID
   \   000021   E0           MOVX    A,@DPTR
   \   000022   F9           MOV     R1,A
   \                     ??Sys_ProcessEvent_1:
   \   000023   12....       LCALL   ??osal_msg_receive?relay
   \   000026   8A..         MOV     ?V0 + 0,R2
   \   000028   8B..         MOV     ?V0 + 1,R3
   \   00002A   E5..         MOV     A,?V0 + 0
   \   00002C   45..         ORL     A,?V0 + 1
   \   00002E   601C         JZ      ??Sys_ProcessEvent_4
   \   000030   85..82       MOV     DPL,?V0 + 0
   \   000033   85..83       MOV     DPH,?V0 + 1
   \   000036   E0           MOVX    A,@DPTR
   \   000037   24E6         ADD     A,#-0x1a
   \   000039   6006         JZ      ??Sys_ProcessEvent_5
   \   00003B   2449         ADD     A,#0x49
   \   00003D   60D2         JZ      ??Sys_ProcessEvent_2
   \   00003F   80D6         SJMP    ??Sys_ProcessEvent_3
   \                     ??Sys_ProcessEvent_5:
   \   000041                ; Setup parameters for call to function Sys_MessageMSGCB
   \   000041   A9..         MOV     R1,?V0 + 2
   \   000043   AA..         MOV     R2,?V0 + 0
   \   000045   AB..         MOV     R3,?V0 + 1
   \   000047   12....       LCALL   ??Sys_MessageMSGCB?relay
   \   00004A   80CB         SJMP    ??Sys_ProcessEvent_3
    325          		}
    326          	  // return unprocessed events
    327          		return (events ^ SYS_EVENT_MSG);
   \                     ??Sys_ProcessEvent_4:
   \   00004C   EE           MOV     A,R6
   \   00004D   FA           MOV     R2,A
   \   00004E   EF           MOV     A,R7
   \   00004F   6480         XRL     A,#0x80
   \                     ??Sys_ProcessEvent_6:
   \   000051   FB           MOV     R3,A
   \   000052   8024         SJMP    ??Sys_ProcessEvent_7
    328          	}
    329          	if(events & CLOSE_LED3_EVT)
   \                     ??Sys_ProcessEvent_0:
   \   000054   EE           MOV     A,R6
   \   000055   5404         ANL     A,#0x4
   \   000057   600E         JZ      ??Sys_ProcessEvent_8
    330          	{
    331          		HalLedSet(HAL_LED_3, HAL_LED_MODE_ON);  //Close LED3
   \   000059                ; Setup parameters for call to function HalLedSet
   \   000059   7A01         MOV     R2,#0x1
   \   00005B   7904         MOV     R1,#0x4
   \   00005D   12....       LCALL   ??HalLedSet?relay
    332          		return (events ^ CLOSE_LED3_EVT);
   \   000060   EE           MOV     A,R6
   \   000061   6404         XRL     A,#0x4
   \                     ??Sys_ProcessEvent_9:
   \   000063   FA           MOV     R2,A
   \   000064   EF           MOV     A,R7
   \   000065   80EA         SJMP    ??Sys_ProcessEvent_6
    333          	}
    334          
    335          	if(events & CLOSE_LIGHT_EVT)
   \                     ??Sys_ProcessEvent_8:
   \   000067   EE           MOV     A,R6
   \   000068   5408         ANL     A,#0x8
   \   00006A   6008         JZ      ??Sys_ProcessEvent_10
    336          	{
    337                      HalLedSet ( HAL_LED_1, HAL_LED_MODE_ON );
   \   00006C                ; Setup parameters for call to function HalLedSet
   \   00006C   12....       LCALL   ?Subroutine3 & 0xFFFF
    338                      HalLedSet ( HAL_LED_2, HAL_LED_MODE_ON );
    339                      HalLedSet ( HAL_LED_3, HAL_LED_MODE_ON );
    340          	    return (events ^ CLOSE_LIGHT_EVT);
   \                     ??CrossCallReturnLabel_3:
   \   00006F   EE           MOV     A,R6
   \   000070   6408         XRL     A,#0x8
   \   000072   80EF         SJMP    ??Sys_ProcessEvent_9
    341          	}
    342          	// Discard unknown events
    343          	return 0;
   \                     ??Sys_ProcessEvent_10:
   \   000074   7A00         MOV     R2,#0x0
   \   000076   7B00         MOV     R3,#0x0
   \                     ??Sys_ProcessEvent_7:
   \   000078   7F06         MOV     R7,#0x6
   \   00007A   02....       LJMP    ?BANKED_LEAVE_XDATA
    344          }
    345          
    346          
    347          /*********************************************************************
    348           * LOCAL FUNCTIONS
    349           */
    350          
    351          /*********************************************************************
    352           * @fn      Type2EP
    353           *
    354           * @brief   query for device type's corresponding endpoint number
    355           *
    356           * @param   type : which device type want to bind
    357           *
    358           * @return  Corresponding Endpoint number
    359           */

   \                                 In  segment BANKED_CODE, align 1, keep-with-next
    360          uint8 Type2EP(uint8 type)
   \                     Type2EP:
    361          {
   \   000000   C082         PUSH    DPL
   \   000002   C083         PUSH    DPH
   \   000004                ; Saved register size: 2
   \   000004                ; Auto size: 0
   \   000004   E9           MOV     A,R1
    362              switch(type)
   \   000005   14           DEC     A
   \   000006   6009         JZ      ??Type2EP_0
   \   000008   14           DEC     A
   \   000009   6024         JZ      ??Type2EP_1
   \   00000B   24FE         ADD     A,#-0x2
   \   00000D   6013         JZ      ??Type2EP_2
   \   00000F   8008         SJMP    ??Type2EP_3
    363              {
    364                  case KEY_TYPE_ID:
    365                    {
    366                          // 10~59
    367                          if(keyCnt == KEY_NUM_MAX)
   \                     ??Type2EP_0:
   \   000011   90....       MOV     DPTR,#keyCnt
   \   000014   E0           MOVX    A,@DPTR
   \   000015   640A         XRL     A,#0xa
   \   000017   7004         JNZ     ??Type2EP_4
    368                          {
    369                            return 0;     // error: Max
   \                     ??Type2EP_3:
   \   000019   7900         MOV     R1,#0x0
   \   00001B   801E         SJMP    ??Type2EP_5
    370                          }                
    371                          return (KEY_ENDPOINT+keyCnt);
   \                     ??Type2EP_4:
   \   00001D   E0           MOVX    A,@DPTR
   \   00001E   240A         ADD     A,#0xa
   \   000020   8018         SJMP    ??Type2EP_6
    372                    }
    373                  case SWITCH_TYPE_ID:
    374                    {
    375                          // 60~109
    376                          if(swCnt == SWITCH_NUM_MAX)
   \                     ??Type2EP_2:
   \   000022   90....       MOV     DPTR,#swCnt
   \   000025   E0           MOVX    A,@DPTR
   \   000026   6405         XRL     A,#0x5
   \   000028   60EF         JZ      ??Type2EP_3
    377                          {
    378                              return 0;     // error
    379                          }
    380                          return (SWITCH_ENDPOINT+swCnt);
   \   00002A   E0           MOVX    A,@DPTR
   \   00002B   243C         ADD     A,#0x3c
   \   00002D   800B         SJMP    ??Type2EP_6
    381                    }
    382                  case MOTOR_TYPE_ID:
    383                    {
    384                          // 110~119
    385                          if(motorCnt == MOTOR_NUM_MAX)
   \                     ??Type2EP_1:
   \   00002F   90....       MOV     DPTR,#motorCnt
   \   000032   E0           MOVX    A,@DPTR
   \   000033   6402         XRL     A,#0x2
   \   000035   60E2         JZ      ??Type2EP_3
    386                          {
    387                            return 0;     // error
    388                          }
    389                          return (MOTOR_ENDPOINT+motorCnt);
   \   000037   E0           MOVX    A,@DPTR
   \   000038   246E         ADD     A,#0x6e
   \                     ??Type2EP_6:
   \   00003A   F9           MOV     R1,A
    390                    }
    391              }
   \                     ??Type2EP_5:
   \   00003B   02....       LJMP    ?Subroutine1 & 0xFFFF
    392              return 0;
    393          }

   \                                 In  segment BANKED_CODE, align 1, keep-with-next
   \                     ?Subroutine1:
   \   000000   D083         POP     DPH
   \   000002   D082         POP     DPL
   \   000004   02....       LJMP    ?BRET
    394          
    395          
    396          /*********************************************************************
    397           * @fn      Sys_MessageMSGCB
    398           *
    399           * @brief   Data message processor callback.  This function processes
    400           *          any incoming data - probably from other devices.  So, based
    401           *          on cluster ID, perform the intended action.
    402           *
    403           * @param   none
    404           *
    405           * @return  none
    406           */

   \                                 In  segment BANKED_CODE, align 1, keep-with-next
    407          void Sys_MessageMSGCB( afIncomingMSGPacket_t *pkt, byte task_id )
   \                     Sys_MessageMSGCB:
    408          {
   \   000000   74F5         MOV     A,#-0xb
   \   000002   12....       LCALL   ?BANKED_ENTER_XDATA
   \   000005                ; Saved register size: 11
   \   000005                ; Auto size: 4
   \   000005   74FC         MOV     A,#-0x4
   \   000007   12....       LCALL   ?ALLOC_XSTACK8
   \   00000A   EA           MOV     A,R2
   \   00000B   FE           MOV     R6,A
   \   00000C   EB           MOV     A,R3
   \   00000D   FF           MOV     R7,A
    409          	switch ( pkt->clusterId )
   \   00000E   8E82         MOV     DPL,R6
   \   000010   8F83         MOV     DPH,R7
   \   000012   A3           INC     DPTR
   \   000013   A3           INC     DPTR
   \   000014   A3           INC     DPTR
   \   000015   A3           INC     DPTR
   \   000016   E0           MOVX    A,@DPTR
   \   000017   6401         XRL     A,#0x1
   \   000019   7002         JNZ     ??Sys_MessageMSGCB_0
   \   00001B   A3           INC     DPTR
   \   00001C   E0           MOVX    A,@DPTR
   \                     ??Sys_MessageMSGCB_0:
   \   00001D   7070         JNZ     ??Sys_MessageMSGCB_1
    410          	{
    411          		case SYS_CLUSTERID:
    412                          {
    413          			char flag[4];
    414          			osal_memcpy( flag, pkt->cmd.Data, 4 );
   \   00001F                ; Setup parameters for call to function osal_memcpy
   \   00001F   12....       LCALL   ?Subroutine4 & 0xFFFF
   \                     ??CrossCallReturnLabel_4:
   \   000022   F5..         MOV     ?V0 + 0,A
   \   000024   A3           INC     DPTR
   \   000025   E0           MOVX    A,@DPTR
   \   000026   F5..         MOV     ?V0 + 1,A
   \   000028   75..00       MOV     ?V0 + 2,#0x0
   \   00002B   78..         MOV     R0,#?V0 + 0
   \   00002D   12....       LCALL   ?PUSH_XSTACK_I_THREE
   \   000030   7C04         MOV     R4,#0x4
   \   000032   7D00         MOV     R5,#0x0
   \   000034   7403         MOV     A,#0x3
   \   000036   12....       LCALL   ?XSTACK_DISP0_8
   \   000039   AA82         MOV     R2,DPL
   \   00003B   AB83         MOV     R3,DPH
   \   00003D   12....       LCALL   ??osal_memcpy?relay
   \   000040   7403         MOV     A,#0x3
   \   000042   12....       LCALL   ?DEALLOC_XSTACK8
    415          			if( osal_memcmp( flag, "bind", 4) )
   \   000045                ; Setup parameters for call to function osal_memcmp
   \   000045   75....       MOV     ?V0 + 0,#`?<Constant "bind">` & 0xff
   \   000048   75....       MOV     ?V0 + 1,#(`?<Constant "bind">` >> 8) & 0xff
   \   00004B   78..         MOV     R0,#?V0 + 0
   \   00004D   12....       LCALL   ?PUSH_XSTACK_I_THREE
   \   000050   7C04         MOV     R4,#0x4
   \   000052   7D00         MOV     R5,#0x0
   \   000054   7403         MOV     A,#0x3
   \   000056   12....       LCALL   ?XSTACK_DISP0_8
   \   000059   A982         MOV     R1,DPL
   \   00005B   AA83         MOV     R2,DPH
   \   00005D   7B00         MOV     R3,#0x0
   \   00005F   12....       LCALL   ??osal_memcmp?relay
   \   000062   7403         MOV     A,#0x3
   \   000064   12....       LCALL   ?DEALLOC_XSTACK8
   \   000067   E9           MOV     A,R1
   \   000068   6025         JZ      ??Sys_MessageMSGCB_1
    416          			{
    417          				if( pkt->cmd.Data[4] & MY_DEVICE )
    418          				{
    419                                                  type_join = Type2EP(pkt->cmd.Data[4]);  // query for this type's corresponding endpoint number
   \   00006A                ; Setup parameters for call to function Type2EP
   \   00006A   12....       LCALL   ?Subroutine4 & 0xFFFF
   \                     ??CrossCallReturnLabel_5:
   \   00006D   F8           MOV     R0,A
   \   00006E   A3           INC     DPTR
   \   00006F   E0           MOVX    A,@DPTR
   \   000070   F583         MOV     DPH,A
   \   000072   8882         MOV     DPL,R0
   \   000074   A3           INC     DPTR
   \   000075   A3           INC     DPTR
   \   000076   A3           INC     DPTR
   \   000077   A3           INC     DPTR
   \   000078   E0           MOVX    A,@DPTR
   \   000079   F9           MOV     R1,A
   \   00007A   12....       LCALL   ??Type2EP?relay
   \   00007D   E9           MOV     A,R1
   \   00007E   90....       MOV     DPTR,#type_join
   \   000081   F0           MOVX    @DPTR,A
    420                                                  if(!type_join)
   \   000082   600B         JZ      ??Sys_MessageMSGCB_1
    421                                                  {
    422                                                      // faild to add endpoint
    423                                                  }
    424                                                  else
    425                                                  {
    426                                                      HalLedSet ( HAL_LED_3, HAL_LED_MODE_OFF );  // OPEN LED3
   \   000084                ; Setup parameters for call to function HalLedSet
   \   000084   7A00         MOV     R2,#0x0
   \   000086   12....       LCALL   ?Subroutine2 & 0xFFFF
    427                                                      osal_start_timerEx(Sys_TaskID, CLOSE_LED3_EVT, 5000);    // Close LED3 after 5s
    428                 					    keys_shift = 1;
   \                     ??CrossCallReturnLabel_0:
   \   000089   90....       MOV     DPTR,#keys_shift
   \   00008C   7401         MOV     A,#0x1
   \   00008E   F0           MOVX    @DPTR,A
    429                                                  }
    430          				}
    431          			}
    432          #if defined( WIN32 )
    433          			WPRINTSTR( pkt->cmd.Data );
    434          #endif
    435          			break;
    436                          }
    437          	}
    438          }
   \                     ??Sys_MessageMSGCB_1:
   \   00008F   7404         MOV     A,#0x4
   \   000091   12....       LCALL   ?DEALLOC_XSTACK8
   \   000094   7F03         MOV     R7,#0x3
   \   000096   02....       LJMP    ?BANKED_LEAVE_XDATA

   \                                 In  segment BANKED_CODE, align 1, keep-with-next
   \                     ?Subroutine4:
   \   000000   EE           MOV     A,R6
   \   000001   2422         ADD     A,#0x22
   \   000003   F582         MOV     DPL,A
   \   000005   EF           MOV     A,R7
   \   000006   3400         ADDC    A,#0x0
   \   000008   F583         MOV     DPH,A
   \   00000A   E0           MOVX    A,@DPTR
   \   00000B   22           RET

   \                                 In  segment BANKED_CODE, align 1, keep-with-next
   \                     ?Subroutine2:
   \   000000   7904         MOV     R1,#0x4
   \   000002   12....       LCALL   ??HalLedSet?relay
   \   000005                ; Setup parameters for call to function osal_start_timerEx
   \   000005                ; Setup parameters for call to function osal_start_timerEx
   \   000005   7C88         MOV     R4,#-0x78
   \   000007   7D13         MOV     R5,#0x13
   \   000009   7A04         MOV     R2,#0x4
   \   00000B   7B00         MOV     R3,#0x0
   \   00000D   90....       MOV     DPTR,#Sys_TaskID
   \   000010   E0           MOVX    A,@DPTR
   \   000011   F9           MOV     R1,A
   \   000012   12....       LCALL   ??osal_start_timerEx?relay
   \   000015   22           RET
    439          
    440          /******************************************************************************
    441           * @fn          Sys_AllowBind
    442           *
    443           * @brief       The zb_AllowBind function puts the device into the
    444           *              Allow Binding Mode for a given period of time.  A peer device
    445           *              can establish a binding to a device in the Allow Binding Mode
    446           *              by calling zb_BindDevice with a destination address of NULL
    447           *
    448           * @param       timeout - The number of seconds to remain in the allow binding
    449           *                        mode.  Valid values range from 1 through 65.
    450           *                        If 0, the Allow Bind mode will be set false without TO
    451           *                        If greater than 64, the Allow Bind mode will be true
    452           *
    453           * @return      ZB_SUCCESS if the device entered the allow bind mode, else
    454           *              an error code.
    455           */
    456          

   \                                 In  segment BANKED_CODE, align 1, keep-with-next
    457          void Sys_AllowBind ( uint8 timeout )
   \                     Sys_AllowBind:
    458          {
   \   000000   74F7         MOV     A,#-0x9
   \   000002   12....       LCALL   ?BANKED_ENTER_XDATA
   \   000005                ; Saved register size: 9
   \   000005                ; Auto size: 0
   \   000005   E9           MOV     A,R1
   \   000006   FE           MOV     R6,A
    459            if ( timeout == 0 )
   \   000007   700C         JNZ     ??Sys_AllowBind_0
    460            {
    461              afSetMatch(type_join, FALSE);
   \   000009                ; Setup parameters for call to function afSetMatch
   \   000009   7A00         MOV     R2,#0x0
   \   00000B   90....       MOV     DPTR,#type_join
   \   00000E   E0           MOVX    A,@DPTR
   \   00000F   F9           MOV     R1,A
   \   000010   12....       LCALL   ??afSetMatch?relay
   \   000013   8016         SJMP    ??Sys_AllowBind_1
    462            }
    463            else
    464            {
    465              afSetMatch(type_join, TRUE);
   \                     ??Sys_AllowBind_0:
   \   000015                ; Setup parameters for call to function afSetMatch
   \   000015   7A01         MOV     R2,#0x1
   \   000017   90....       MOV     DPTR,#type_join
   \   00001A   E0           MOVX    A,@DPTR
   \   00001B   F9           MOV     R1,A
   \   00001C   12....       LCALL   ??afSetMatch?relay
    466              if ( timeout != 0xFF )
   \   00001F   74FF         MOV     A,#-0x1
   \   000021   6E           XRL     A,R6
   \   000022   6007         JZ      ??Sys_AllowBind_1
    467              {
    468                if ( timeout > 64 )
    469                {
    470                  timeout = 64;
    471                }
    472                HalLedSet ( HAL_LED_3, HAL_LED_MODE_ON );    // Close LED3
   \   000024                ; Setup parameters for call to function HalLedSet
   \   000024   7A01         MOV     R2,#0x1
   \   000026   7904         MOV     R1,#0x4
   \   000028   12....       LCALL   ??HalLedSet?relay
    473              }
    474            }
    475            return;
   \                     ??Sys_AllowBind_1:
   \   00002B   02....       LJMP    ?Subroutine0 & 0xFFFF
    476          }
    477          
    478          /******************************************************************************
    479           * @fn          Sys_AllowBindConfirm
    480           *
    481           * @brief       Indicates when another device attempted to bind to this device
    482           *              Shut Up allowbind after 1s.
    483           *
    484           * @param
    485           *
    486           * @return      none
    487           */

   \                                 In  segment BANKED_CODE, align 1, keep-with-next
    488          void Sys_AllowBindConfirm( uint16 source )
   \                     Sys_AllowBindConfirm:
    489          {
   \   000000   C082         PUSH    DPL
   \   000002   C083         PUSH    DPH
   \   000004                ; Saved register size: 2
   \   000004                ; Auto size: 0
    490              type_join = 0;
   \   000004   90....       MOV     DPTR,#type_join
   \   000007   E4           CLR     A
   \   000008   F0           MOVX    @DPTR,A
    491              HalLedSet ( HAL_LED_3, HAL_LED_MODE_OFF );
   \   000009                ; Setup parameters for call to function HalLedSet
   \   000009   FA           MOV     R2,A
   \   00000A   12....       LCALL   ?Subroutine2 & 0xFFFF
    492              
    493              osal_start_timerEx(Sys_TaskID, CLOSE_LED3_EVT, 5000);    // Close LED3 after 3s
    494          }
   \                     ??CrossCallReturnLabel_1:
   \   00000D   02....       LJMP    ?Subroutine1 & 0xFFFF
    495          
    496          /*********************************************************************
    497           * @fn      Sys_SendMessage
    498           *
    499           * @brief   Send message.
    500           *
    501           * @param   none
    502           *
    503           * @return  none
    504           *//*
    505          void Sys_SendMessage( void )
    506          {
    507            afAddrType_t dstAddr;
    508          
    509            dstAddr.addr.shortAddr = 0x0000;      // Send to Coordinator
    510            dstAddr.addrMode = (afAddrMode_t)Addr16Bit;
    511            dstAddr.endPoint = Sys_epDesc.simpleDesc->EndPoint;
    512            
    513          	char theMessageData[] = "";
    514          
    515          	if ( AF_DataRequest( &dstAddr, &Sys_epDesc,
    516                                                       SYS_CLUSTERID,
    517                                                       (byte)osal_strlen( theMessageData ) + 1,
    518                                                       (byte *)&theMessageData,
    519                                                       &Sys_TransID,
    520                                                       AF_DISCV_ROUTE, AF_DEFAULT_RADIUS ) == afStatus_SUCCESS )
    521          	{
    522          		// Successfully requested to be sent.
    523          	}
    524          	else
    525          	{
    526          		// Error occurred in request to send.
    527          	}
    528          }
    529          */
    530          /******************************************************************************
    531           * @fn          Sys_SendDataRequest
    532           *
    533           * @brief       The Sys_SendDataRequest function initiates transmission of data
    534           *              to a peer device
    535           *
    536           * @param       destination - The destination of the data.  The destination can
    537           *                            be one of the following:
    538           *                            - 16-Bit short address of device [0-0xfffD]
    539           *                            - ZB_BROADCAST_ADDR sends the data to all devices
    540           *                              in the network.
    541           *                            - ZB_BINDING_ADDR sends the data to a previously
    542           *                              bound device.
    543           *
    544           *              commandId - The command ID to send with the message.  If the
    545           *                          SYS_BINDING_ADDR destination is used, this parameter
    546           *                          also indicates the binding to use.
    547           *
    548           *              len - The size of the pData buffer in bytes
    549           *              handle - A handle used to identify the send data request.
    550           *              txOptions - TRUE if requesting acknowledgement from the destination.
    551           *              radius - The max number of hops the packet can travel through
    552           *                       before it is dropped.
    553           *
    554           * @return      none
    555           */

   \                                 In  segment BANKED_CODE, align 1, keep-with-next
    556          void Sys_SendDataRequest ( uint16 destination, endPointDesc_t *epDesc, uint16 commandId, uint8 len,
   \                     Sys_SendDataRequest:
    557                                    uint8 *pData, uint8 handle, uint8 txOptions, uint8 radius )
    558          {
   \   000000   74F0         MOV     A,#-0x10
   \   000002   12....       LCALL   ?BANKED_ENTER_XDATA
   \   000005                ; Saved register size: 16
   \   000005                ; Auto size: 12
   \   000005   74F4         MOV     A,#-0xc
   \   000007   12....       LCALL   ?ALLOC_XSTACK8
   \   00000A   EC           MOV     A,R4
   \   00000B   FE           MOV     R6,A
   \   00000C   ED           MOV     A,R5
   \   00000D   FF           MOV     R7,A
   \   00000E   89..         MOV     ?V0 + 7,R1
   \   000010   741C         MOV     A,#0x1c
   \   000012   12....       LCALL   ?XSTACK_DISP0_8
   \   000015   E0           MOVX    A,@DPTR
   \   000016   F5..         MOV     ?V0 + 2,A
   \   000018   A3           INC     DPTR
   \   000019   E0           MOVX    A,@DPTR
   \   00001A   F5..         MOV     ?V0 + 3,A
   \   00001C   741E         MOV     A,#0x1e
   \   00001E   12....       LCALL   ?XSTACK_DISP0_8
   \   000021   E0           MOVX    A,@DPTR
   \   000022   F5..         MOV     ?V0 + 4,A
   \   000024   A3           INC     DPTR
   \   000025   E0           MOVX    A,@DPTR
   \   000026   F5..         MOV     ?V0 + 5,A
   \   000028   7421         MOV     A,#0x21
   \   00002A   12....       LCALL   ?XSTACK_DISP0_8
   \   00002D   E0           MOVX    A,@DPTR
   \   00002E   F5..         MOV     ?V0 + 6,A
   \   000030   7422         MOV     A,#0x22
   \   000032   12....       LCALL   ?XSTACK_DISP0_8
   \   000035   E0           MOVX    A,@DPTR
   \   000036   F5..         MOV     ?V0 + 0,A
    559            afStatus_t status;
    560            afAddrType_t dstAddr;
    561          
    562            txOptions |= AF_DISCV_ROUTE;
   \   000038   E5..         MOV     A,?V0 + 6
   \   00003A   D2E5         SETB    0xE0 /* A   */.5
   \   00003C   F5..         MOV     ?V0 + 6,A
    563          
    564            // Set the destination address
    565            if (destination == SYS_BINDING_ADDR)
   \   00003E   74FE         MOV     A,#-0x2
   \   000040   6A           XRL     A,R2
   \   000041   7003         JNZ     ??Sys_SendDataRequest_0
   \   000043   74FF         MOV     A,#-0x1
   \   000045   6B           XRL     A,R3
   \                     ??Sys_SendDataRequest_0:
   \   000046   7009         JNZ     ??Sys_SendDataRequest_1
    566            {
    567              // Binding
    568              dstAddr.addrMode = afAddrNotPresent;
   \   000048   7408         MOV     A,#0x8
   \   00004A   12....       LCALL   ?XSTACK_DISP0_8
   \   00004D   E4           CLR     A
   \   00004E   F0           MOVX    @DPTR,A
   \   00004F   801F         SJMP    ??Sys_SendDataRequest_2
    569            } 
    570            else
    571            {
    572              // Use short address
    573              dstAddr.addr.shortAddr = destination;
   \                     ??Sys_SendDataRequest_1:
   \   000051   85..82       MOV     DPL,?XSP + 0
   \   000054   85..83       MOV     DPH,?XSP + 1
   \   000057   EA           MOV     A,R2
   \   000058   F0           MOVX    @DPTR,A
   \   000059   A3           INC     DPTR
   \   00005A   EB           MOV     A,R3
   \   00005B   F0           MOVX    @DPTR,A
    574              dstAddr.addrMode = afAddr16Bit;
   \   00005C   7408         MOV     A,#0x8
   \   00005E   12....       LCALL   ?XSTACK_DISP0_8
   \   000061   7402         MOV     A,#0x2
   \   000063   F0           MOVX    @DPTR,A
    575          
    576              if ( ADDR_NOT_BCAST != NLME_IsAddressBroadcast( destination ) )
   \   000064                ; Setup parameters for call to function NLME_IsAddressBroadcast
   \   000064   12....       LCALL   ??NLME_IsAddressBroadcast?relay
   \   000067   E9           MOV     A,R1
   \   000068   6006         JZ      ??Sys_SendDataRequest_2
    577              {
    578                txOptions &= ~AF_ACK_REQUEST;
   \   00006A   E5..         MOV     A,?V0 + 6
   \   00006C   C2E4         CLR     0xE0 /* A   */.4
   \   00006E   F5..         MOV     ?V0 + 6,A
    579              }
    580            }
    581          
    582            dstAddr.panId = 0;                                    // Not an inter-pan message.
   \                     ??Sys_SendDataRequest_2:
   \   000070   740A         MOV     A,#0xa
   \   000072   12....       LCALL   ?XSTACK_DISP0_8
   \   000075   E4           CLR     A
   \   000076   F0           MOVX    @DPTR,A
   \   000077   A3           INC     DPTR
   \   000078   F0           MOVX    @DPTR,A
    583            dstAddr.endPoint = epDesc->simpleDesc->EndPoint;  // Set the endpoint.
   \   000079   8E82         MOV     DPL,R6
   \   00007B   8F83         MOV     DPH,R7
   \   00007D   A3           INC     DPTR
   \   00007E   A3           INC     DPTR
   \   00007F   A3           INC     DPTR
   \   000080   E0           MOVX    A,@DPTR
   \   000081   F8           MOV     R0,A
   \   000082   A3           INC     DPTR
   \   000083   E0           MOVX    A,@DPTR
   \   000084   F583         MOV     DPH,A
   \   000086   8882         MOV     DPL,R0
   \   000088   E0           MOVX    A,@DPTR
   \   000089   C0E0         PUSH    A
   \   00008B   7409         MOV     A,#0x9
   \   00008D   12....       LCALL   ?XSTACK_DISP0_8
   \   000090   D0E0         POP     A
   \   000092   F0           MOVX    @DPTR,A
    584          
    585            
    586            // Send the message
    587            status = AF_DataRequest(&dstAddr, epDesc, commandId, len,
    588                                    pData, &handle, txOptions, radius);
   \   000093                ; Setup parameters for call to function AF_DataRequest
   \   000093   78..         MOV     R0,#?V0 + 0
   \   000095   12....       LCALL   ?PUSH_XSTACK_I_ONE
   \   000098   7421         MOV     A,#0x21
   \   00009A   12....       LCALL   ?XSTACK_DISP0_8
   \   00009D   8582..       MOV     ?V0 + 0,DPL
   \   0000A0   8583..       MOV     ?V0 + 1,DPH
   \   0000A3   78..         MOV     R0,#?V0 + 0
   \   0000A5   12....       LCALL   ?PUSH_XSTACK_I_TWO
   \   0000A8   78..         MOV     R0,#?V0 + 4
   \   0000AA   12....       LCALL   ?PUSH_XSTACK_I_TWO
   \   0000AD   85....       MOV     ?V0 + 0,?V0 + 7
   \   0000B0   75..00       MOV     ?V0 + 1,#0x0
   \   0000B3   78..         MOV     R0,#?V0 + 0
   \   0000B5   12....       LCALL   ?PUSH_XSTACK_I_TWO
   \   0000B8   78..         MOV     R0,#?V0 + 2
   \   0000BA   12....       LCALL   ?PUSH_XSTACK_I_TWO
   \   0000BD   A9..         MOV     R1,?V0 + 6
   \   0000BF   EE           MOV     A,R6
   \   0000C0   FC           MOV     R4,A
   \   0000C1   EF           MOV     A,R7
   \   0000C2   FD           MOV     R5,A
   \   0000C3   7409         MOV     A,#0x9
   \   0000C5   12....       LCALL   ?XSTACK_DISP0_8
   \   0000C8   AA82         MOV     R2,DPL
   \   0000CA   AB83         MOV     R3,DPH
   \   0000CC   12....       LCALL   ??AF_DataRequest?relay
   \   0000CF   7409         MOV     A,#0x9
   \   0000D1   12....       LCALL   ?DEALLOC_XSTACK8
   \   0000D4   E9           MOV     A,R1
   \   0000D5   FA           MOV     R2,A
    589          
    590            if (status != afStatus_SUCCESS)
   \   0000D6   600E         JZ      ??Sys_SendDataRequest_3
    591            {
    592              Sys_SendCback( SYSCB_DATA_CNF, status, handle );
   \   0000D8                ; Setup parameters for call to function Sys_SendCback
   \   0000D8   7420         MOV     A,#0x20
   \   0000DA   12....       LCALL   ?XSTACK_DISP0_8
   \   0000DD   E0           MOVX    A,@DPTR
   \   0000DE   FC           MOV     R4,A
   \   0000DF   7D00         MOV     R5,#0x0
   \   0000E1   79E0         MOV     R1,#-0x20
   \   0000E3   12....       LCALL   ??Sys_SendCback?relay
    593            }
    594          }
   \                     ??Sys_SendDataRequest_3:
   \   0000E6   740C         MOV     A,#0xc
   \   0000E8   12....       LCALL   ?DEALLOC_XSTACK8
   \   0000EB   7F08         MOV     R7,#0x8
   \   0000ED   02....       LJMP    ?BANKED_LEAVE_XDATA
    595          
    596          /*********************************************************************
    597           * CBack FUNCTIONS
    598           */
    599          
    600          /*********************************************************************
    601           * @fn      SAPI_SendCback
    602           *
    603           * @brief   Sends a message to the sapi task ( itself ) so that a
    604           *           callback can be generated later.
    605           *
    606           * @return  none
    607           */

   \                                 In  segment BANKED_CODE, align 1, keep-with-next
    608          void Sys_SendCback( uint8 event, uint8 status, uint16 data )
   \                     Sys_SendCback:
    609          {
   \   000000   74F4         MOV     A,#-0xc
   \   000002   12....       LCALL   ?BANKED_ENTER_XDATA
   \   000005                ; Saved register size: 12
   \   000005                ; Auto size: 0
   \   000005   89..         MOV     ?V0 + 0,R1
   \   000007   8A..         MOV     ?V0 + 1,R2
   \   000009   EC           MOV     A,R4
   \   00000A   FE           MOV     R6,A
   \   00000B   ED           MOV     A,R5
   \   00000C   FF           MOV     R7,A
    610            sapi_CbackEvent_t *pMsg;
    611          
    612            pMsg = (sapi_CbackEvent_t *)osal_msg_allocate( sizeof(sapi_CbackEvent_t) );
   \   00000D                ; Setup parameters for call to function osal_msg_allocate
   \   00000D   7A04         MOV     R2,#0x4
   \   00000F   7B00         MOV     R3,#0x0
   \   000011   12....       LCALL   ??osal_msg_allocate?relay
    613            if( pMsg )
   \   000014   EA           MOV     A,R2
   \   000015   4B           ORL     A,R3
   \   000016   601E         JZ      ??Sys_SendCback_0
    614            {
    615              pMsg->hdr.event = event;
   \   000018   8A82         MOV     DPL,R2
   \   00001A   8B83         MOV     DPH,R3
   \   00001C   E5..         MOV     A,?V0 + 0
   \   00001E   F0           MOVX    @DPTR,A
    616              pMsg->hdr.status = status;
   \   00001F   A3           INC     DPTR
   \   000020   E5..         MOV     A,?V0 + 1
   \   000022   F0           MOVX    @DPTR,A
    617              pMsg->data = data;
   \   000023   8A82         MOV     DPL,R2
   \   000025   8B83         MOV     DPH,R3
   \   000027   A3           INC     DPTR
   \   000028   A3           INC     DPTR
   \   000029   EE           MOV     A,R6
   \   00002A   F0           MOVX    @DPTR,A
   \   00002B   A3           INC     DPTR
   \   00002C   EF           MOV     A,R7
   \   00002D   F0           MOVX    @DPTR,A
    618          
    619              osal_msg_send( Sys_TaskID, (uint8 *)pMsg );
   \   00002E                ; Setup parameters for call to function osal_msg_send
   \   00002E   90....       MOV     DPTR,#Sys_TaskID
   \   000031   E0           MOVX    A,@DPTR
   \   000032   F9           MOV     R1,A
   \   000033   12....       LCALL   ??osal_msg_send?relay
    620            }
    621          
    622          }
   \                     ??Sys_SendCback_0:
   \   000036   7F04         MOV     R7,#0x4
   \   000038   02....       LJMP    ?BANKED_LEAVE_XDATA
    623          
    624          /*********************************************************************
    625          *********************************************************************/
    626          /******************************************************************************
    627           * @fn          zb_StartConfirm
    628           *
    629           * @brief       The zb_StartConfirm callback is called by the ZigBee stack
    630           *              after a start request operation completes
    631           *
    632           * @param       status - The status of the start operation.  Status of
    633           *                       ZB_SUCCESS indicates the start operation completed
    634           *                       successfully.  Else the status is an error code.
    635           *
    636           * @return      none
    637           */

   \                                 In  segment BANKED_CODE, align 1, keep-with-next
    638          void zb_StartConfirm( uint8 status )
   \                     zb_StartConfirm:
    639          {
   \   000000   C082         PUSH    DPL
   \   000002   C083         PUSH    DPH
   \   000004                ; Saved register size: 2
   \   000004                ; Auto size: 0
    640            if ( status == ZB_SUCCESS )
   \   000004   E9           MOV     A,R1
   \   000005   7006         JNZ     ??zb_StartConfirm_0
    641            {
    642                  myAppState = APP_START;
   \   000007   90....       MOV     DPTR,#myAppState
   \   00000A   7401         MOV     A,#0x1
   \   00000C   F0           MOVX    @DPTR,A
    643            }
    644            else
    645            {
    646            }
    647          }
   \                     ??zb_StartConfirm_0:
   \   00000D                REQUIRE ?Subroutine1
   \   00000D                ; // Fall through to label ?Subroutine1
    648          
    649          /******************************************************************************
    650           * @fn          zb_FindDeviceConfirm
    651           *
    652           * @brief       The zb_FindDeviceConfirm callback function is called by the
    653           *              ZigBee stack when a find device operation completes.
    654           *
    655           * @param       searchType - The type of search that was performed.
    656           *              searchKey - Value that the search was executed on.
    657           *              result - The result of the search.
    658           *
    659           * @return      none
    660           */

   \                                 In  segment BANKED_CODE, align 1, keep-with-next
    661          void zb_FindDeviceConfirm( uint8 searchType, uint8 *searchKey, uint8 *result )
   \                     zb_FindDeviceConfirm:
    662          {
   \   000000                ; Saved register size: 0
   \   000000                ; Auto size: 0
    663          }
   \   000000   02....       LJMP    ?BRET
    664          

   \                                 In  segment BANKED_CODE, align 1, keep-with-next
    665          void zb_HandleOsalEvent( uint16 event )
   \                     zb_HandleOsalEvent:
    666          {
   \   000000                ; Saved register size: 0
   \   000000                ; Auto size: 0
    667          
    668          }
   \   000000   02....       LJMP    ?BRET
    669          /******************************************************************************
    670           * @fn          Sys_SendDataConfirm
    671           *
    672           * @brief       The zb_SendDataConfirm callback function is called by the
    673           *              ZigBee after a send data operation completes
    674           *
    675           * @param       handle - The handle identifying the data transmission.
    676           *              status - The status of the operation.
    677           *
    678           * @return      none
    679           */

   \                                 In  segment BANKED_CODE, align 1, keep-with-next
    680          void Sys_SendDataConfirm( uint8 handle, uint8 status )
   \                     Sys_SendDataConfirm:
    681          {
   \   000000                ; Saved register size: 0
   \   000000                ; Auto size: 0
    682          }
   \   000000   02....       LJMP    ?BRET
    683          // The order in this table must be identical to the task initialization calls below in osalInitTask.
    684          

   \                                 In  segment XDATA_I, align 1, keep-with-next
    685          const pTaskEventHandlerFn tasksArr[] = {
   \                     tasksArr:
   \   000000                DS 20
   \   000014                REQUIRE `?<Initializer for tasksArr>`
   \   000014                REQUIRE __INIT_XDATA_I
    686            macEventLoop,
    687            nwk_event_loop,
    688            Hal_ProcessEvent,
    689          #if defined( MT_TASK )
    690            MT_ProcessEvent,
    691          #endif
    692            APS_event_loop,
    693            ZDApp_event_loop,
    694          
    695            Sys_ProcessEvent,
    696            Key_ProcessEvent,
    697            Motor_ProcessEvent,
    698            Switch_ProcessEvent,
    699            SAPI_ProcessEvent
    700          };
    701          

   \                                 In  segment XDATA_I, align 1, keep-with-next
    702          const uint8 tasksCnt = sizeof( tasksArr ) / sizeof( tasksArr[0] );
   \                     tasksCnt:
   \   000000                DS 1
   \   000001                REQUIRE `?<Initializer for tasksCnt>`
   \   000001                REQUIRE __INIT_XDATA_I

   \                                 In  segment XDATA_Z, align 1, keep-with-next
    703          uint16 *tasksEvents;
   \                     tasksEvents:
   \   000000                DS 2
   \   000002                REQUIRE __INIT_XDATA_Z
    704          
    705          
    706          
    707          /*********************************************************************
    708           * @fn      osalInitTasks
    709           *
    710           * @brief   This function invokes the initialization function for each task.
    711           *
    712           * @param   void
    713           *
    714           * @return  none
    715           */

   \                                 In  segment BANKED_CODE, align 1, keep-with-next
    716          void osalInitTasks( void )
   \                     osalInitTasks:
    717          {
   \   000000   C082         PUSH    DPL
   \   000002   C083         PUSH    DPH
   \   000004                ; Saved register size: 2
   \   000004                ; Auto size: 0
    718            uint8 taskID = 0;
    719          
    720            tasksEvents = (uint16 *)osal_mem_alloc( sizeof( uint16 ) * tasksCnt);
   \   000004                ; Setup parameters for call to function osal_mem_alloc
   \   000004   7A14         MOV     R2,#0x14
   \   000006   7B00         MOV     R3,#0x0
   \   000008   12....       LCALL   ??osal_mem_alloc?relay
   \   00000B   90....       MOV     DPTR,#tasksEvents
   \   00000E   EA           MOV     A,R2
   \   00000F   F0           MOVX    @DPTR,A
   \   000010   A3           INC     DPTR
   \   000011   EB           MOV     A,R3
   \   000012   F0           MOVX    @DPTR,A
    721            osal_memset( tasksEvents, 0, (sizeof( uint16 ) * tasksCnt));
   \   000013                ; Setup parameters for call to function osal_memset
   \   000013   7C14         MOV     R4,#0x14
   \   000015   7D00         MOV     R5,#0x0
   \   000017   7900         MOV     R1,#0x0
   \   000019   12....       LCALL   ??osal_memset?relay
    722          
    723            macTaskInit( taskID++ );
   \   00001C                ; Setup parameters for call to function macTaskInit
   \   00001C   7900         MOV     R1,#0x0
   \   00001E   12....       LCALL   ??macTaskInit?relay
    724            nwk_init( taskID++ );
   \   000021                ; Setup parameters for call to function nwk_init
   \   000021   7901         MOV     R1,#0x1
   \   000023   12....       LCALL   ??nwk_init?relay
    725            Hal_Init( taskID++ );
   \   000026                ; Setup parameters for call to function Hal_Init
   \   000026   7902         MOV     R1,#0x2
   \   000028   12....       LCALL   ??Hal_Init?relay
    726          #if defined( MT_TASK )
    727            MT_TaskInit( taskID++ );
    728          #endif
    729            APS_Init( taskID++ );
   \   00002B                ; Setup parameters for call to function APS_Init
   \   00002B   7903         MOV     R1,#0x3
   \   00002D   12....       LCALL   ??APS_Init?relay
    730            ZDApp_Init( taskID++ );
   \   000030                ; Setup parameters for call to function ZDApp_Init
   \   000030   7904         MOV     R1,#0x4
   \   000032   12....       LCALL   ??ZDApp_Init?relay
    731            Sys_Init( taskID++ );
   \   000035                ; Setup parameters for call to function Sys_Init
   \   000035   7905         MOV     R1,#0x5
   \   000037   12....       LCALL   ??Sys_Init?relay
    732            Key_Init( taskID++ );
   \   00003A                ; Setup parameters for call to function Key_Init
   \   00003A   7906         MOV     R1,#0x6
   \   00003C   12....       LCALL   ??Key_Init?relay
    733            Motor_Init( taskID++ );
   \   00003F                ; Setup parameters for call to function Motor_Init
   \   00003F   7907         MOV     R1,#0x7
   \   000041   12....       LCALL   ??Motor_Init?relay
    734            Switch_Init( taskID++ );
   \   000044                ; Setup parameters for call to function Switch_Init
   \   000044   7908         MOV     R1,#0x8
   \   000046   12....       LCALL   ??Switch_Init?relay
    735            SAPI_Init( taskID );
   \   000049                ; Setup parameters for call to function SAPI_Init
   \   000049   7909         MOV     R1,#0x9
   \   00004B   12....       LCALL   ??SAPI_Init?relay
    736          }
   \   00004E   80..         SJMP    ?Subroutine1

   \                                 In  segment XDATA_ID, align 1, keep-with-next
   \                     `?<Initializer for <Constant "bind">>`:
   \   000000   62696E64     DB "bind"
   \            00      

   \                                 In  segment XDATA_ID, align 1, keep-with-next
   \                     `?<Initializer for AppTitle>`:
   \   000000   53656E73     DB "SensorAPP"
   \            6F724150
   \            5000    

   \                                 In  segment XDATA_ID, align 1, keep-with-next
   \                     `?<Initializer for Sys_ClusterList>`:
   \   000000   0100         DW 1

   \                                 In  segment XDATA_ID, align 1, keep-with-next
   \                     `?<Initializer for Zb_ClusterList>`:
   \   000000   0200         DW 2

   \                                 In  segment XDATA_ID, align 1, keep-with-next
   \                     `?<Initializer for Sys_SimpleDesc>`:
   \   000000   02           DB 2
   \   000001   040F         DW 3844
   \   000003   0100         DW 1
   \   000005   00           DB 0
   \   000006   01           DB 1
   \   000007   ....         DW Sys_ClusterList
   \   000009   01           DB 1
   \   00000A   ....         DW Sys_ClusterList

   \                                 In  segment XDATA_ID, align 1, keep-with-next
   \                     `?<Initializer for zb_SimpleDesc>`:
   \   000000   03           DB 3
   \   000001   040F         DW 3844
   \   000003   0100         DW 1
   \   000005   00           DB 0
   \   000006   01           DB 1
   \   000007   ....         DW Zb_ClusterList
   \   000009   01           DB 1
   \   00000A   ....         DW Zb_ClusterList

   \                                 In  segment XDATA_ID, align 1, keep-with-next
   \                     `?<Initializer for tasksArr>`:
   \   000000   ....         DW ??macEventLoop?relay
   \   000002   ....         DW ??nwk_event_loop?relay
   \   000004   ....         DW ??Hal_ProcessEvent?relay
   \   000006   ....         DW ??APS_event_loop?relay
   \   000008   ....         DW ??ZDApp_event_loop?relay
   \   00000A   ....         DW ??Sys_ProcessEvent?relay
   \   00000C   ....         DW ??Key_ProcessEvent?relay
   \   00000E   ....         DW ??Motor_ProcessEvent?relay
   \   000010   ....         DW ??Switch_ProcessEvent?relay
   \   000012   ....         DW ??SAPI_ProcessEvent?relay

   \                                 In  segment XDATA_ID, align 1, keep-with-next
   \                     `?<Initializer for tasksCnt>`:
   \   000000   0A           DB 10

   \                                 In  segment BANK_RELAYS, align 1
   \                     ??Sys_Init?relay:
   \   000000   12....       LCALL   ?BDISPATCH
   \   000003   ......       DC24    Sys_Init

   \                                 In  segment BANK_RELAYS, align 1
   \                     ??Sys_ProcessEvent?relay:
   \   000000   12....       LCALL   ?BDISPATCH
   \   000003   ......       DC24    Sys_ProcessEvent

   \                                 In  segment BANK_RELAYS, align 1
   \                     ??Type2EP?relay:
   \   000000   12....       LCALL   ?BDISPATCH
   \   000003   ......       DC24    Type2EP

   \                                 In  segment BANK_RELAYS, align 1
   \                     ??Sys_MessageMSGCB?relay:
   \   000000   12....       LCALL   ?BDISPATCH
   \   000003   ......       DC24    Sys_MessageMSGCB

   \                                 In  segment BANK_RELAYS, align 1
   \                     ??Sys_AllowBind?relay:
   \   000000   12....       LCALL   ?BDISPATCH
   \   000003   ......       DC24    Sys_AllowBind

   \                                 In  segment BANK_RELAYS, align 1
   \                     ??Sys_AllowBindConfirm?relay:
   \   000000   12....       LCALL   ?BDISPATCH
   \   000003   ......       DC24    Sys_AllowBindConfirm

   \                                 In  segment BANK_RELAYS, align 1
   \                     ??Sys_SendDataRequest?relay:
   \   000000   12....       LCALL   ?BDISPATCH
   \   000003   ......       DC24    Sys_SendDataRequest

   \                                 In  segment BANK_RELAYS, align 1
   \                     ??Sys_SendCback?relay:
   \   000000   12....       LCALL   ?BDISPATCH
   \   000003   ......       DC24    Sys_SendCback

   \                                 In  segment BANK_RELAYS, align 1
   \                     ??zb_StartConfirm?relay:
   \   000000   12....       LCALL   ?BDISPATCH
   \   000003   ......       DC24    zb_StartConfirm

   \                                 In  segment BANK_RELAYS, align 1
   \                     ??zb_FindDeviceConfirm?relay:
   \   000000   12....       LCALL   ?BDISPATCH
   \   000003   ......       DC24    zb_FindDeviceConfirm

   \                                 In  segment BANK_RELAYS, align 1
   \                     ??zb_HandleOsalEvent?relay:
   \   000000   12....       LCALL   ?BDISPATCH
   \   000003   ......       DC24    zb_HandleOsalEvent

   \                                 In  segment BANK_RELAYS, align 1
   \                     ??Sys_SendDataConfirm?relay:
   \   000000   12....       LCALL   ?BDISPATCH
   \   000003   ......       DC24    Sys_SendDataConfirm

   \                                 In  segment BANK_RELAYS, align 1
   \                     ??osalInitTasks?relay:
   \   000000   12....       LCALL   ?BDISPATCH
   \   000003   ......       DC24    osalInitTasks

   \                                 In  segment XDATA_I, align 1, keep-with-next
   \                     `?<Constant "bind">`:
   \   000000                DS 5
   \   000005                REQUIRE `?<Initializer for <Constant "bind">>`
   \   000005                REQUIRE __INIT_XDATA_I

   Maximum stack usage in bytes:

     Function                     ISTACK PSTACK XSTACK
     --------                     ------ ------ ------
     Sys_AllowBind                    0      0      9
       -> afSetMatch                  0      0     18
       -> afSetMatch                  0      0     18
       -> HalLedSet                   0      0     18
     Sys_AllowBindConfirm             2      0      0
       -> HalLedSet                   4      0      0
       -> osal_start_timerEx          4      0      0
     Sys_Init                         0      0      9
       -> afRegister                  0      0     18
       -> HalLedSet                   0      0     18
       -> HalLedSet                   0      0     18
       -> HalLedSet                   0      0     18
     Sys_MessageMSGCB                 0      0     32
       -> osal_memcpy                 0      0     36
       -> osal_memcmp                 0      0     36
       -> Type2EP                     0      0     30
       -> HalLedSet                   0      0     30
       -> osal_start_timerEx          0      0     30
     Sys_ProcessEvent                 0      0     14
       -> osal_msg_receive            0      0     28
       -> osal_msg_deallocate         0      0     28
       -> osal_msg_receive            0      0     28
       -> Sys_MessageMSGCB            0      0     28
       -> HalLedSet                   0      0     28
       -> HalLedSet                   0      0     28
       -> HalLedSet                   0      0     28
       -> HalLedSet                   0      0     28
     Sys_SendCback                    1      0     40
       -> osal_msg_allocate           0      0     24
       -> osal_msg_send               0      0     24
     Sys_SendDataConfirm              0      0      0
     Sys_SendDataRequest              1      0     44
       -> NLME_IsAddressBroadcast     0      0     56
       -> AF_DataRequest              0      0     74
       -> Sys_SendCback               0      0     56
     Type2EP                          2      0     15
     osalInitTasks                    2      0      0
       -> osal_mem_alloc              4      0      0
       -> osal_memset                 4      0      0
       -> macTaskInit                 4      0      0
       -> nwk_init                    4      0      0
       -> Hal_Init                    4      0      0
       -> APS_Init                    4      0      0
       -> ZDApp_Init                  4      0      0
       -> Sys_Init                    4      0      0
       -> Key_Init                    4      0      0
       -> Motor_Init                  4      0      0
       -> Switch_Init                 4      0      0
       -> SAPI_Init                   4      0      0
     zb_FindDeviceConfirm             0      0      0
     zb_HandleOsalEvent               0      0      0
     zb_StartConfirm                  2      0      0


   Segment part sizes:

     Function/Label                       Bytes
     --------------                       -----
     sysSeqNumber                            1
     AppTitle                               10
     Sys_ClusterList                         2
     Zb_ClusterList                          2
     Sys_SimpleDesc                         12
     zb_SimpleDesc                          12
     Sys_epDesc                              6
     myAppState                              1
     keys_shift                              1
     type_join                               1
     Sys_TaskID                              1
     Sys_NwkState                            1
     Sys_TransID                             1
     Sys_Init                               50
     ?Subroutine0                            5
     ?Subroutine3                           22
     Sys_ProcessEvent                      125
     Type2EP                                62
     ?Subroutine1                            7
     Sys_MessageMSGCB                      153
     ?Subroutine4                           12
     ?Subroutine2                           22
     Sys_AllowBind                          46
     Sys_AllowBindConfirm                   16
     Sys_SendDataRequest                   240
     Sys_SendCback                          59
     zb_StartConfirm                        13
     zb_FindDeviceConfirm                    3
     zb_HandleOsalEvent                      3
     Sys_SendDataConfirm                     3
     tasksArr                               20
     tasksCnt                                1
     tasksEvents                             2
     osalInitTasks                          80
     ?<Initializer for <Constant "bind">>    5
     ?<Initializer for AppTitle>            10
     ?<Initializer for Sys_ClusterList>      2
     ?<Initializer for Zb_ClusterList>       2
     ?<Initializer for Sys_SimpleDesc>      12
     ?<Initializer for zb_SimpleDesc>       12
     ?<Initializer for tasksArr>            20
     ?<Initializer for tasksCnt>             1
     ??Sys_Init?relay                        6
     ??Sys_ProcessEvent?relay                6
     ??Type2EP?relay                         6
     ??Sys_MessageMSGCB?relay                6
     ??Sys_AllowBind?relay                   6
     ??Sys_AllowBindConfirm?relay            6
     ??Sys_SendDataRequest?relay             6
     ??Sys_SendCback?relay                   6
     ??zb_StartConfirm?relay                 6
     ??zb_FindDeviceConfirm?relay            6
     ??zb_HandleOsalEvent?relay              6
     ??Sys_SendDataConfirm?relay             6
     ??osalInitTasks?relay                   6
     ?<Constant "bind">                      5

 
 921 bytes in segment BANKED_CODE
  78 bytes in segment BANK_RELAYS
  64 bytes in segment XDATA_I
  64 bytes in segment XDATA_ID
  15 bytes in segment XDATA_Z
 
 1 063 bytes of CODE  memory
    79 bytes of XDATA memory

Errors: none
Warnings: none
