###############################################################################
#                                                                             #
# IAR C/C++ Compiler V8.10.3.10338/W32 for 8051         11/Apr/2018  15:58:13 #
# Copyright 2004-2011 IAR Systems AB.                                         #
#                                                                             #
#    Core               =  plain                                              #
#    Code model         =  banked                                             #
#    Data model         =  large                                              #
#    Calling convention =  xdata reentrant                                    #
#    Constant location  =  data_rom                                           #
#    Dptr setup         =  1,16                                               #
#    Source file        =  D:\ProgramData\Hardware\zigbee\Projects\zstack\Sam #
#                          ples\SensorSys\Source\Bluetooth.c                  #
#    Command line       =  -f D:\ProgramData\Hardware\zigbee\Projects\zstack\ #
#                          Samples\SensorSys\CC2530DB\..\..\..\Tools\CC2530DB #
#                          \f8wCoord.cfg (-DCPU32MHZ -DROOT=__near_func       #
#                          -DMAC_CFG_APP_PENDING_QUEUE=TRUE                   #
#                          -DMAC_CFG_TX_DATA_MAX=5 -DMAC_CFG_TX_MAX=8         #
#                          -DMAC_CFG_RX_MAX=5 -DZDO_COORDINATOR -DRTR_NWK)    #
#                          -f D:\ProgramData\Hardware\zigbee\Projects\zstack\ #
#                          Samples\SensorSys\CC2530DB\..\..\..\Tools\CC2530DB #
#                          \f8wConfig.cfg (-DZIGBEEPRO -DSECURE=0             #
#                          -DZG_SECURE_DYNAMIC=0 -DREFLECTOR                  #
#                          -DDEFAULT_CHANLIST=0x00000800                      #
#                          -DZDAPP_CONFIG_PAN_ID=0xFFF1                       #
#                          -DNWK_START_DELAY=100 -DEXTENDED_JOINING_RANDOM_MA #
#                          SK=0x007F -DBEACON_REQUEST_DELAY=100               #
#                          -DBEACON_REQ_DELAY_MASK=0x00FF                     #
#                          -DLINK_STATUS_JITTER_MASK=0x007F                   #
#                          -DROUTE_EXPIRY_TIME=30 -DAPSC_ACK_WAIT_DURATION_PO #
#                          LLED=3000 -DNWK_INDIRECT_MSG_TIMEOUT=7             #
#                          -DMAX_RREQ_ENTRIES=8 -DAPSC_MAX_FRAME_RETRIES=3    #
#                          -DNWK_MAX_DATA_RETRIES=2                           #
#                          -DMAX_POLL_FAILURE_RETRIES=2 -DMAX_BCAST=9         #
#                          -DAPS_MAX_GROUPS=16 -DMAX_RTG_ENTRIES=40           #
#                          -DNWK_MAX_BINDING_ENTRIES=4                        #
#                          -DMAX_BINDING_CLUSTER_IDS=4 "-DDEFAULT_KEY={0x01,  #
#                          0x03, 0x05, 0x07, 0x09, 0x0B, 0x0D, 0x0F, 0x00,    #
#                          0x02, 0x04, 0x06, 0x08, 0x0A, 0x0C, 0x0D}"         #
#                          -DMAC_MAX_FRAME_SIZE=116                           #
#                          -DZDNWKMGR_MIN_TRANSMISSIONS=20 "-DCONST=const     #
#                          __code" -DGENERIC=__generic                        #
#                          -DRFD_RCVC_ALWAYS_ON=TRUE -DPOLL_RATE=1000         #
#                          -DQUEUED_POLL_RATE=100 -DRESPONSE_POLL_RATE=100)   #
#                          -DREJOIN_POLL_RATE=440 D:\ProgramData\Hardware\zig #
#                          bee\Projects\zstack\Samples\SensorSys\Source\Bluet #
#                          ooth.c -D HOLD_AUTO_START -D BUILD_ALL_DEVICES -D  #
#                          REFLECTOR -D NV_INIT -D COOR -D xNV_RESTORE -D     #
#                          ZTOOL_P1 -D xMT_TASK -D xMT_SYS_FUNC -D            #
#                          xMT_SAPI_FUNC -D xMT_SAPI_CB_FUNC -lC              #
#                          D:\ProgramData\Hardware\zigbee\Projects\zstack\Sam #
#                          ples\SensorSys\CC2530DB\CoordinatorEB\List\ -lA    #
#                          D:\ProgramData\Hardware\zigbee\Projects\zstack\Sam #
#                          ples\SensorSys\CC2530DB\CoordinatorEB\List\        #
#                          --diag_suppress Pe001,Pa010 -o                     #
#                          D:\ProgramData\Hardware\zigbee\Projects\zstack\Sam #
#                          ples\SensorSys\CC2530DB\CoordinatorEB\Obj\ -e      #
#                          --no_code_motion --debug --core=plain --dptr=16,1  #
#                          --data_model=large --code_model=banked             #
#                          --calling_convention=xdata_reentrant               #
#                          --place_constants=data_rom --nr_virtual_regs 16    #
#                          -I D:\ProgramData\Hardware\zigbee\Projects\zstack\ #
#                          Samples\SensorSys\CC2530DB\ -I                     #
#                          D:\ProgramData\Hardware\zigbee\Projects\zstack\Sam #
#                          ples\SensorSys\CC2530DB\..\Source\ -I              #
#                          D:\ProgramData\Hardware\zigbee\Projects\zstack\Sam #
#                          ples\SensorSys\CC2530DB\..\..\..\ZMain\TI2530DB\   #
#                          -I D:\ProgramData\Hardware\zigbee\Projects\zstack\ #
#                          Samples\SensorSys\CC2530DB\..\..\..\..\..\Componen #
#                          ts\hal\include\ -I D:\ProgramData\Hardware\zigbee\ #
#                          Projects\zstack\Samples\SensorSys\CC2530DB\..\..\. #
#                          .\..\..\Components\hal\target\CC2530EB\ -I         #
#                          D:\ProgramData\Hardware\zigbee\Projects\zstack\Sam #
#                          ples\SensorSys\CC2530DB\..\..\..\..\..\Components\ #
#                          mac\include\ -I D:\ProgramData\Hardware\zigbee\Pro #
#                          jects\zstack\Samples\SensorSys\CC2530DB\..\..\..\. #
#                          .\..\Components\mac\high_level\ -I                 #
#                          D:\ProgramData\Hardware\zigbee\Projects\zstack\Sam #
#                          ples\SensorSys\CC2530DB\..\..\..\..\..\Components\ #
#                          mac\low_level\srf04\ -I D:\ProgramData\Hardware\zi #
#                          gbee\Projects\zstack\Samples\SensorSys\CC2530DB\.. #
#                          \..\..\..\..\Components\mac\low_level\srf04\single #
#                          _chip\ -I D:\ProgramData\Hardware\zigbee\Projects\ #
#                          zstack\Samples\SensorSys\CC2530DB\..\..\..\..\..\C #
#                          omponents\mt\ -I D:\ProgramData\Hardware\zigbee\Pr #
#                          ojects\zstack\Samples\SensorSys\CC2530DB\..\..\..\ #
#                          ..\..\Components\osal\include\ -I                  #
#                          D:\ProgramData\Hardware\zigbee\Projects\zstack\Sam #
#                          ples\SensorSys\CC2530DB\..\..\..\..\..\Components\ #
#                          services\saddr\ -I D:\ProgramData\Hardware\zigbee\ #
#                          Projects\zstack\Samples\SensorSys\CC2530DB\..\..\. #
#                          .\..\..\Components\services\sdata\ -I              #
#                          D:\ProgramData\Hardware\zigbee\Projects\zstack\Sam #
#                          ples\SensorSys\CC2530DB\..\..\..\..\..\Components\ #
#                          stack\af\ -I D:\ProgramData\Hardware\zigbee\Projec #
#                          ts\zstack\Samples\SensorSys\CC2530DB\..\..\..\..\. #
#                          .\Components\stack\nwk\ -I                         #
#                          D:\ProgramData\Hardware\zigbee\Projects\zstack\Sam #
#                          ples\SensorSys\CC2530DB\..\..\..\..\..\Components\ #
#                          stack\sapi\ -I D:\ProgramData\Hardware\zigbee\Proj #
#                          ects\zstack\Samples\SensorSys\CC2530DB\..\..\..\.. #
#                          \..\Components\stack\sec\ -I                       #
#                          D:\ProgramData\Hardware\zigbee\Projects\zstack\Sam #
#                          ples\SensorSys\CC2530DB\..\..\..\..\..\Components\ #
#                          stack\sys\ -I D:\ProgramData\Hardware\zigbee\Proje #
#                          cts\zstack\Samples\SensorSys\CC2530DB\..\..\..\..\ #
#                          ..\Components\stack\zdo\ -I                        #
#                          D:\ProgramData\Hardware\zigbee\Projects\zstack\Sam #
#                          ples\SensorSys\CC2530DB\..\..\..\..\..\Components\ #
#                          zmac\ -I D:\ProgramData\Hardware\zigbee\Projects\z #
#                          stack\Samples\SensorSys\CC2530DB\..\..\..\..\..\Co #
#                          mponents\zmac\f8w\ -Ohz --require_prototypes       #
#    List file          =  D:\ProgramData\Hardware\zigbee\Projects\zstack\Sam #
#                          ples\SensorSys\CC2530DB\CoordinatorEB\List\Bluetoo #
#                          th.lst                                             #
#    Object file        =  D:\ProgramData\Hardware\zigbee\Projects\zstack\Sam #
#                          ples\SensorSys\CC2530DB\CoordinatorEB\Obj\Bluetoot #
#                          h.r51                                              #
#                                                                             #
#                                                                             #
###############################################################################

D:\ProgramData\Hardware\zigbee\Projects\zstack\Samples\SensorSys\Source\Bluetooth.c
      1          /*********************************************************************
      2           * INCLUDES
      3           */
      4          #include "AF.h"
      5          #include "ZDObject.h"
      6          #include "ZDProfile.h"
      7          #include "stdlib.h"
      8          
      9          #include "SensorSys_Coor.h"
     10          #include "device.h"
     11          #include "Bluetooth.h"
     12          #include "DebugTrace.h"
     13          
     14          #if !defined( WIN32 )
     15            #include "OnBoard.h"
     16          #endif
     17          
     18          /* HAL */
     19          #include "hal_led.h"
     20          #include "hal_uart.h"
     21          #include "MT_UART.h"
     22          #include "MT_RPC.h"
     23          
     24          #include "nwk.h"
     25          
     26          #include "APS.h"
     27          #include "ZDApp.h"
     28          #include "OSAL.h"
     29          #include "OSAL_Tasks.h"
     30          #include "ZComDef.h"
     31          #include "hal_drivers.h"
     32          /*********************************************************************
     33           * MACROS
     34           */
     35          
     36          /*********************************************************************
     37           * CONSTANTS
     38           */
     39          
     40          /*********************************************************************
     41           * TYPEDEFS
     42           */
     43          
     44          /*********************************************************************
     45           * GLOBAL VARIABLES
     46           */

   \                                 In  segment XDATA_Z, align 1, keep-with-next
     47          uint8 uartbuf[20];
   \                     uartbuf:
   \   000000                DS 20
   \   000014                REQUIRE __INIT_XDATA_Z
     48          /*********************************************************************
     49           * LOCAL VARIABLES
     50           */
     51          
     52          /*********************************************************************
     53           * MT_UART need to configure: 
     54           * baudrate: MT_UART_DEFAULT_BAUDRATE   9600
     55           * flow control: MT_UART_DEFAULT_FLOW   FALSE
     56           * which IO to use: in option complier preprocessor add: ZTOOL_P1
     57           * INT_HEAP_LEN -> 2072
     58          
     59           * CallBack Function is in MT_UART.c -> void MT_UartProcessZToolData ( uint8 port, uint8 event )
     60           */

   \                                 In  segment BANKED_CODE, align 1, keep-with-next
     61          void BluetoothInit(byte task_id)
   \                     BluetoothInit:
     62          {
   \   000000   74F7         MOV     A,#-0x9
   \   000002   12....       LCALL   ?BANKED_ENTER_XDATA
   \   000005                ; Saved register size: 9
   \   000005                ; Auto size: 0
   \   000005   E9           MOV     A,R1
   \   000006   FE           MOV     R6,A
     63            
     64            MT_UartInit();
   \   000007                ; Setup parameters for call to function MT_UartInit
   \   000007   12....       LCALL   ??MT_UartInit?relay
     65            MT_UartRegisterTaskID(task_id);
   \   00000A                ; Setup parameters for call to function MT_UartRegisterTaskID
   \   00000A   EE           MOV     A,R6
   \   00000B   F9           MOV     R1,A
   \   00000C   12....       LCALL   ??MT_UartRegisterTaskID?relay
     66          
     67          }
   \   00000F   7F01         MOV     R7,#0x1
   \   000011   02....       LJMP    ?BANKED_LEAVE_XDATA
     68          

   \                                 In  segment BANKED_CODE, align 1, keep-with-next
     69          void Bluetooth_Handle(byte *msg)
   \                     Bluetooth_Handle:
     70          {
   \   000000   74F2         MOV     A,#-0xe
   \   000002   12....       LCALL   ?BANKED_ENTER_XDATA
   \   000005                ; Saved register size: 14
   \   000005                ; Auto size: 0
   \   000005   EA           MOV     A,R2
   \   000006   FE           MOV     R6,A
   \   000007   EB           MOV     A,R3
   \   000008   FF           MOV     R7,A
     71              if( msg[MT_RPC_POS_CMD0] == BT_CMD_BIND )
   \   000009   8E82         MOV     DPL,R6
   \   00000B   8F83         MOV     DPH,R7
   \   00000D   A3           INC     DPTR
   \   00000E   E0           MOVX    A,@DPTR
   \   00000F   700E         JNZ     ??Bluetooth_Handle_0
     72              {
     73                 Sys_SendPreBindMessage(msg[MT_RPC_POS_CMD1]);
   \   000011                ; Setup parameters for call to function Sys_SendPreBindMessage
   \   000011   8E82         MOV     DPL,R6
   \   000013   8F83         MOV     DPH,R7
   \   000015   A3           INC     DPTR
   \   000016   A3           INC     DPTR
   \   000017   E0           MOVX    A,@DPTR
   \   000018   F9           MOV     R1,A
   \   000019   12....       LCALL   ??Sys_SendPreBindMessage?relay
   \   00001C   02....       LJMP    ??Bluetooth_Handle_1 & 0xFFFF
     74              }
     75              else if( msg[MT_RPC_POS_CMD0] == BT_CMD_TOGGLE )
   \                     ??Bluetooth_Handle_0:
   \   00001F   6405         XRL     A,#0x5
   \   000021   8E82         MOV     DPL,R6
   \   000023   8F83         MOV     DPH,R7
   \   000025   A3           INC     DPTR
   \   000026   A3           INC     DPTR
   \   000027   704E         JNZ     ??Bluetooth_Handle_2
     76              {
     77                 if(msg[MT_RPC_POS_CMD1] != KEY_TYPE_ID)
   \   000029   E0           MOVX    A,@DPTR
   \   00002A   6401         XRL     A,#0x1
   \   00002C   6003         JZ      $+5
   \   00002E   02....       LJMP    ??Bluetooth_Handle_1 & 0xFFFF
     78                 {
     79                   // return error
     80                   return;
     81                 }
     82                 byte *data_p = NULL;
     83                 uint8 len_t = msg[MT_RPC_POS_LEN];
   \   000031   8E82         MOV     DPL,R6
   \   000033   8F83         MOV     DPH,R7
   \   000035   E0           MOVX    A,@DPTR
   \   000036   F5..         MOV     ?V0 + 4,A
     84                 data_p = (byte *)osal_mem_alloc(sizeof(byte) * len_t);
   \   000038                ; Setup parameters for call to function osal_mem_alloc
   \   000038   12....       LCALL   ?Subroutine3 & 0xFFFF
     85                 for(uint8 i = 0; i<len_t; i++)
   \                     ??CrossCallReturnLabel_10:
   \   00003B   800D         SJMP    ??Bluetooth_Handle_3
     86                 {
     87                      data_p[i] = msg[MT_RPC_FRAME_HDR_SZ+i];
   \                     ??Bluetooth_Handle_4:
   \   00003D   12....       LCALL   ?Subroutine1 & 0xFFFF
     88                 }
   \                     ??CrossCallReturnLabel_4:
   \   000040   E0           MOVX    A,@DPTR
   \   000041   C0E0         PUSH    A
   \   000043   12....       LCALL   ?Subroutine4 & 0xFFFF
   \                     ??CrossCallReturnLabel_12:
   \   000046   D0E0         POP     A
   \   000048   F0           MOVX    @DPTR,A
   \   000049   0A           INC     R2
   \                     ??Bluetooth_Handle_3:
   \   00004A   EA           MOV     A,R2
   \   00004B   C3           CLR     C
   \   00004C   95..         SUBB    A,?V0 + 4
   \   00004E   40ED         JC      ??Bluetooth_Handle_4
     89                 Sys_SendDataRequest( 0xFFFE, &Key_epDesc[0], msg[MT_RPC_POS_CMD0], len_t,
     90                                     data_p, sysSeqNumber, 0, 0 );   // 端点默认第一个，无所谓
   \   000050                ; Setup parameters for call to function Sys_SendDataRequest
   \   000050   75..00       MOV     ?V0 + 2,#0x0
   \   000053   78..         MOV     R0,#?V0 + 2
   \   000055   12....       LCALL   ?PUSH_XSTACK_I_ONE
   \   000058   78..         MOV     R0,#?V0 + 2
   \   00005A   12....       LCALL   ?PUSH_XSTACK_I_ONE
   \   00005D   12....       LCALL   ?Subroutine2 & 0xFFFF
     91                 osal_mem_free(data_p);
     92              }
   \                     ??CrossCallReturnLabel_6:
   \   000060   12....       LCALL   ?PUSH_XSTACK_I_ONE
   \   000063   78..         MOV     R0,#?V0 + 0
   \   000065   12....       LCALL   ?PUSH_XSTACK_I_TWO
   \   000068   12....       LCALL   ?Subroutine0 & 0xFFFF
   \                     ??CrossCallReturnLabel_0:
   \   00006B   12....       LCALL   ?PUSH_XSTACK_I_TWO
   \   00006E   A9..         MOV     R1,?V0 + 4
   \   000070   7C..         MOV     R4,#Key_epDesc & 0xff
   \   000072   7D..         MOV     R5,#(Key_epDesc >> 8) & 0xff
   \   000074   02....       LJMP    ??Bluetooth_Handle_5 & 0xFFFF
   \   000077                ; Setup parameters for call to function osal_mem_free
     93              else
     94              {
     95                 // CMDs
     96                 byte dev_num;           
     97                 dev_num = msg[MT_RPC_FRAME_HDR_SZ];
   \                     ??Bluetooth_Handle_2:
   \   000077   A3           INC     DPTR
   \   000078   E0           MOVX    A,@DPTR
   \   000079   F5..         MOV     ?V0 + 4,A
     98                 
     99                 // DATAs
    100                 byte *data_p = NULL;
    101                 uint8 len_t = msg[MT_RPC_POS_LEN]-1;
   \   00007B   8E82         MOV     DPL,R6
   \   00007D   8F83         MOV     DPH,R7
   \   00007F   E0           MOVX    A,@DPTR
   \   000080   14           DEC     A
   \   000081   F5..         MOV     ?V0 + 5,A
    102                 data_p = (byte *)osal_mem_alloc(sizeof(byte) * len_t);
   \   000083                ; Setup parameters for call to function osal_mem_alloc
   \   000083   12....       LCALL   ?Subroutine3 & 0xFFFF
    103                 for(uint8 i = 0; i<len_t; i++)
   \                     ??CrossCallReturnLabel_11:
   \   000086   800E         SJMP    ??Bluetooth_Handle_6
    104                 {
    105                      data_p[i] = msg[MT_RPC_FRAME_HDR_SZ+i+1];
   \                     ??Bluetooth_Handle_7:
   \   000088   12....       LCALL   ?Subroutine1 & 0xFFFF
    106                 }
   \                     ??CrossCallReturnLabel_5:
   \   00008B   A3           INC     DPTR
   \   00008C   E0           MOVX    A,@DPTR
   \   00008D   C0E0         PUSH    A
   \   00008F   12....       LCALL   ?Subroutine4 & 0xFFFF
   \                     ??CrossCallReturnLabel_13:
   \   000092   D0E0         POP     A
   \   000094   F0           MOVX    @DPTR,A
   \   000095   0A           INC     R2
   \                     ??Bluetooth_Handle_6:
   \   000096   EA           MOV     A,R2
   \   000097   C3           CLR     C
   \   000098   95..         SUBB    A,?V0 + 5
   \   00009A   40EC         JC      ??Bluetooth_Handle_7
    107                 switch(msg[MT_RPC_POS_CMD1])
   \   00009C   8E82         MOV     DPL,R6
   \   00009E   8F83         MOV     DPH,R7
   \   0000A0   A3           INC     DPTR
   \   0000A1   A3           INC     DPTR
   \   0000A2   E0           MOVX    A,@DPTR
   \   0000A3   14           DEC     A
   \   0000A4   600A         JZ      ??Bluetooth_Handle_8
   \   0000A6   14           DEC     A
   \   0000A7   6038         JZ      ??Bluetooth_Handle_9
   \   0000A9   24FE         ADD     A,#-0x2
   \   0000AB   6065         JZ      ??Bluetooth_Handle_10
   \   0000AD   02....       LJMP    ??Bluetooth_Handle_11 & 0xFFFF
    108                 {
    109                     case KEY_TYPE_ID:
    110                       Sys_SendDataRequest( 0xFFFE, &Key_epDesc[dev_num], msg[MT_RPC_POS_CMD0], len_t,
    111                                     data_p, sysSeqNumber, 0, 0 );
   \                     ??Bluetooth_Handle_8:
   \   0000B0                ; Setup parameters for call to function Sys_SendDataRequest
   \   0000B0   75..00       MOV     ?V0 + 2,#0x0
   \   0000B3   78..         MOV     R0,#?V0 + 2
   \   0000B5   12....       LCALL   ?PUSH_XSTACK_I_ONE
   \   0000B8   78..         MOV     R0,#?V0 + 2
   \   0000BA   12....       LCALL   ?PUSH_XSTACK_I_ONE
   \   0000BD   12....       LCALL   ?Subroutine2 & 0xFFFF
   \                     ??CrossCallReturnLabel_7:
   \   0000C0   12....       LCALL   ?PUSH_XSTACK_I_ONE
   \   0000C3   78..         MOV     R0,#?V0 + 0
   \   0000C5   12....       LCALL   ?PUSH_XSTACK_I_TWO
   \   0000C8   12....       LCALL   ?Subroutine0 & 0xFFFF
   \                     ??CrossCallReturnLabel_1:
   \   0000CB   12....       LCALL   ?PUSH_XSTACK_I_TWO
   \   0000CE   A9..         MOV     R1,?V0 + 5
   \   0000D0   E5..         MOV     A,?V0 + 4
   \   0000D2   75F006       MOV     B,#0x6
   \   0000D5   A4           MUL     AB
   \   0000D6   FA           MOV     R2,A
   \   0000D7   ABF0         MOV     R3,B
   \   0000D9   74..         MOV     A,#Key_epDesc & 0xff
   \   0000DB   2A           ADD     A,R2
   \   0000DC   FC           MOV     R4,A
   \   0000DD   74..         MOV     A,#(Key_epDesc >> 8) & 0xff
   \   0000DF   8060         SJMP    ??Bluetooth_Handle_12
    112                       break;
    113                       
    114                     case MOTOR_TYPE_ID:
    115                       Sys_SendDataRequest( 0xFFFE, &Motor_epDesc[dev_num], msg[MT_RPC_POS_CMD0], len_t,
    116                                     data_p, sysSeqNumber, 0, 0 );
   \                     ??Bluetooth_Handle_9:
   \   0000E1                ; Setup parameters for call to function Sys_SendDataRequest
   \   0000E1   75..00       MOV     ?V0 + 2,#0x0
   \   0000E4   78..         MOV     R0,#?V0 + 2
   \   0000E6   12....       LCALL   ?PUSH_XSTACK_I_ONE
   \   0000E9   78..         MOV     R0,#?V0 + 2
   \   0000EB   12....       LCALL   ?PUSH_XSTACK_I_ONE
   \   0000EE   12....       LCALL   ?Subroutine2 & 0xFFFF
   \                     ??CrossCallReturnLabel_8:
   \   0000F1   12....       LCALL   ?PUSH_XSTACK_I_ONE
   \   0000F4   78..         MOV     R0,#?V0 + 0
   \   0000F6   12....       LCALL   ?PUSH_XSTACK_I_TWO
   \   0000F9   12....       LCALL   ?Subroutine0 & 0xFFFF
   \                     ??CrossCallReturnLabel_2:
   \   0000FC   12....       LCALL   ?PUSH_XSTACK_I_TWO
   \   0000FF   A9..         MOV     R1,?V0 + 5
   \   000101   E5..         MOV     A,?V0 + 4
   \   000103   75F006       MOV     B,#0x6
   \   000106   A4           MUL     AB
   \   000107   FA           MOV     R2,A
   \   000108   ABF0         MOV     R3,B
   \   00010A   74..         MOV     A,#Motor_epDesc & 0xff
   \   00010C   2A           ADD     A,R2
   \   00010D   FC           MOV     R4,A
   \   00010E   74..         MOV     A,#(Motor_epDesc >> 8) & 0xff
   \   000110   802F         SJMP    ??Bluetooth_Handle_12
    117                       break;
    118                       
    119                     case SWITCH_TYPE_ID:
    120                       Sys_SendDataRequest( 0xFFFE, &Switch_epDesc[dev_num], msg[MT_RPC_POS_CMD0], len_t,
    121                                     data_p, sysSeqNumber, 0, 0 );
   \                     ??Bluetooth_Handle_10:
   \   000112                ; Setup parameters for call to function Sys_SendDataRequest
   \   000112   75..00       MOV     ?V0 + 2,#0x0
   \   000115   78..         MOV     R0,#?V0 + 2
   \   000117   12....       LCALL   ?PUSH_XSTACK_I_ONE
   \   00011A   78..         MOV     R0,#?V0 + 2
   \   00011C   12....       LCALL   ?PUSH_XSTACK_I_ONE
   \   00011F   12....       LCALL   ?Subroutine2 & 0xFFFF
   \                     ??CrossCallReturnLabel_9:
   \   000122   12....       LCALL   ?PUSH_XSTACK_I_ONE
   \   000125   78..         MOV     R0,#?V0 + 0
   \   000127   12....       LCALL   ?PUSH_XSTACK_I_TWO
   \   00012A   12....       LCALL   ?Subroutine0 & 0xFFFF
   \                     ??CrossCallReturnLabel_3:
   \   00012D   12....       LCALL   ?PUSH_XSTACK_I_TWO
   \   000130   A9..         MOV     R1,?V0 + 5
   \   000132   E5..         MOV     A,?V0 + 4
   \   000134   75F006       MOV     B,#0x6
   \   000137   A4           MUL     AB
   \   000138   FA           MOV     R2,A
   \   000139   ABF0         MOV     R3,B
   \   00013B   74..         MOV     A,#Switch_epDesc & 0xff
   \   00013D   2A           ADD     A,R2
   \   00013E   FC           MOV     R4,A
   \   00013F   74..         MOV     A,#(Switch_epDesc >> 8) & 0xff
   \                     ??Bluetooth_Handle_12:
   \   000141   3B           ADDC    A,R3
   \   000142   FD           MOV     R5,A
   \                     ??Bluetooth_Handle_5:
   \   000143   7AFE         MOV     R2,#-0x2
   \   000145   7BFF         MOV     R3,#-0x1
   \   000147   12....       LCALL   ??Sys_SendDataRequest?relay
   \   00014A   7407         MOV     A,#0x7
   \   00014C   12....       LCALL   ?DEALLOC_XSTACK8
    122                       break;
    123                 }
    124                 osal_mem_free(data_p);
   \                     ??Bluetooth_Handle_11:
   \   00014F                ; Setup parameters for call to function osal_mem_free
   \   00014F   AA..         MOV     R2,?V0 + 0
   \   000151   AB..         MOV     R3,?V0 + 1
   \   000153   12....       LCALL   ??osal_mem_free?relay
   \                     ??Bluetooth_Handle_1:
   \   000156   7F06         MOV     R7,#0x6
   \   000158   02....       LJMP    ?BANKED_LEAVE_XDATA
    125              }
    126          }

   \                                 In  segment BANKED_CODE, align 1, keep-with-next
   \                     ?Subroutine4:
   \   000000   E5..         MOV     A,?V0 + 0
   \   000002   28           ADD     A,R0
   \   000003   F582         MOV     DPL,A
   \   000005   EB           MOV     A,R3
   \   000006   3400         ADDC    A,#0x0
   \   000008   F583         MOV     DPH,A
   \   00000A   22           RET

   \                                 In  segment BANKED_CODE, align 1, keep-with-next
   \                     ?Subroutine3:
   \   000000   FA           MOV     R2,A
   \   000001   7B00         MOV     R3,#0x0
   \   000003   12....       LCALL   ??osal_mem_alloc?relay
   \   000006   8A..         MOV     ?V0 + 0,R2
   \   000008   8B..         MOV     ?V0 + 1,R3
   \   00000A   7A00         MOV     R2,#0x0
   \   00000C   22           RET

   \                                 In  segment BANKED_CODE, align 1, keep-with-next
   \                     ?Subroutine2:
   \   000000   90....       MOV     DPTR,#sysSeqNumber
   \   000003   E0           MOVX    A,@DPTR
   \   000004   F5..         MOV     ?V0 + 2,A
   \   000006   78..         MOV     R0,#?V0 + 2
   \   000008   22           RET

   \                                 In  segment BANKED_CODE, align 1, keep-with-next
   \                     ?Subroutine1:
   \   000000   8A82         MOV     DPL,R2
   \   000002   A882         MOV     R0,DPL
   \   000004   EE           MOV     A,R6
   \   000005   28           ADD     A,R0
   \   000006   F582         MOV     DPL,A
   \   000008   EF           MOV     A,R7
   \   000009   3400         ADDC    A,#0x0
   \   00000B   F583         MOV     DPH,A
   \   00000D   A3           INC     DPTR
   \   00000E   A3           INC     DPTR
   \   00000F   A3           INC     DPTR
   \   000010   22           RET

   \                                 In  segment BANKED_CODE, align 1, keep-with-next
   \                     ?Subroutine0:
   \   000000   8E82         MOV     DPL,R6
   \   000002   8F83         MOV     DPH,R7
   \   000004   A3           INC     DPTR
   \   000005   E0           MOVX    A,@DPTR
   \   000006   F5..         MOV     ?V0 + 2,A
   \   000008   75..00       MOV     ?V0 + 3,#0x0
   \   00000B   78..         MOV     R0,#?V0 + 2
   \   00000D   22           RET

   \                                 In  segment BANK_RELAYS, align 1
   \                     ??BluetoothInit?relay:
   \   000000   12....       LCALL   ?BDISPATCH
   \   000003   ......       DC24    BluetoothInit

   \                                 In  segment BANK_RELAYS, align 1
   \                     ??Bluetooth_Handle?relay:
   \   000000   12....       LCALL   ?BDISPATCH
   \   000003   ......       DC24    Bluetooth_Handle

   Maximum stack usage in bytes:

     Function                    ISTACK PSTACK XSTACK
     --------                    ------ ------ ------
     BluetoothInit                   0      0      9
       -> MT_UartInit                0      0     18
       -> MT_UartRegisterTaskID      0      0     18
     Bluetooth_Handle                1      0     21
       -> Sys_SendPreBindMessage     0      0     28
       -> osal_mem_alloc             0      0     28
       -> Sys_SendDataRequest        0      0     42
       -> osal_mem_free              0      0     28
       -> osal_mem_alloc             0      0     28
       -> Sys_SendDataRequest        0      0     42
       -> Sys_SendDataRequest        0      0     42
       -> Sys_SendDataRequest        0      0     42
       -> osal_mem_free              0      0     28


   Segment part sizes:

     Function/Label           Bytes
     --------------           -----
     uartbuf                    20
     BluetoothInit              20
     Bluetooth_Handle          347
     ?Subroutine4               11
     ?Subroutine3               13
     ?Subroutine2                9
     ?Subroutine1               17
     ?Subroutine0               14
     ??BluetoothInit?relay       6
     ??Bluetooth_Handle?relay    6

 
 431 bytes in segment BANKED_CODE
  12 bytes in segment BANK_RELAYS
  20 bytes in segment XDATA_Z
 
 443 bytes of CODE  memory
  20 bytes of XDATA memory

Errors: none
Warnings: none
