###############################################################################
#                                                                             #
# IAR C/C++ Compiler V8.10.3.10338/W32 for 8051         11/Apr/2018  16:00:19 #
# Copyright 2004-2011 IAR Systems AB.                                         #
#                                                                             #
#    Core               =  plain                                              #
#    Code model         =  banked                                             #
#    Data model         =  large                                              #
#    Calling convention =  xdata reentrant                                    #
#    Constant location  =  data_rom                                           #
#    Dptr setup         =  1,16                                               #
#    Source file        =  D:\ProgramData\Hardware\zigbee\Projects\zstack\Sam #
#                          ples\SensorSys\Source\Key_Coor.c                   #
#    Command line       =  -f D:\ProgramData\Hardware\zigbee\Projects\zstack\ #
#                          Samples\SensorSys\CC2530DB\..\..\..\Tools\CC2530DB #
#                          \f8wCoord.cfg (-DCPU32MHZ -DROOT=__near_func       #
#                          -DMAC_CFG_APP_PENDING_QUEUE=TRUE                   #
#                          -DMAC_CFG_TX_DATA_MAX=5 -DMAC_CFG_TX_MAX=8         #
#                          -DMAC_CFG_RX_MAX=5 -DZDO_COORDINATOR -DRTR_NWK)    #
#                          -f D:\ProgramData\Hardware\zigbee\Projects\zstack\ #
#                          Samples\SensorSys\CC2530DB\..\..\..\Tools\CC2530DB #
#                          \f8wConfig.cfg (-DZIGBEEPRO -DSECURE=0             #
#                          -DZG_SECURE_DYNAMIC=0 -DREFLECTOR                  #
#                          -DDEFAULT_CHANLIST=0x00000800                      #
#                          -DZDAPP_CONFIG_PAN_ID=0xFFF1                       #
#                          -DNWK_START_DELAY=100 -DEXTENDED_JOINING_RANDOM_MA #
#                          SK=0x007F -DBEACON_REQUEST_DELAY=100               #
#                          -DBEACON_REQ_DELAY_MASK=0x00FF                     #
#                          -DLINK_STATUS_JITTER_MASK=0x007F                   #
#                          -DROUTE_EXPIRY_TIME=30 -DAPSC_ACK_WAIT_DURATION_PO #
#                          LLED=3000 -DNWK_INDIRECT_MSG_TIMEOUT=7             #
#                          -DMAX_RREQ_ENTRIES=8 -DAPSC_MAX_FRAME_RETRIES=3    #
#                          -DNWK_MAX_DATA_RETRIES=2                           #
#                          -DMAX_POLL_FAILURE_RETRIES=2 -DMAX_BCAST=9         #
#                          -DAPS_MAX_GROUPS=16 -DMAX_RTG_ENTRIES=40           #
#                          -DNWK_MAX_BINDING_ENTRIES=4                        #
#                          -DMAX_BINDING_CLUSTER_IDS=4 "-DDEFAULT_KEY={0x01,  #
#                          0x03, 0x05, 0x07, 0x09, 0x0B, 0x0D, 0x0F, 0x00,    #
#                          0x02, 0x04, 0x06, 0x08, 0x0A, 0x0C, 0x0D}"         #
#                          -DMAC_MAX_FRAME_SIZE=116                           #
#                          -DZDNWKMGR_MIN_TRANSMISSIONS=20 "-DCONST=const     #
#                          __code" -DGENERIC=__generic                        #
#                          -DRFD_RCVC_ALWAYS_ON=TRUE -DPOLL_RATE=1000         #
#                          -DQUEUED_POLL_RATE=100 -DRESPONSE_POLL_RATE=100)   #
#                          -DREJOIN_POLL_RATE=440 D:\ProgramData\Hardware\zig #
#                          bee\Projects\zstack\Samples\SensorSys\Source\Key_C #
#                          oor.c -D HOLD_AUTO_START -D BUILD_ALL_DEVICES -D   #
#                          REFLECTOR -D NV_INIT -D COOR -D xNV_RESTORE -D     #
#                          ZTOOL_P1 -D xMT_TASK -D xMT_SYS_FUNC -D            #
#                          xMT_SAPI_FUNC -D xMT_SAPI_CB_FUNC -lC              #
#                          D:\ProgramData\Hardware\zigbee\Projects\zstack\Sam #
#                          ples\SensorSys\CC2530DB\CoordinatorEB\List\ -lA    #
#                          D:\ProgramData\Hardware\zigbee\Projects\zstack\Sam #
#                          ples\SensorSys\CC2530DB\CoordinatorEB\List\        #
#                          --diag_suppress Pe001,Pa010 -o                     #
#                          D:\ProgramData\Hardware\zigbee\Projects\zstack\Sam #
#                          ples\SensorSys\CC2530DB\CoordinatorEB\Obj\ -e      #
#                          --no_code_motion --debug --core=plain --dptr=16,1  #
#                          --data_model=large --code_model=banked             #
#                          --calling_convention=xdata_reentrant               #
#                          --place_constants=data_rom --nr_virtual_regs 16    #
#                          -I D:\ProgramData\Hardware\zigbee\Projects\zstack\ #
#                          Samples\SensorSys\CC2530DB\ -I                     #
#                          D:\ProgramData\Hardware\zigbee\Projects\zstack\Sam #
#                          ples\SensorSys\CC2530DB\..\Source\ -I              #
#                          D:\ProgramData\Hardware\zigbee\Projects\zstack\Sam #
#                          ples\SensorSys\CC2530DB\..\..\..\ZMain\TI2530DB\   #
#                          -I D:\ProgramData\Hardware\zigbee\Projects\zstack\ #
#                          Samples\SensorSys\CC2530DB\..\..\..\..\..\Componen #
#                          ts\hal\include\ -I D:\ProgramData\Hardware\zigbee\ #
#                          Projects\zstack\Samples\SensorSys\CC2530DB\..\..\. #
#                          .\..\..\Components\hal\target\CC2530EB\ -I         #
#                          D:\ProgramData\Hardware\zigbee\Projects\zstack\Sam #
#                          ples\SensorSys\CC2530DB\..\..\..\..\..\Components\ #
#                          mac\include\ -I D:\ProgramData\Hardware\zigbee\Pro #
#                          jects\zstack\Samples\SensorSys\CC2530DB\..\..\..\. #
#                          .\..\Components\mac\high_level\ -I                 #
#                          D:\ProgramData\Hardware\zigbee\Projects\zstack\Sam #
#                          ples\SensorSys\CC2530DB\..\..\..\..\..\Components\ #
#                          mac\low_level\srf04\ -I D:\ProgramData\Hardware\zi #
#                          gbee\Projects\zstack\Samples\SensorSys\CC2530DB\.. #
#                          \..\..\..\..\Components\mac\low_level\srf04\single #
#                          _chip\ -I D:\ProgramData\Hardware\zigbee\Projects\ #
#                          zstack\Samples\SensorSys\CC2530DB\..\..\..\..\..\C #
#                          omponents\mt\ -I D:\ProgramData\Hardware\zigbee\Pr #
#                          ojects\zstack\Samples\SensorSys\CC2530DB\..\..\..\ #
#                          ..\..\Components\osal\include\ -I                  #
#                          D:\ProgramData\Hardware\zigbee\Projects\zstack\Sam #
#                          ples\SensorSys\CC2530DB\..\..\..\..\..\Components\ #
#                          services\saddr\ -I D:\ProgramData\Hardware\zigbee\ #
#                          Projects\zstack\Samples\SensorSys\CC2530DB\..\..\. #
#                          .\..\..\Components\services\sdata\ -I              #
#                          D:\ProgramData\Hardware\zigbee\Projects\zstack\Sam #
#                          ples\SensorSys\CC2530DB\..\..\..\..\..\Components\ #
#                          stack\af\ -I D:\ProgramData\Hardware\zigbee\Projec #
#                          ts\zstack\Samples\SensorSys\CC2530DB\..\..\..\..\. #
#                          .\Components\stack\nwk\ -I                         #
#                          D:\ProgramData\Hardware\zigbee\Projects\zstack\Sam #
#                          ples\SensorSys\CC2530DB\..\..\..\..\..\Components\ #
#                          stack\sapi\ -I D:\ProgramData\Hardware\zigbee\Proj #
#                          ects\zstack\Samples\SensorSys\CC2530DB\..\..\..\.. #
#                          \..\Components\stack\sec\ -I                       #
#                          D:\ProgramData\Hardware\zigbee\Projects\zstack\Sam #
#                          ples\SensorSys\CC2530DB\..\..\..\..\..\Components\ #
#                          stack\sys\ -I D:\ProgramData\Hardware\zigbee\Proje #
#                          cts\zstack\Samples\SensorSys\CC2530DB\..\..\..\..\ #
#                          ..\Components\stack\zdo\ -I                        #
#                          D:\ProgramData\Hardware\zigbee\Projects\zstack\Sam #
#                          ples\SensorSys\CC2530DB\..\..\..\..\..\Components\ #
#                          zmac\ -I D:\ProgramData\Hardware\zigbee\Projects\z #
#                          stack\Samples\SensorSys\CC2530DB\..\..\..\..\..\Co #
#                          mponents\zmac\f8w\ -Ohz --require_prototypes       #
#    List file          =  D:\ProgramData\Hardware\zigbee\Projects\zstack\Sam #
#                          ples\SensorSys\CC2530DB\CoordinatorEB\List\Key_Coo #
#                          r.lst                                              #
#    Object file        =  D:\ProgramData\Hardware\zigbee\Projects\zstack\Sam #
#                          ples\SensorSys\CC2530DB\CoordinatorEB\Obj\Key_Coor #
#                          .r51                                               #
#                                                                             #
#                                                                             #
###############################################################################

D:\ProgramData\Hardware\zigbee\Projects\zstack\Samples\SensorSys\Source\Key_Coor.c
      1          /*********************************************************************
      2           * INCLUDES
      3           */
      4          #include "OSAL.h"
      5          #include "AF.h"
      6          #include "ZDApp.h"
      7          #include "ZDObject.h"
      8          #include "ZDProfile.h"
      9          #include "sapi.h"
     10          
     11          #include "SensorSys_Coor.h"
     12          #include "device.h"
     13          #include "DebugTrace.h"
     14          
     15          #if !defined( WIN32 )
     16            #include "OnBoard.h"
     17          #endif
     18          
     19          /* HAL */
     20          #include "hal_led.h"
     21          #include "hal_key.h"
     22          #include "hal_uart.h"
     23          
     24          /*********************************************************************
     25           * MACROS
     26           */
     27          
     28          /*********************************************************************
     29           * CONSTANTS
     30           */
     31          
     32          /*********************************************************************
     33           * TYPEDEFS
     34           */
     35          
     36          /*********************************************************************
     37           * GLOBAL VARIABLES
     38           */

   \                                 In  segment XDATA_Z, align 1, keep-with-next
     39          byte Key_TaskID;
   \                     Key_TaskID:
   \   000000                DS 1
   \   000001                REQUIRE __INIT_XDATA_Z

   \                                 In  segment XDATA_Z, align 1, keep-with-next
     40          uint8 keyCnt;
   \                     keyCnt:
   \   000000                DS 1
   \   000001                REQUIRE __INIT_XDATA_Z
     41          
     42          // Key 端点的簇ID
     43          // This list should be filled with Application specific Cluster IDs.

   \                                 In  segment XDATA_I, align 1, keep-with-next
     44          cId_t Key_ClusterList[KEY_MAX_CLUSTERS] =
   \                     Key_ClusterList:
   \   000000                DS 8
   \   000008                REQUIRE `?<Initializer for Key_ClusterList>`
   \   000008                REQUIRE __INIT_XDATA_I
     45          {
     46            PORT_INIT_CLUSTER,
     47              OPERATE_CLUSTER,
     48              DELETE_CLUSTER
     49          };
     50          
     51          // Key 端点简单描述符

   \                                 In  segment XDATA_I, align 1, keep-with-next
     52          SimpleDescriptionFormat_t Key_SimpleDesc[KEY_NUM_MAX] =
   \                     Key_SimpleDesc:
   \   000000                DS 600
   \   000258                REQUIRE `?<Initializer for Key_SimpleDesc>`
   \   000258                REQUIRE __INIT_XDATA_I
     53          {
     54          	KEY_ENDPOINT,           //  int Endpoint;
     55          	SYS_PROFID,                //  uint16 AppProfId[2];
     56          	SYS_DEVICEID,              //  uint16 AppDeviceId[2];
     57          	SYS_DEVICE_VERSION,        //  int   AppDevVer:4;
     58          	SYS_FLAGS,                 //  int   AppFlags:4;
     59          	KEY_MAX_CLUSTERS,          //  byte  AppNumInClusters;
     60          	(cId_t *)Key_ClusterList,  //  byte *pAppInClusterList;
     61          	KEY_MAX_CLUSTERS,          //  byte  AppNumInClusters;
     62          	(cId_t *)Key_ClusterList   //  byte *pAppInClusterList;
     63          };
     64          

   \                                 In  segment XDATA_Z, align 1, keep-with-next
     65          endPointDesc_t Key_epDesc[KEY_NUM_MAX];
   \                     Key_epDesc:
   \   000000                DS 300
   \   00012C                REQUIRE __INIT_XDATA_Z
     66          
     67          /*********************************************************************
     68           * EXTERNAL VARIABLES
     69           */
     70          extern uint8 myAppState;
     71          /*********************************************************************
     72           * EXTERNAL FUNCTIONS
     73           */
     74          
     75          /*********************************************************************
     76           * LOCAL VARIABLES
     77           */
     78          

   \                                 In  segment XDATA_Z, align 1, keep-with-next
     79          afAddrType_t Key_DstAddr;
   \                     Key_DstAddr:
   \   000000                DS 12
   \   00000C                REQUIRE __INIT_XDATA_Z

   \                                 In  segment XDATA_Z, align 1, keep-with-next
     80          uint16 key_bindInProgress;
   \                     key_bindInProgress:
   \   000000                DS 2
   \   000002                REQUIRE __INIT_XDATA_Z
     81          
     82          
     83          /*********************************************************************
     84           * LOCAL FUNCTIONS
     85           */
     86          void Key_Init( byte task_id );
     87          void Key_ProcessZDOMsgs( zdoIncomingMsg_t *inMsg );
     88          void Key_HandleKeys( byte shift, byte keys );
     89          
     90          void Key_BindDevice ( uint8 create, uint8 endpoint, uint16 *commandId, uint8 *pDestination );
     91          
     92          static void Key_ReceiveDataIndication( uint16 source, uint8 endPoint, uint16 command, uint16 len, uint8 *pData  );
     93          static void SAPI_BindConfirm( uint16 commandId, uint8 status );
     94          /*********************************************************************
     95           * @fn      Key_Init
     96           *
     97           * @brief   Initialization function for the Generic App Task.
     98           *          This is called during initialization and should contain
     99           *          any application specific initialization (ie. hardware
    100           *          initialization/setup, table initialization, power up
    101           *          notificaiton ... ).
    102           *
    103           * @param   task_id - the ID assigned by OSAL.  This ID should be
    104           *                    used to send messages and set timers.
    105           *
    106           * @return  none
    107           */

   \                                 In  segment BANKED_CODE, align 1, keep-with-next
    108          void Key_Init( byte task_id )
   \                     Key_Init:
    109          {
   \   000000   74F7         MOV     A,#-0x9
   \   000002   12....       LCALL   ?BANKED_ENTER_XDATA
   \   000005                ; Saved register size: 9
   \   000005                ; Auto size: 0
   \   000005   E9           MOV     A,R1
    110            char i;
    111            Key_TaskID = task_id;
   \   000006   90....       MOV     DPTR,#Key_TaskID
   \   000009   F0           MOVX    @DPTR,A
    112            keyCnt = 0;
   \   00000A   90....       MOV     DPTR,#keyCnt
   \   00000D   E4           CLR     A
   \   00000E   F0           MOVX    @DPTR,A
    113            
    114            // Device hardware initialization can be added here or in main() (Zmain.c).
    115            // If the hardware is application specific - add it here.
    116            // If the hardware is other parts of the device add it in main().
    117          
    118            Key_DstAddr.addrMode = (afAddrMode_t)AddrNotPresent;
   \   00000F   90....       MOV     DPTR,#Key_DstAddr + 8
   \   000012   F0           MOVX    @DPTR,A
    119            Key_DstAddr.endPoint = 0;
   \   000013   A3           INC     DPTR
   \   000014   F0           MOVX    @DPTR,A
    120            Key_DstAddr.addr.shortAddr = 0;
   \   000015   90....       MOV     DPTR,#Key_DstAddr
   \   000018   F0           MOVX    @DPTR,A
   \   000019   A3           INC     DPTR
   \   00001A   F0           MOVX    @DPTR,A
    121          
    122              for( i=0; i<KEY_NUM_MAX; i++)
   \   00001B   FF           MOV     R7,A
    123              {
    124                  // Fill out the endpoint description.
    125                  Key_epDesc[i].endPoint = KEY_ENDPOINT+i;
   \                     ??Key_Init_0:
   \   00001C   8F82         MOV     DPL,R7
   \   00001E   A882         MOV     R0,DPL
   \   000020   E8           MOV     A,R0
   \   000021   75F006       MOV     B,#0x6
   \   000024   A4           MUL     AB
   \   000025   FA           MOV     R2,A
   \   000026   ABF0         MOV     R3,B
   \   000028   74..         MOV     A,#Key_epDesc & 0xff
   \   00002A   2A           ADD     A,R2
   \   00002B   FA           MOV     R2,A
   \   00002C   74..         MOV     A,#(Key_epDesc >> 8) & 0xff
   \   00002E   3B           ADDC    A,R3
   \   00002F   FB           MOV     R3,A
   \   000030   740A         MOV     A,#0xa
   \   000032   2F           ADD     A,R7
   \   000033   8A82         MOV     DPL,R2
   \   000035   8B83         MOV     DPH,R3
   \   000037   F0           MOVX    @DPTR,A
    126                  Key_epDesc[i].task_id = &Key_TaskID;
   \   000038   A3           INC     DPTR
   \   000039   74..         MOV     A,#Key_TaskID & 0xff
   \   00003B   F0           MOVX    @DPTR,A
   \   00003C   A3           INC     DPTR
   \   00003D   74..         MOV     A,#(Key_TaskID >> 8) & 0xff
   \   00003F   F0           MOVX    @DPTR,A
    127                  Key_SimpleDesc[i] = Key_SimpleDesc[0];
   \   000040   E8           MOV     A,R0
   \   000041   75F00C       MOV     B,#0xc
   \   000044   A4           MUL     AB
   \   000045   F8           MOV     R0,A
   \   000046   A9F0         MOV     R1,B
   \   000048   74..         MOV     A,#Key_SimpleDesc & 0xff
   \   00004A   28           ADD     A,R0
   \   00004B   F8           MOV     R0,A
   \   00004C   74..         MOV     A,#(Key_SimpleDesc >> 8) & 0xff
   \   00004E   39           ADDC    A,R1
   \   00004F   F9           MOV     R1,A
   \   000050   90....       MOV     DPTR,#Key_SimpleDesc
   \   000053   E8           MOV     A,R0
   \   000054   FC           MOV     R4,A
   \   000055   E9           MOV     A,R1
   \   000056   FD           MOV     R5,A
   \   000057   740C         MOV     A,#0xc
   \   000059   12....       LCALL   ?MOVE_LONG8_XDATA_XDATA
    128                  Key_epDesc[i].simpleDesc
    129                                                      = (SimpleDescriptionFormat_t *)&(Key_SimpleDesc[i]);
   \   00005C   8A82         MOV     DPL,R2
   \   00005E   8B83         MOV     DPH,R3
   \   000060   A3           INC     DPTR
   \   000061   A3           INC     DPTR
   \   000062   A3           INC     DPTR
   \   000063   E8           MOV     A,R0
   \   000064   F0           MOVX    @DPTR,A
   \   000065   A3           INC     DPTR
   \   000066   E9           MOV     A,R1
   \   000067   F0           MOVX    @DPTR,A
    130                  Key_SimpleDesc[i].EndPoint += i;
   \   000068   8882         MOV     DPL,R0
   \   00006A   8983         MOV     DPH,R1
   \   00006C   E0           MOVX    A,@DPTR
   \   00006D   2F           ADD     A,R7
   \   00006E   F0           MOVX    @DPTR,A
    131                  Key_epDesc[i].latencyReq = noLatencyReqs;
   \   00006F   8A82         MOV     DPL,R2
   \   000071   8B83         MOV     DPH,R3
   \   000073   A3           INC     DPTR
   \   000074   A3           INC     DPTR
   \   000075   A3           INC     DPTR
   \   000076   A3           INC     DPTR
   \   000077   A3           INC     DPTR
   \   000078   E4           CLR     A
   \   000079   F0           MOVX    @DPTR,A
    132                  
    133                  // Register the endpoint description with the AF
    134                  afRegister( &(Key_epDesc[i]) );
   \   00007A                ; Setup parameters for call to function afRegister
   \   00007A   12....       LCALL   ??afRegister?relay
    135              }
   \   00007D   0F           INC     R7
   \   00007E   EF           MOV     A,R7
   \   00007F   C3           CLR     C
   \   000080   9432         SUBB    A,#0x32
   \   000082   4098         JC      ??Key_Init_0
    136          
    137            key_bindInProgress = 0xffff;
   \   000084   90....       MOV     DPTR,#key_bindInProgress
   \   000087   74FF         MOV     A,#-0x1
   \   000089   F0           MOVX    @DPTR,A
   \   00008A   A3           INC     DPTR
   \   00008B   F0           MOVX    @DPTR,A
    138          
    139            // Register for all key events - This app will handle all key events
    140            RegisterForKeys( Key_TaskID );
   \   00008C                ; Setup parameters for call to function RegisterForKeys
   \   00008C   90....       MOV     DPTR,#Key_TaskID
   \   00008F   E0           MOVX    A,@DPTR
   \   000090   F9           MOV     R1,A
   \   000091   12....       LCALL   ??RegisterForKeys?relay
    141          
    142            // To Update the display...
    143            ZDO_RegisterForZDOMsg( Key_TaskID, Match_Desc_rsp );
   \   000094                ; Setup parameters for call to function ZDO_RegisterForZDOMsg
   \   000094   7A06         MOV     R2,#0x6
   \   000096   7B80         MOV     R3,#-0x80
   \   000098   90....       MOV     DPTR,#Key_TaskID
   \   00009B   E0           MOVX    A,@DPTR
   \   00009C   F9           MOV     R1,A
   \   00009D   12....       LCALL   ??ZDO_RegisterForZDOMsg?relay
    144          }
   \   0000A0   7F01         MOV     R7,#0x1
   \   0000A2   02....       LJMP    ?BANKED_LEAVE_XDATA
    145          
    146          /*********************************************************************
    147           * @fn      Key_ProcessEvent
    148           *
    149           * @brief   Generic Application Task event processor.  This function
    150           *          is called to process all events for the task.  Events
    151           *          include timers, messages and any other user defined events.
    152           *
    153           * @param   task_id  - The OSAL assigned task ID.
    154           * @param   events - events to process.  This is a bit map and can
    155           *                   contain more than one event.
    156           *
    157           * @return  none
    158           */

   \                                 In  segment BANKED_CODE, align 1, keep-with-next
    159          UINT16 Key_ProcessEvent( byte task_id, UINT16 events )
   \                     Key_ProcessEvent:
    160          {
   \   000000   74EA         MOV     A,#-0x16
   \   000002   12....       LCALL   ?BANKED_ENTER_XDATA
   \   000005                ; Saved register size: 22
   \   000005                ; Auto size: 0
   \   000005   EA           MOV     A,R2
   \   000006   FE           MOV     R6,A
   \   000007   EB           MOV     A,R3
   \   000008   FF           MOV     R7,A
    161            afIncomingMSGPacket_t *MSGpkt = NULL;
    162          
    163            (void)task_id;  // Intentionally unreferenced parameter
    164          
    165            if ( events & SYS_EVENT_MSG )
   \   000009   5480         ANL     A,#0x80
   \   00000B   7003         JNZ     $+5
   \   00000D   02....       LJMP    ??Key_ProcessEvent_0 & 0xFFFF
    166            {
    167              MSGpkt = (afIncomingMSGPacket_t *)osal_msg_receive( task_id );
   \   000010                ; Setup parameters for call to function osal_msg_receive
   \   000010   8065         SJMP    ??Key_ProcessEvent_1
    168              while ( MSGpkt )
    169              {
    170                switch ( MSGpkt->hdr.event )
    171                {
    172                  case ZDO_CB_MSG:  // 收到被绑定节点的rsp
    173                    Key_ProcessZDOMsgs( (zdoIncomingMsg_t *)MSGpkt);
    174                    break;
    175          
    176                  case KEY_CHANGE:
    177                    Key_HandleKeys( ((keyChange_t *)MSGpkt)->state, ((keyChange_t *)MSGpkt)->keys );
    178                    break;
    179                    
    180                  case AF_INCOMING_MSG_CMD:
    181                    Key_ReceiveDataIndication( MSGpkt->srcAddr.addr.shortAddr, MSGpkt->endPoint, MSGpkt->clusterId,
    182                                              MSGpkt->cmd.DataLength, MSGpkt->cmd.Data);
   \                     ??Key_ProcessEvent_2:
   \   000012   85..82       MOV     DPL,?V0 + 4
   \   000015   85..83       MOV     DPH,?V0 + 5
   \   000018   E0           MOVX    A,@DPTR
   \   000019   C0E0         PUSH    A
   \   00001B   E5..         MOV     A,?V0 + 2
   \   00001D   25..         ADD     A,?V0 + 12
   \   00001F   F582         MOV     DPL,A
   \   000021   EB           MOV     A,R3
   \   000022   3400         ADDC    A,#0x0
   \   000024   F583         MOV     DPH,A
   \   000026   D0E0         POP     A
   \   000028   F0           MOVX    @DPTR,A
   \   000029   0A           INC     R2
   \   00002A   85..82       MOV     DPL,?V0 + 4
   \   00002D   85..83       MOV     DPH,?V0 + 5
   \   000030   A3           INC     DPTR
   \   000031   8582..       MOV     ?V0 + 4,DPL
   \   000034   8583..       MOV     ?V0 + 5,DPH
   \                     ??Key_ProcessEvent_3:
   \   000037   8A..         MOV     ?V0 + 12,R2
   \   000039   E5..         MOV     A,?V0 + 6
   \   00003B   2401         ADD     A,#0x1
   \   00003D   F8           MOV     R0,A
   \   00003E   E5..         MOV     A,?V0 + 7
   \   000040   3400         ADDC    A,#0x0
   \   000042   F9           MOV     R1,A
   \   000043   C3           CLR     C
   \   000044   E5..         MOV     A,?V0 + 12
   \   000046   98           SUBB    A,R0
   \   000047   E4           CLR     A
   \   000048   99           SUBB    A,R1
   \   000049   40C7         JC      ??Key_ProcessEvent_2
   \   00004B   7402         MOV     A,#0x2
   \   00004D   65..         XRL     A,?V0 + 8
   \   00004F   7002         JNZ     ??Key_ProcessEvent_4
   \   000051   E5..         MOV     A,?V0 + 9
   \                     ??Key_ProcessEvent_4:
   \   000053   7016         JNZ     ??Key_ProcessEvent_5
   \   000055                ; Setup parameters for call to function HalUARTWrite
   \   000055                ; Setup parameters for call to function osal_strlen
   \   000055   AA..         MOV     R2,?V0 + 2
   \   000057   12....       LCALL   ??osal_strlen?relay
   \   00005A   EA           MOV     A,R2
   \   00005B   2401         ADD     A,#0x1
   \   00005D   FC           MOV     R4,A
   \   00005E   E4           CLR     A
   \   00005F   3400         ADDC    A,#0x0
   \   000061   FD           MOV     R5,A
   \   000062   AA..         MOV     R2,?V0 + 2
   \   000064   AB..         MOV     R3,?V0 + 3
   \   000066   7900         MOV     R1,#0x0
   \   000068   12....       LCALL   ??HalUARTWrite?relay
    183                    break;
    184                }
    185                // Release the memory
    186                osal_msg_deallocate( (uint8 *)MSGpkt );
   \                     ??Key_ProcessEvent_5:
   \   00006B                ; Setup parameters for call to function osal_msg_deallocate
   \   00006B   AA..         MOV     R2,?V0 + 0
   \   00006D   AB..         MOV     R3,?V0 + 1
   \   00006F   12....       LCALL   ??osal_msg_deallocate?relay
    187          
    188                // Next
    189                MSGpkt = (afIncomingMSGPacket_t *)osal_msg_receive( Key_TaskID );
   \   000072                ; Setup parameters for call to function osal_msg_receive
   \   000072   90....       MOV     DPTR,#Key_TaskID
   \   000075   E0           MOVX    A,@DPTR
   \   000076   F9           MOV     R1,A
   \                     ??Key_ProcessEvent_1:
   \   000077   12....       LCALL   ??osal_msg_receive?relay
   \   00007A   8A..         MOV     ?V0 + 0,R2
   \   00007C   8B..         MOV     ?V0 + 1,R3
   \   00007E   E5..         MOV     A,?V0 + 0
   \   000080   45..         ORL     A,?V0 + 1
   \   000082   7003         JNZ     $+5
   \   000084   02....       LJMP    ??Key_ProcessEvent_6 & 0xFFFF
   \   000087   85..82       MOV     DPL,?V0 + 0
   \   00008A   85..83       MOV     DPH,?V0 + 1
   \   00008D   E0           MOVX    A,@DPTR
   \   00008E   24E6         ADD     A,#-0x1a
   \   000090   6025         JZ      ??Key_ProcessEvent_7
   \   000092   245A         ADD     A,#0x5a
   \   000094   600D         JZ      ??Key_ProcessEvent_8
   \   000096   24ED         ADD     A,#-0x13
   \   000098   70D1         JNZ     ??Key_ProcessEvent_5
   \   00009A                ; Setup parameters for call to function Key_ProcessZDOMsgs
   \   00009A   AA..         MOV     R2,?V0 + 0
   \   00009C   AB..         MOV     R3,?V0 + 1
   \   00009E   12....       LCALL   ??Key_ProcessZDOMsgs?relay
   \   0000A1   80C8         SJMP    ??Key_ProcessEvent_5
   \                     ??Key_ProcessEvent_8:
   \   0000A3                ; Setup parameters for call to function Key_HandleKeys
   \   0000A3   A3           INC     DPTR
   \   0000A4   A3           INC     DPTR
   \   0000A5   A3           INC     DPTR
   \   0000A6   E0           MOVX    A,@DPTR
   \   0000A7   FA           MOV     R2,A
   \   0000A8   85..82       MOV     DPL,?V0 + 0
   \   0000AB   85..83       MOV     DPH,?V0 + 1
   \   0000AE   A3           INC     DPTR
   \   0000AF   A3           INC     DPTR
   \   0000B0   E0           MOVX    A,@DPTR
   \   0000B1   F9           MOV     R1,A
   \   0000B2   12....       LCALL   ??Key_HandleKeys?relay
   \   0000B5   80B4         SJMP    ??Key_ProcessEvent_5
   \                     ??Key_ProcessEvent_7:
   \   0000B7   E5..         MOV     A,?V0 + 0
   \   0000B9   2422         ADD     A,#0x22
   \   0000BB   12....       LCALL   ?Subroutine4 & 0xFFFF
    190              }
   \                     ??CrossCallReturnLabel_13:
   \   0000BE   F5..         MOV     ?V0 + 4,A
   \   0000C0   A3           INC     DPTR
   \   0000C1   E0           MOVX    A,@DPTR
   \   0000C2   F5..         MOV     ?V0 + 5,A
   \   0000C4   E5..         MOV     A,?V0 + 0
   \   0000C6   2420         ADD     A,#0x20
   \   0000C8   12....       LCALL   ?Subroutine4 & 0xFFFF
   \                     ??CrossCallReturnLabel_14:
   \   0000CB   F5..         MOV     ?V0 + 6,A
   \   0000CD   A3           INC     DPTR
   \   0000CE   E0           MOVX    A,@DPTR
   \   0000CF   F5..         MOV     ?V0 + 7,A
   \   0000D1   85..82       MOV     DPL,?V0 + 0
   \   0000D4   85..83       MOV     DPH,?V0 + 1
   \   0000D7   A3           INC     DPTR
   \   0000D8   A3           INC     DPTR
   \   0000D9   A3           INC     DPTR
   \   0000DA   A3           INC     DPTR
   \   0000DB   E0           MOVX    A,@DPTR
   \   0000DC   F5..         MOV     ?V0 + 8,A
   \   0000DE   A3           INC     DPTR
   \   0000DF   E0           MOVX    A,@DPTR
   \   0000E0   F5..         MOV     ?V0 + 9,A
   \   0000E2   E5..         MOV     A,?V0 + 0
   \   0000E4   2414         ADD     A,#0x14
   \   0000E6   12....       LCALL   ?Subroutine4 & 0xFFFF
   \                     ??CrossCallReturnLabel_15:
   \   0000E9   F5..         MOV     ?V0 + 11,A
   \   0000EB                ; Setup parameters for call to function osal_mem_alloc
   \   0000EB   E5..         MOV     A,?V0 + 6
   \   0000ED   2401         ADD     A,#0x1
   \   0000EF   FA           MOV     R2,A
   \   0000F0   E5..         MOV     A,?V0 + 7
   \   0000F2   3400         ADDC    A,#0x0
   \   0000F4   FB           MOV     R3,A
   \   0000F5   12....       LCALL   ??osal_mem_alloc?relay
   \   0000F8   8A..         MOV     ?V0 + 2,R2
   \   0000FA   8B..         MOV     ?V0 + 3,R3
   \   0000FC   74F6         MOV     A,#-0xa
   \   0000FE   25..         ADD     A,?V0 + 11
   \   000100   8A82         MOV     DPL,R2
   \   000102   8B83         MOV     DPH,R3
   \   000104   F0           MOVX    @DPTR,A
   \   000105   7A01         MOV     R2,#0x1
   \   000107   02....       LJMP    ??Key_ProcessEvent_3 & 0xFFFF
    191             return (events ^ SYS_EVENT_MSG);
   \                     ??Key_ProcessEvent_6:
   \   00010A   EE           MOV     A,R6
   \   00010B   FA           MOV     R2,A
   \   00010C   EF           MOV     A,R7
   \   00010D   6480         XRL     A,#0x80
   \                     ??Key_ProcessEvent_9:
   \   00010F   FB           MOV     R3,A
   \   000110   8046         SJMP    ??Key_ProcessEvent_10
    192            }
    193          
    194            if( events & MATCH_BIND_EVT ) // 广播 match 绑定
   \                     ??Key_ProcessEvent_0:
   \   000112   EE           MOV     A,R6
   \   000113   5402         ANL     A,#0x2
   \   000115   602E         JZ      ??Key_ProcessEvent_11
    195            {
    196              if(keyCnt == KEY_NUM_MAX)
   \   000117   90....       MOV     DPTR,#keyCnt
   \   00011A   E0           MOVX    A,@DPTR
   \   00011B   6432         XRL     A,#0x32
   \   00011D   601F         JZ      ??Key_ProcessEvent_12
    197              {
    198                  // do something
    199              }
    200              else
    201              {
    202                  Key_BindDevice(TRUE, KEY_ENDPOINT+keyCnt, Key_ClusterList, NULL); 
   \   00011F                ; Setup parameters for call to function Key_BindDevice
   \   00011F   E4           CLR     A
   \   000120   F5..         MOV     ?V0 + 0,A
   \   000122   F5..         MOV     ?V0 + 1,A
   \   000124   78..         MOV     R0,#?V0 + 0
   \   000126   12....       LCALL   ?PUSH_XSTACK_I_TWO
   \   000129   7C..         MOV     R4,#Key_ClusterList & 0xff
   \   00012B   7D..         MOV     R5,#(Key_ClusterList >> 8) & 0xff
   \   00012D   90....       MOV     DPTR,#keyCnt
   \   000130   E0           MOVX    A,@DPTR
   \   000131   240A         ADD     A,#0xa
   \   000133   FA           MOV     R2,A
   \   000134   7901         MOV     R1,#0x1
   \   000136   12....       LCALL   ??Key_BindDevice?relay
   \   000139   7402         MOV     A,#0x2
   \   00013B   12....       LCALL   ?DEALLOC_XSTACK8
    203              }
    204              return (events ^ MATCH_BIND_EVT);
   \                     ??Key_ProcessEvent_12:
   \   00013E   EE           MOV     A,R6
   \   00013F   6402         XRL     A,#0x2
   \                     ??Key_ProcessEvent_13:
   \   000141   FA           MOV     R2,A
   \   000142   EF           MOV     A,R7
   \   000143   80CA         SJMP    ??Key_ProcessEvent_9
    205            }
    206            
    207            if ( events & KEY_BIND_TIMER )
   \                     ??Key_ProcessEvent_11:
   \   000145   EE           MOV     A,R6
   \   000146   5421         ANL     A,#0x21
   \   000148   600A         JZ      ??Key_ProcessEvent_14
    208            {
    209              // Send bind confirm callback to application
    210              SAPI_BindConfirm( key_bindInProgress, ZB_TIMEOUT );
   \   00014A                ; Setup parameters for call to function Sys_BindConfirm
   \   00014A   7921         MOV     R1,#0x21
   \   00014C   12....       LCALL   ?Subroutine2 & 0xFFFF
    211              key_bindInProgress = 0xffff;
    212          
    213              return (events ^ KEY_BIND_TIMER);
   \                     ??CrossCallReturnLabel_4:
   \   00014F   EE           MOV     A,R6
   \   000150   6421         XRL     A,#0x21
   \   000152   80ED         SJMP    ??Key_ProcessEvent_13
    214            }
    215            
    216            return 0;
   \                     ??Key_ProcessEvent_14:
   \   000154   7A00         MOV     R2,#0x0
   \   000156   7B00         MOV     R3,#0x0
   \                     ??Key_ProcessEvent_10:
   \   000158   7F0E         MOV     R7,#0xe
   \   00015A   02....       LJMP    ?BANKED_LEAVE_XDATA
    217          }

   \                                 In  segment BANKED_CODE, align 1, keep-with-next
   \                     ?Subroutine4:
   \   000000   F582         MOV     DPL,A
   \   000002   E5..         MOV     A,?V0 + 1
   \   000004                REQUIRE ??Subroutine9_0
   \   000004                ; // Fall through to label ??Subroutine9_0

   \                                 In  segment BANKED_CODE, align 1, keep-with-next
   \                     ??Subroutine9_0:
   \   000000   3400         ADDC    A,#0x0
   \   000002   F583         MOV     DPH,A
   \   000004   E0           MOVX    A,@DPTR
   \   000005   22           RET

   \                                 In  segment BANKED_CODE, align 1, keep-with-next
   \                     ?Subroutine2:
   \   000000   90....       MOV     DPTR,#key_bindInProgress
   \   000003   12....       LCALL   ??Subroutine11_0 & 0xFFFF
   \                     ??CrossCallReturnLabel_20:
   \   000006   12....       LCALL   ??Sys_BindConfirm?relay
   \   000009   90....       MOV     DPTR,#key_bindInProgress
   \   00000C   74FF         MOV     A,#-0x1
   \   00000E   F0           MOVX    @DPTR,A
   \   00000F   A3           INC     DPTR
   \   000010   F0           MOVX    @DPTR,A
   \   000011   22           RET
    218          
    219          /*********************************************************************
    220           * @fn      Key_ProcessZDOMsgs()
    221           *
    222           * @brief   Process response messages
    223           *
    224           * @param   none
    225           *
    226           * @return  none
    227           */

   \                                 In  segment BANKED_CODE, align 1, keep-with-next
    228          void Key_ProcessZDOMsgs( zdoIncomingMsg_t *inMsg )
   \                     Key_ProcessZDOMsgs:
    229          {
   \   000000   74F5         MOV     A,#-0xb
   \   000002   12....       LCALL   ?BANKED_ENTER_XDATA
   \   000005                ; Saved register size: 11
   \   000005                ; Auto size: 9
   \   000005   74F7         MOV     A,#-0x9
   \   000007   12....       LCALL   ?ALLOC_XSTACK8
    230            switch ( inMsg->clusterID )
   \   00000A   EA           MOV     A,R2
   \   00000B   240C         ADD     A,#0xc
   \   00000D   F582         MOV     DPL,A
   \   00000F   EB           MOV     A,R3
   \   000010   12....       LCALL   ??Subroutine9_0 & 0xFFFF
   \                     ??CrossCallReturnLabel_12:
   \   000013   6406         XRL     A,#0x6
   \   000015   7004         JNZ     ??Key_ProcessZDOMsgs_0
   \   000017   A3           INC     DPTR
   \   000018   E0           MOVX    A,@DPTR
   \   000019   6480         XRL     A,#0x80
   \                     ??Key_ProcessZDOMsgs_0:
   \   00001B   6003         JZ      $+5
   \   00001D   02....       LJMP    ??Key_ProcessZDOMsgs_1 & 0xFFFF
    231            {
    232              case Match_Desc_rsp:
    233                {
    234                  zAddrType_t dstAddr;
    235                  ZDO_ActiveEndpointRsp_t *pRsp = ZDO_ParseEPListRsp( inMsg );
   \   000020                ; Setup parameters for call to function ZDO_ParseEPListRsp
   \   000020   12....       LCALL   ??ZDO_ParseEPListRsp?relay
   \   000023   8A..         MOV     ?V0 + 0,R2
   \   000025   8B..         MOV     ?V0 + 1,R3
   \   000027   AE..         MOV     R6,?V0 + 0
   \   000029   AF..         MOV     R7,?V0 + 1
    236          
    237                  if ( key_bindInProgress != 0xffff )
   \   00002B   90....       MOV     DPTR,#key_bindInProgress
   \   00002E   E0           MOVX    A,@DPTR
   \   00002F   F4           CPL     A
   \   000030   7003         JNZ     ??Key_ProcessZDOMsgs_2
   \   000032   A3           INC     DPTR
   \   000033   E0           MOVX    A,@DPTR
   \   000034   F4           CPL     A
   \                     ??Key_ProcessZDOMsgs_2:
   \   000035   7003         JNZ     $+5
   \   000037   02....       LJMP    ??Key_ProcessZDOMsgs_1 & 0xFFFF
    238                  {
    239                    uint8 ret = 0;
    240                    // Create a binding table entry
    241                    dstAddr.addrMode = Addr16Bit;
   \   00003A   7408         MOV     A,#0x8
   \   00003C   12....       LCALL   ?XSTACK_DISP0_8
   \   00003F   7402         MOV     A,#0x2
   \   000041   F0           MOVX    @DPTR,A
    242                    dstAddr.addr.shortAddr = pRsp->nwkAddr;
   \   000042   8E82         MOV     DPL,R6
   \   000044   8F83         MOV     DPH,R7
   \   000046   A3           INC     DPTR
   \   000047   E0           MOVX    A,@DPTR
   \   000048   F8           MOV     R0,A
   \   000049   A3           INC     DPTR
   \   00004A   E0           MOVX    A,@DPTR
   \   00004B   F9           MOV     R1,A
   \   00004C   85..82       MOV     DPL,?XSP + 0
   \   00004F   85..83       MOV     DPH,?XSP + 1
   \   000052   E8           MOV     A,R0
   \   000053   F0           MOVX    @DPTR,A
   \   000054   A3           INC     DPTR
   \   000055   E9           MOV     A,R1
   \   000056   F0           MOVX    @DPTR,A
    243                    
    244                     for(char i=0; i<KEY_MAX_CLUSTERS; i++)
   \   000057   75..00       MOV     ?V0 + 2,#0x0
    245                    {
    246                          if ( APSME_BindRequest( Key_epDesc[keyCnt].simpleDesc->EndPoint,
    247                               key_bindInProgress+i, &dstAddr, pRsp->epList[0] ) != ZSuccess )
   \                     ??Key_ProcessZDOMsgs_3:
   \   00005A                ; Setup parameters for call to function APSME_BindRequest
   \   00005A   8E82         MOV     DPL,R6
   \   00005C   8F83         MOV     DPH,R7
   \   00005E   A3           INC     DPTR
   \   00005F   A3           INC     DPTR
   \   000060   A3           INC     DPTR
   \   000061   A3           INC     DPTR
   \   000062   E0           MOVX    A,@DPTR
   \   000063   F5..         MOV     ?V0 + 0,A
   \   000065   78..         MOV     R0,#?V0 + 0
   \   000067   12....       LCALL   ?PUSH_XSTACK_I_ONE
   \   00006A   7401         MOV     A,#0x1
   \   00006C   12....       LCALL   ?XSTACK_DISP0_8
   \   00006F   AC82         MOV     R4,DPL
   \   000071   AD83         MOV     R5,DPH
   \   000073   90....       MOV     DPTR,#key_bindInProgress
   \   000076   85....       MOV     ?V0 + 0,?V0 + 2
   \   000079   E0           MOVX    A,@DPTR
   \   00007A   25..         ADD     A,?V0 + 0
   \   00007C   FA           MOV     R2,A
   \   00007D   A3           INC     DPTR
   \   00007E   E0           MOVX    A,@DPTR
   \   00007F   3400         ADDC    A,#0x0
   \   000081   FB           MOV     R3,A
   \   000082   90....       MOV     DPTR,#keyCnt
   \   000085   E0           MOVX    A,@DPTR
   \   000086   75F006       MOV     B,#0x6
   \   000089   A4           MUL     AB
   \   00008A   F8           MOV     R0,A
   \   00008B   85F0..       MOV     ?V0 + 0,B
   \   00008E   A9..         MOV     R1,?V0 + 0
   \   000090   12....       LCALL   ?Subroutine1 & 0xFFFF
    248                          {
    249                              ret = 1;
    250                              break;
    251                          }
    252                    }
   \                     ??CrossCallReturnLabel_2:
   \   000093   E0           MOVX    A,@DPTR
   \   000094   F9           MOV     R1,A
   \   000095   12....       LCALL   ??APSME_BindRequest?relay
   \   000098   7401         MOV     A,#0x1
   \   00009A   12....       LCALL   ?DEALLOC_XSTACK8
   \   00009D   E9           MOV     A,R1
   \   00009E   7034         JNZ     ??Key_ProcessZDOMsgs_1
   \   0000A0   05..         INC     ?V0 + 2
   \   0000A2   E5..         MOV     A,?V0 + 2
   \   0000A4   C3           CLR     C
   \   0000A5   9404         SUBB    A,#0x4
   \   0000A7   40B1         JC      ??Key_ProcessZDOMsgs_3
    253                    if(ret == ZSuccess)
    254                    {
    255                      osal_stop_timerEx(Key_TaskID,  KEY_BIND_TIMER);
   \   0000A9                ; Setup parameters for call to function osal_stop_timerEx
   \   0000A9   7A21         MOV     R2,#0x21
   \   0000AB   7B00         MOV     R3,#0x0
   \   0000AD   90....       MOV     DPTR,#Key_TaskID
   \   0000B0   E0           MOVX    A,@DPTR
   \   0000B1   F9           MOV     R1,A
   \   0000B2   12....       LCALL   ??osal_stop_timerEx?relay
    256                      osal_start_timerEx( ZDAppTaskID, ZDO_NWK_UPDATE_NV, 250 );
   \   0000B5                ; Setup parameters for call to function osal_start_timerEx
   \   0000B5   12....       LCALL   ?Subroutine5 & 0xFFFF
    257                      // Find IEEE addr
    258                      ZDP_IEEEAddrReq( pRsp->nwkAddr, ZDP_ADDR_REQTYPE_SINGLE, 0, 0 );
   \                     ??CrossCallReturnLabel_16:
   \   0000B8                ; Setup parameters for call to function ZDP_IEEEAddrReq
   \   0000B8   7D00         MOV     R5,#0x0
   \   0000BA   7C00         MOV     R4,#0x0
   \   0000BC   7900         MOV     R1,#0x0
   \   0000BE   8E82         MOV     DPL,R6
   \   0000C0   8F83         MOV     DPH,R7
   \   0000C2   A3           INC     DPTR
   \   0000C3   12....       LCALL   ??Subroutine11_0 & 0xFFFF
   \                     ??CrossCallReturnLabel_19:
   \   0000C6   12....       LCALL   ??ZDP_IEEEAddrReq?relay
    259                      // Send bind confirm callback to application
    260                      Sys_BindConfirm( key_bindInProgress, ZB_SUCCESS );
   \   0000C9                ; Setup parameters for call to function Sys_BindConfirm
   \   0000C9   7900         MOV     R1,#0x0
   \   0000CB   12....       LCALL   ?Subroutine2 & 0xFFFF
    261                      key_bindInProgress = 0xffff;
    262                      keyCnt++;
   \                     ??CrossCallReturnLabel_5:
   \   0000CE   90....       MOV     DPTR,#keyCnt
   \   0000D1   E0           MOVX    A,@DPTR
   \   0000D2   04           INC     A
   \   0000D3   F0           MOVX    @DPTR,A
    263                    }
    264                    else
    265                    {
    266                          // ClusterID wrong
    267                    }
    268                  }
    269                }
    270              break;
    271            }
    272          }
   \                     ??Key_ProcessZDOMsgs_1:
   \   0000D4   7409         MOV     A,#0x9
   \   0000D6   12....       LCALL   ?DEALLOC_XSTACK8
   \   0000D9   7F03         MOV     R7,#0x3
   \   0000DB   02....       LJMP    ?BANKED_LEAVE_XDATA

   \                                 In  segment BANKED_CODE, align 1, keep-with-next
   \                     ?Subroutine5:
   \   000000   7CFA         MOV     R4,#-0x6
   \   000002   7D00         MOV     R5,#0x0
   \   000004   7A00         MOV     R2,#0x0
   \   000006   7B02         MOV     R3,#0x2
   \   000008   90....       MOV     DPTR,#ZDAppTaskID
   \   00000B                REQUIRE ??Subroutine10_0
   \   00000B                ; // Fall through to label ??Subroutine10_0

   \                                 In  segment BANKED_CODE, align 1, keep-with-next
   \                     ??Subroutine10_0:
   \   000000   E0           MOVX    A,@DPTR
   \   000001   F9           MOV     R1,A
   \   000002   12....       LCALL   ??osal_start_timerEx?relay
   \   000005   22           RET

   \                                 In  segment BANKED_CODE, align 1, keep-with-next
   \                     ??Subroutine11_0:
   \   000000   E0           MOVX    A,@DPTR
   \   000001   FA           MOV     R2,A
   \   000002   A3           INC     DPTR
   \   000003   E0           MOVX    A,@DPTR
   \   000004   FB           MOV     R3,A
   \   000005   22           RET

   \                                 In  segment BANKED_CODE, align 1, keep-with-next
   \                     ?Subroutine1:
   \   000000   12....       LCALL   ?Subroutine6 & 0xFFFF
   \                     ??CrossCallReturnLabel_9:
   \   000003   F583         MOV     DPH,A
   \   000005   8882         MOV     DPL,R0
   \   000007   22           RET

   \                                 In  segment BANKED_CODE, align 1, keep-with-next
   \                     ?Subroutine6:
   \   000000   74..         MOV     A,#(Key_epDesc + 3) & 0xff
   \   000002   28           ADD     A,R0
   \   000003   F582         MOV     DPL,A
   \   000005   74..         MOV     A,#((Key_epDesc + 3) >> 8) & 0xff
   \   000007   39           ADDC    A,R1
   \   000008   F583         MOV     DPH,A
   \   00000A   E0           MOVX    A,@DPTR
   \   00000B   F8           MOV     R0,A
   \   00000C   A3           INC     DPTR
   \   00000D   E0           MOVX    A,@DPTR
   \   00000E   22           RET
    273          
    274          /******************************************************************************
    275           * @fn          Key_BindDevice
    276           *
    277           * @brief       The zb_BindDevice function establishes or removes a binding? *              between two devices.  Once bound, an application can send
    278           *              messages to a device by referencing the commandId for the
    279           *              binding.
    280           *
    281           * @param       create - TRUE to create a binding, FALSE to remove a binding
    282           *              commandId - The identifier of the binding
    283           *              pDestination - The 64-bit IEEE address of the device to bind to
    284           *
    285           * @return      The status of the bind operation is returned in the
    286           *              Sys_BindConfirm callback.
    287           */

   \                                 In  segment BANKED_CODE, align 1, keep-with-next
   \                     ?Subroutine7:
   \   000000   85..82       MOV     DPL,?V0 + 2
   \   000003   85..83       MOV     DPH,?V0 + 3
   \   000006                REQUIRE ??Subroutine11_0
   \   000006                ; // Fall through to label ??Subroutine11_0

   \                                 In  segment BANKED_CODE, align 1, keep-with-next
    288          void Key_BindDevice ( uint8 create, uint8 endpoint, uint16 *commandId, uint8 *pDestination )
   \                     Key_BindDevice:
    289          {
   \   000000   74F2         MOV     A,#-0xe
   \   000002   12....       LCALL   ?BANKED_ENTER_XDATA
   \   000005                ; Saved register size: 14
   \   000005                ; Auto size: 9
   \   000005   74F7         MOV     A,#-0x9
   \   000007   12....       LCALL   ?ALLOC_XSTACK8
   \   00000A   8A..         MOV     ?V0 + 0,R2
   \   00000C   8C..         MOV     ?V0 + 2,R4
   \   00000E   8D..         MOV     ?V0 + 3,R5
   \   000010   7417         MOV     A,#0x17
   \   000012   12....       LCALL   ?XSTACK_DISP0_8
   \   000015   E0           MOVX    A,@DPTR
   \   000016   FE           MOV     R6,A
   \   000017   A3           INC     DPTR
   \   000018   E0           MOVX    A,@DPTR
   \   000019   FF           MOV     R7,A
    290            zAddrType_t destination;
    291            uint8 ret = ZB_ALREADY_IN_PROGRESS;
    292          
    293            if ( create )
   \   00001A   E9           MOV     A,R1
   \   00001B   7003         JNZ     $+5
   \   00001D   02....       LJMP    ??Key_BindDevice_0 & 0xFFFF
    294            {
    295              if (key_bindInProgress == 0xffff)
   \   000020   90....       MOV     DPTR,#key_bindInProgress
   \   000023   E0           MOVX    A,@DPTR
   \   000024   F4           CPL     A
   \   000025   7003         JNZ     ??Key_BindDevice_1
   \   000027   A3           INC     DPTR
   \   000028   E0           MOVX    A,@DPTR
   \   000029   F4           CPL     A
   \                     ??Key_BindDevice_1:
   \   00002A   6003         JZ      $+5
   \   00002C   02....       LJMP    ??CrossCallReturnLabel_17 & 0xFFFF
    296              {
    297                if ( pDestination )
   \   00002F   EE           MOV     A,R6
   \   000030   4F           ORL     A,R7
   \   000031   604E         JZ      ??Key_BindDevice_2
    298                {
    299                  destination.addrMode = Addr64Bit;
   \   000033   7408         MOV     A,#0x8
   \   000035   12....       LCALL   ?XSTACK_DISP0_8
   \   000038   7403         MOV     A,#0x3
   \   00003A   F0           MOVX    @DPTR,A
    300                  osal_cpyExtAddr( destination.addr.extAddr, pDestination );
   \   00003B                ; Setup parameters for call to function sAddrExtCpy
   \   00003B   EE           MOV     A,R6
   \   00003C   FC           MOV     R4,A
   \   00003D   EF           MOV     A,R7
   \   00003E   FD           MOV     R5,A
   \   00003F   85..82       MOV     DPL,?XSP + 0
   \   000042   85..83       MOV     DPH,?XSP + 1
   \   000045   AA82         MOV     R2,DPL
   \   000047   AB83         MOV     R3,DPH
   \   000049   12....       LCALL   ??sAddrExtCpy?relay
    301                    // srcEndpoint, dstEndpoint
    302                  ret = APSME_BindRequest( endpoint, commandId[0],
    303                                                      &destination, endpoint );
    304          
    305                  if ( ret == ZSuccess )
   \   00004C                ; Setup parameters for call to function APSME_BindRequest
   \   00004C   E5..         MOV     A,?V0 + 0
   \   00004E   F5..         MOV     ?V0 + 4,A
   \   000050   78..         MOV     R0,#?V0 + 4
   \   000052   12....       LCALL   ?PUSH_XSTACK_I_ONE
   \   000055   7401         MOV     A,#0x1
   \   000057   12....       LCALL   ?XSTACK_DISP0_8
   \   00005A   AC82         MOV     R4,DPL
   \   00005C   AD83         MOV     R5,DPH
   \   00005E   12....       LCALL   ?Subroutine7 & 0xFFFF
   \                     ??CrossCallReturnLabel_21:
   \   000061   A9..         MOV     R1,?V0 + 0
   \   000063   12....       LCALL   ??APSME_BindRequest?relay
   \   000066   7401         MOV     A,#0x1
   \   000068   12....       LCALL   ?DEALLOC_XSTACK8
   \   00006B   E9           MOV     A,R1
   \   00006C   6003         JZ      $+5
   \   00006E   02....       LJMP    ??CrossCallReturnLabel_17 & 0xFFFF
    306                  {
    307                    // Find nwk addr
    308                    ZDP_NwkAddrReq(pDestination, ZDP_ADDR_REQTYPE_SINGLE, 0, 0 );
   \   000071                ; Setup parameters for call to function ZDP_NwkAddrReq
   \   000071   7D00         MOV     R5,#0x0
   \   000073   7C00         MOV     R4,#0x0
   \   000075   7900         MOV     R1,#0x0
   \   000077   EE           MOV     A,R6
   \   000078   FA           MOV     R2,A
   \   000079   EF           MOV     A,R7
   \   00007A   FB           MOV     R3,A
   \   00007B   12....       LCALL   ??ZDP_NwkAddrReq?relay
    309                    osal_start_timerEx( ZDAppTaskID, ZDO_NWK_UPDATE_NV, 250 );
   \   00007E                ; Setup parameters for call to function osal_start_timerEx
   \   00007E   02....       LJMP    ??Key_BindDevice_3 & 0xFFFF
    310                  }
    311                }
    312                else
    313                {
    314                  ret = ZB_INVALID_PARAMETER;
    315                  destination.addrMode = Addr16Bit;
   \                     ??Key_BindDevice_2:
   \   000081   7408         MOV     A,#0x8
   \   000083   12....       LCALL   ?XSTACK_DISP0_8
   \   000086   7402         MOV     A,#0x2
   \   000088   F0           MOVX    @DPTR,A
    316                  destination.addr.shortAddr = NWK_BROADCAST_SHORTADDR;
   \   000089   85..82       MOV     DPL,?XSP + 0
   \   00008C   85..83       MOV     DPH,?XSP + 1
   \   00008F   74FF         MOV     A,#-0x1
   \   000091   F0           MOVX    @DPTR,A
   \   000092   A3           INC     DPTR
   \   000093   F0           MOVX    @DPTR,A
   \   000094   12....       LCALL   ?Subroutine0 & 0xFFFF
   \                     ??CrossCallReturnLabel_0:
   \   000097   A3           INC     DPTR
   \   000098   A3           INC     DPTR
   \   000099   A3           INC     DPTR
   \   00009A   12....       LCALL   ?PUSH_XSTACK8_X_TWO
   \   00009D   8882         MOV     DPL,R0
   \   00009F   8983         MOV     DPH,R1
   \   0000A1   A3           INC     DPTR
   \   0000A2   A3           INC     DPTR
   \   0000A3   A3           INC     DPTR
   \   0000A4   12....       LCALL   ?Subroutine3 & 0xFFFF
   \                     ??CrossCallReturnLabel_6:
   \   0000A7   12....       LCALL   ?DEALLOC_XSTACK8
   \   0000AA   E9           MOV     A,R1
   \   0000AB   6065         JZ      ??Key_BindDevice_4
    317                  if ( ZDO_AnyClusterMatches( KEY_MAX_CLUSTERS, commandId, Key_epDesc[keyCnt].simpleDesc->AppNumOutClusters,
    318                                                          Key_epDesc[keyCnt].simpleDesc->pAppOutClusterList ) )
    319                  {
    320                    // Try to match with a device in the allow bind mode
    321                    ret = ZDP_MatchDescReq( &destination, NWK_BROADCAST_SHORTADDR,
    322                        Key_epDesc[keyCnt].simpleDesc->AppProfId, KEY_MAX_CLUSTERS, commandId, KEY_MAX_CLUSTERS, commandId, 0 );
    323                  }
    324                  else if ( ZDO_AnyClusterMatches( KEY_MAX_CLUSTERS, commandId, Key_epDesc[keyCnt].simpleDesc->AppNumInClusters,
    325                                                          Key_epDesc[keyCnt].simpleDesc->pAppInClusterList ) )
    326                  {
    327                    ret = ZDP_MatchDescReq( &destination, NWK_BROADCAST_SHORTADDR,
    328                        Key_epDesc[keyCnt].simpleDesc->AppProfId, KEY_MAX_CLUSTERS, commandId, KEY_MAX_CLUSTERS, commandId, 0 );
    329                  }
    330          
    331                  if ( ret == ZB_SUCCESS )
   \                     ??Key_BindDevice_5:
   \   0000AD                ; Setup parameters for call to function ZDP_MatchDescReq
   \   0000AD   75..00       MOV     ?V0 + 4,#0x0
   \   0000B0   78..         MOV     R0,#?V0 + 4
   \   0000B2   12....       LCALL   ?PUSH_XSTACK_I_ONE
   \   0000B5   78..         MOV     R0,#?V0 + 2
   \   0000B7   12....       LCALL   ?PUSH_XSTACK_I_TWO
   \   0000BA   75..04       MOV     ?V0 + 4,#0x4
   \   0000BD   78..         MOV     R0,#?V0 + 4
   \   0000BF   12....       LCALL   ?PUSH_XSTACK_I_ONE
   \   0000C2   78..         MOV     R0,#?V0 + 2
   \   0000C4   12....       LCALL   ?PUSH_XSTACK_I_TWO
   \   0000C7   12....       LCALL   ?Subroutine8 & 0xFFFF
   \                     ??CrossCallReturnLabel_10:
   \   0000CA   12....       LCALL   ?Subroutine1 & 0xFFFF
   \                     ??CrossCallReturnLabel_3:
   \   0000CD   A3           INC     DPTR
   \   0000CE   12....       LCALL   ?PUSH_XSTACK8_X_TWO
   \   0000D1   7904         MOV     R1,#0x4
   \   0000D3   7CFF         MOV     R4,#-0x1
   \   0000D5   7DFF         MOV     R5,#-0x1
   \   0000D7   7408         MOV     A,#0x8
   \   0000D9   12....       LCALL   ?XSTACK_DISP0_8
   \   0000DC   AA82         MOV     R2,DPL
   \   0000DE   AB83         MOV     R3,DPH
   \   0000E0   12....       LCALL   ??ZDP_MatchDescReq?relay
   \   0000E3   7408         MOV     A,#0x8
   \   0000E5   12....       LCALL   ?DEALLOC_XSTACK8
   \   0000E8   E9           MOV     A,R1
   \   0000E9   7050         JNZ     ??CrossCallReturnLabel_17
    332                  {
    333                    // Set a timer to make sure bind completes
    334          #if ( ZG_BUILD_RTR_TYPE )
    335                    osal_start_timerEx(Key_TaskID, KEY_BIND_TIMER, AIB_MaxBindingTime);
   \   0000EB                ; Setup parameters for call to function osal_start_timerEx
   \   0000EB   90....       MOV     DPTR,#AIB_MaxBindingTime
   \   0000EE   E0           MOVX    A,@DPTR
   \   0000EF   FC           MOV     R4,A
   \   0000F0   A3           INC     DPTR
   \   0000F1   E0           MOVX    A,@DPTR
   \   0000F2   FD           MOV     R5,A
   \   0000F3   7A21         MOV     R2,#0x21
   \   0000F5   7B00         MOV     R3,#0x0
   \   0000F7   90....       MOV     DPTR,#Key_TaskID
   \   0000FA   12....       LCALL   ??Subroutine10_0 & 0xFFFF
    336          #else
    337                    // AIB_MaxBindingTime is not defined for an End Device
    338                    osal_start_timerEx(Key_TaskID, KEY_BIND_TIMER, zgApsDefaultMaxBindingTime);
    339          #endif
    340                    key_bindInProgress = commandId[0];
   \                     ??CrossCallReturnLabel_18:
   \   0000FD   85..82       MOV     DPL,?V0 + 2
   \   000100   85..83       MOV     DPH,?V0 + 3
   \   000103   E0           MOVX    A,@DPTR
   \   000104   F8           MOV     R0,A
   \   000105   A3           INC     DPTR
   \   000106   E0           MOVX    A,@DPTR
   \   000107   F9           MOV     R1,A
   \   000108   90....       MOV     DPTR,#key_bindInProgress
   \   00010B   E8           MOV     A,R0
   \   00010C   F0           MOVX    @DPTR,A
   \   00010D   A3           INC     DPTR
   \   00010E   E9           MOV     A,R1
   \   00010F   F0           MOVX    @DPTR,A
    341                    return; // dont send cback event
   \   000110   8029         SJMP    ??CrossCallReturnLabel_17
    342                  }
    343                }
    344              }
    345          
    346            //  SAPI_SendCback( SAPICB_BIND_CNF, ret, commandId );
    347            }
   \                     ??Key_BindDevice_4:
   \   000112   12....       LCALL   ?Subroutine0 & 0xFFFF
   \                     ??CrossCallReturnLabel_1:
   \   000115   12....       LCALL   ?PUSH_XSTACK8_X_TWO
   \   000118   8882         MOV     DPL,R0
   \   00011A   8983         MOV     DPH,R1
   \   00011C   12....       LCALL   ?Subroutine3 & 0xFFFF
   \                     ??CrossCallReturnLabel_7:
   \   00011F   12....       LCALL   ?DEALLOC_XSTACK8
   \   000122   E9           MOV     A,R1
   \   000123   7088         JNZ     ??Key_BindDevice_5
   \   000125   8014         SJMP    ??CrossCallReturnLabel_17
    348            else
    349            {
    350              // Remove local bindings for the commandId
    351              BindingEntry_t *pBind;
    352          
    353              // Loop through bindings an remove any that match the cluster
    354              while ( pBind = bindFind( endpoint, commandId[0], 0 ) )
    355              {
    356                bindRemoveEntry(pBind);
   \                     ??Key_BindDevice_6:
   \   000127                ; Setup parameters for call to function bindRemoveEntry
   \   000127   12....       LCALL   ??bindRemoveEntry?relay
    357              }
   \                     ??Key_BindDevice_0:
   \   00012A                ; Setup parameters for call to function bindFind
   \   00012A   7C00         MOV     R4,#0x0
   \   00012C   12....       LCALL   ?Subroutine7 & 0xFFFF
   \                     ??CrossCallReturnLabel_22:
   \   00012F   A9..         MOV     R1,?V0 + 0
   \   000131   12....       LCALL   ??bindFind?relay
   \   000134   EA           MOV     A,R2
   \   000135   4B           ORL     A,R3
   \   000136   70EF         JNZ     ??Key_BindDevice_6
    358              osal_start_timerEx( ZDAppTaskID, ZDO_NWK_UPDATE_NV, 250 );
   \   000138                ; Setup parameters for call to function osal_start_timerEx
    359            }
   \                     ??Key_BindDevice_3:
   \   000138   12....       LCALL   ?Subroutine5 & 0xFFFF
   \                     ??CrossCallReturnLabel_17:
   \   00013B   7409         MOV     A,#0x9
   \   00013D   12....       LCALL   ?DEALLOC_XSTACK8
   \   000140   7F06         MOV     R7,#0x6
   \   000142   02....       LJMP    ?BANKED_LEAVE_XDATA
    360            return;
    361          }

   \                                 In  segment BANKED_CODE, align 1, keep-with-next
   \                     ?Subroutine3:
   \   000000   A3           INC     DPTR
   \   000001   A3           INC     DPTR
   \   000002   A3           INC     DPTR
   \   000003   A3           INC     DPTR
   \   000004   A3           INC     DPTR
   \   000005   A3           INC     DPTR
   \   000006   E0           MOVX    A,@DPTR
   \   000007   FC           MOV     R4,A
   \   000008   AA..         MOV     R2,?V0 + 2
   \   00000A   AB..         MOV     R3,?V0 + 3
   \   00000C   7904         MOV     R1,#0x4
   \   00000E   12....       LCALL   ??ZDO_AnyClusterMatches?relay
   \   000011   7402         MOV     A,#0x2
   \   000013   22           RET

   \                                 In  segment BANKED_CODE, align 1, keep-with-next
   \                     ?Subroutine0:
   \   000000   12....       LCALL   ?Subroutine8 & 0xFFFF
   \                     ??CrossCallReturnLabel_11:
   \   000003   12....       LCALL   ?Subroutine6 & 0xFFFF
   \                     ??CrossCallReturnLabel_8:
   \   000006   F9           MOV     R1,A
   \   000007                ; Setup parameters for call to function ZDO_AnyClusterMatches
   \   000007                ; Setup parameters for call to function ZDO_AnyClusterMatches
   \   000007   8882         MOV     DPL,R0
   \   000009   8983         MOV     DPH,R1
   \   00000B   A3           INC     DPTR
   \   00000C   A3           INC     DPTR
   \   00000D   A3           INC     DPTR
   \   00000E   A3           INC     DPTR
   \   00000F   A3           INC     DPTR
   \   000010   A3           INC     DPTR
   \   000011   A3           INC     DPTR
   \   000012   22           RET

   \                                 In  segment BANKED_CODE, align 1, keep-with-next
   \                     ?Subroutine8:
   \   000000   90....       MOV     DPTR,#keyCnt
   \   000003   E0           MOVX    A,@DPTR
   \   000004   75F006       MOV     B,#0x6
   \   000007   A4           MUL     AB
   \   000008   F8           MOV     R0,A
   \   000009   A9F0         MOV     R1,B
   \   00000B   22           RET
    362          
    363          
    364          /*********************************************************************
    365           * @fn      Key_HandleKeys
    366           *
    367           * @brief   Handles all key events for this device.
    368           *
    369           * @param   shift - true if in shift/alt.
    370           * @param   keys - bit field for key events. Valid entries:
    371           *                 HAL_KEY_SW_4
    372           *                 HAL_KEY_SW_3
    373           *                 HAL_KEY_SW_2
    374           *                 HAL_KEY_SW_1
    375           *
    376           * @return  none
    377           */

   \                                 In  segment BANKED_CODE, align 1, keep-with-next
    378          void Key_HandleKeys( byte shift, byte keys )
   \                     Key_HandleKeys:
    379          {
   \   000000   C082         PUSH    DPL
   \   000002   C083         PUSH    DPH
   \   000004                ; Saved register size: 2
   \   000004                ; Auto size: 0
    380            // Shift is used to make each key/switch dual purpose.
    381            if ( shift )
   \   000004   E9           MOV     A,R1
   \   000005   700E         JNZ     ??Key_HandleKeys_0
    382            {
    383              if ( keys & HAL_KEY_SW_1 )
    384              {
    385              }
    386              if ( keys & HAL_KEY_SW_2 )
    387              {
    388              }
    389              if ( keys & HAL_KEY_SW_3 )
    390              {
    391              }
    392              if ( keys & HAL_KEY_SW_6 )
    393              {
    394                 
    395              }
    396            }
    397            else
    398            {
    399              if ( keys & HAL_KEY_SW_1 )
   \   000007   EA           MOV     A,R2
   \   000008   A2E0         MOV     C,0xE0 /* A   */.0
   \   00000A   5009         JNC     ??Key_HandleKeys_0
    400              {
    401                if(myAppState == APP_INIT) {
   \   00000C   90....       MOV     DPTR,#myAppState
   \   00000F   E0           MOVX    A,@DPTR
   \   000010   7003         JNZ     ??Key_HandleKeys_0
    402                  
    403                  myAppState = APP_START;
   \   000012   7401         MOV     A,#0x1
   \   000014   F0           MOVX    @DPTR,A
    404                }
    405                else
    406                {
    407                  
    408                }
    409              }
    410          
    411              if ( keys & HAL_KEY_SW_2 )
    412              {
    413              }
    414          
    415              if ( keys & HAL_KEY_SW_3 )
    416              {
    417              }
    418          
    419              // 是用来查找有没有东西可以匹配?    if ( keys & HAL_KEY_SW_4 )
    420              {/*
    421                HalLedSet ( HAL_LED_4, HAL_LED_MODE_OFF );
    422                // Initiate a Match Description Request (Service Discovery)
    423                dstAddr.addrMode = AddrBroadcast;
    424                dstAddr.addr.shortAddr = NWK_BROADCAST_SHORTADDR;
    425                ZDP_MatchDescReq( &dstAddr, NWK_BROADCAST_SHORTADDR,
    426                                  SYS_PROFID,
    427                                  SYS_MAX_CLUSTERS, (cId_t *)Key_ClusterList,
    428                                  SYS_MAX_CLUSTERS, (cId_t *)Key_ClusterList,
    429                                  FALSE );
    430                                  */
    431              }
    432            }
    433          }
   \                     ??Key_HandleKeys_0:
   \   000015   D083         POP     DPH
   \   000017   D082         POP     DPL
   \   000019   02....       LJMP    ?BRET

   \                                 In  segment XDATA_ID, align 1, keep-with-next
   \                     `?<Initializer for Key_ClusterList>`:
   \   000000   0100         DW 1
   \   000002   0200         DW 2
   \   000004   0400         DW 4
   \   000006   0000         DW 0

   \                                 In  segment XDATA_ID, align 1, keep-with-next
   \                     `?<Initializer for Key_SimpleDesc>`:
   \   000000   0A           DB 10
   \   000001   040F         DW 3844
   \   000003   0100         DW 1
   \   000005   00           DB 0
   \   000006   04           DB 4
   \   000007   ....         DW Key_ClusterList
   \   000009   04           DB 4
   \   00000A   ....         DW Key_ClusterList
   \   00000C   00000000     DB 0, 0, 0, 0, 0, 0, 0, 0
   \            00000000
   \   000014   00000000     DB 0, 0, 0, 0, 0, 0, 0, 0
   \            00000000
   \   00001C   00000000     DB 0, 0, 0, 0, 0, 0, 0, 0
   \            00000000
   \   000024   00000000     DB 0, 0, 0, 0, 0, 0, 0, 0
   \            00000000
   \   00002C   00000000     DB 0, 0, 0, 0, 0, 0, 0, 0
   \            00000000
   \   000034   00000000     DB 0, 0, 0, 0, 0, 0, 0, 0
   \            00000000
   \   00003C   00000000     DB 0, 0, 0, 0, 0, 0, 0, 0
   \            00000000
   \   000044   00000000     DB 0, 0, 0, 0, 0, 0, 0, 0
   \            00000000
   \   00004C   00000000     DB 0, 0, 0, 0, 0, 0, 0, 0
   \            00000000
   \   000054   00000000     DB 0, 0, 0, 0, 0, 0, 0, 0
   \            00000000
   \   00005C   00000000     DB 0, 0, 0, 0, 0, 0, 0, 0
   \            00000000
   \   000064   00000000     DB 0, 0, 0, 0, 0, 0, 0, 0
   \            00000000
   \   00006C   00000000     DB 0, 0, 0, 0, 0, 0, 0, 0
   \            00000000
   \   000074   00000000     DB 0, 0, 0, 0, 0, 0, 0, 0
   \            00000000
   \   00007C   00000000     DB 0, 0, 0, 0, 0, 0, 0, 0
   \            00000000
   \   000084   00000000     DB 0, 0, 0, 0, 0, 0, 0, 0
   \            00000000
   \   00008C   00000000     DB 0, 0, 0, 0, 0, 0, 0, 0
   \            00000000
   \   000094   00000000     DB 0, 0, 0, 0, 0, 0, 0, 0
   \            00000000
   \   00009C   00000000     DB 0, 0, 0, 0, 0, 0, 0, 0
   \            00000000
   \   0000A4   00000000     DB 0, 0, 0, 0, 0, 0, 0, 0
   \            00000000
   \   0000AC   00000000     DB 0, 0, 0, 0, 0, 0, 0, 0
   \            00000000
   \   0000B4   00000000     DB 0, 0, 0, 0, 0, 0, 0, 0
   \            00000000
   \   0000BC   00000000     DB 0, 0, 0, 0, 0, 0, 0, 0
   \            00000000
   \   0000C4   00000000     DB 0, 0, 0, 0, 0, 0, 0, 0
   \            00000000
   \   0000CC   00000000     DB 0, 0, 0, 0, 0, 0, 0, 0
   \            00000000
   \   0000D4   00000000     DB 0, 0, 0, 0, 0, 0, 0, 0
   \            00000000
   \   0000DC   00000000     DB 0, 0, 0, 0, 0, 0, 0, 0
   \            00000000
   \   0000E4   00000000     DB 0, 0, 0, 0, 0, 0, 0, 0
   \            00000000
   \   0000EC   00000000     DB 0, 0, 0, 0, 0, 0, 0, 0
   \            00000000
   \   0000F4   00000000     DB 0, 0, 0, 0, 0, 0, 0, 0
   \            00000000
   \   0000FC   00000000     DB 0, 0, 0, 0, 0, 0, 0, 0
   \            00000000
   \   000104   00000000     DB 0, 0, 0, 0, 0, 0, 0, 0
   \            00000000
   \   00010C   00000000     DB 0, 0, 0, 0, 0, 0, 0, 0
   \            00000000
   \   000114   00000000     DB 0, 0, 0, 0, 0, 0, 0, 0
   \            00000000
   \   00011C   00000000     DB 0, 0, 0, 0, 0, 0, 0, 0
   \            00000000
   \   000124   00000000     DB 0, 0, 0, 0, 0, 0, 0, 0
   \            00000000
   \   00012C   00000000     DB 0, 0, 0, 0, 0, 0, 0, 0
   \            00000000
   \   000134   00000000     DB 0, 0, 0, 0, 0, 0, 0, 0
   \            00000000
   \   00013C   00000000     DB 0, 0, 0, 0, 0, 0, 0, 0
   \            00000000
   \   000144   00000000     DB 0, 0, 0, 0, 0, 0, 0, 0
   \            00000000
   \   00014C   00000000     DB 0, 0, 0, 0, 0, 0, 0, 0
   \            00000000
   \   000154   00000000     DB 0, 0, 0, 0, 0, 0, 0, 0
   \            00000000
   \   00015C   00000000     DB 0, 0, 0, 0, 0, 0, 0, 0
   \            00000000
   \   000164   00000000     DB 0, 0, 0, 0, 0, 0, 0, 0
   \            00000000
   \   00016C   00000000     DB 0, 0, 0, 0, 0, 0, 0, 0
   \            00000000
   \   000174   00000000     DB 0, 0, 0, 0, 0, 0, 0, 0
   \            00000000
   \   00017C   00000000     DB 0, 0, 0, 0, 0, 0, 0, 0
   \            00000000
   \   000184   00000000     DB 0, 0, 0, 0, 0, 0, 0, 0
   \            00000000
   \   00018C   00000000     DB 0, 0, 0, 0, 0, 0, 0, 0
   \            00000000
   \   000194   00000000     DB 0, 0, 0, 0, 0, 0, 0, 0
   \            00000000
   \   00019C   00000000     DB 0, 0, 0, 0, 0, 0, 0, 0
   \            00000000
   \   0001A4   00000000     DB 0, 0, 0, 0, 0, 0, 0, 0
   \            00000000
   \   0001AC   00000000     DB 0, 0, 0, 0, 0, 0, 0, 0
   \            00000000
   \   0001B4   00000000     DB 0, 0, 0, 0, 0, 0, 0, 0
   \            00000000
   \   0001BC   00000000     DB 0, 0, 0, 0, 0, 0, 0, 0
   \            00000000
   \   0001C4   00000000     DB 0, 0, 0, 0, 0, 0, 0, 0
   \            00000000
   \   0001CC   00000000     DB 0, 0, 0, 0, 0, 0, 0, 0
   \            00000000
   \   0001D4   00000000     DB 0, 0, 0, 0, 0, 0, 0, 0
   \            00000000
   \   0001DC   00000000     DB 0, 0, 0, 0, 0, 0, 0, 0
   \            00000000
   \   0001E4   00000000     DB 0, 0, 0, 0, 0, 0, 0, 0
   \            00000000
   \   0001EC   00000000     DB 0, 0, 0, 0, 0, 0, 0, 0
   \            00000000
   \   0001F4   00000000     DB 0, 0, 0, 0, 0, 0, 0, 0
   \            00000000
   \   0001FC   00000000     DB 0, 0, 0, 0, 0, 0, 0, 0
   \            00000000
   \   000204   00000000     DB 0, 0, 0, 0, 0, 0, 0, 0
   \            00000000
   \   00020C   00000000     DB 0, 0, 0, 0, 0, 0, 0, 0
   \            00000000
   \   000214   00000000     DB 0, 0, 0, 0, 0, 0, 0, 0
   \            00000000
   \   00021C   00000000     DB 0, 0, 0, 0, 0, 0, 0, 0
   \            00000000
   \   000224   00000000     DB 0, 0, 0, 0, 0, 0, 0, 0
   \            00000000
   \   00022C   00000000     DB 0, 0, 0, 0, 0, 0, 0, 0
   \            00000000
   \   000234   00000000     DB 0, 0, 0, 0, 0, 0, 0, 0
   \            00000000
   \   00023C   00000000     DB 0, 0, 0, 0, 0, 0, 0, 0
   \            00000000
   \   000244   00000000     DB 0, 0, 0, 0, 0, 0, 0, 0
   \            00000000
   \   00024C   00000000     DB 0, 0, 0, 0, 0, 0, 0, 0
   \            00000000
   \   000254   00000000     DB 0, 0, 0, 0

   \                                 In  segment BANK_RELAYS, align 1
   \                     ??Key_Init?relay:
   \   000000   12....       LCALL   ?BDISPATCH
   \   000003   ......       DC24    Key_Init

   \                                 In  segment BANK_RELAYS, align 1
   \                     ??Key_ProcessEvent?relay:
   \   000000   12....       LCALL   ?BDISPATCH
   \   000003   ......       DC24    Key_ProcessEvent

   \                                 In  segment BANK_RELAYS, align 1
   \                     ??Key_ProcessZDOMsgs?relay:
   \   000000   12....       LCALL   ?BDISPATCH
   \   000003   ......       DC24    Key_ProcessZDOMsgs

   \                                 In  segment BANK_RELAYS, align 1
   \                     ??Key_BindDevice?relay:
   \   000000   12....       LCALL   ?BDISPATCH
   \   000003   ......       DC24    Key_BindDevice

   \                                 In  segment BANK_RELAYS, align 1
   \                     ??Key_HandleKeys?relay:
   \   000000   12....       LCALL   ?BDISPATCH
   \   000003   ......       DC24    Key_HandleKeys
    434          
    435          
    436          /******************************************************************************
    437           * @fn          Key_ReceiveDataIndication
    438           *
    439           * @brief       The SAPI_ReceiveDataIndication callback function is called
    440           *              asynchronously by the ZigBee stack to notify the application
    441           *              when data is received from a peer device.
    442           *
    443           * @param       source - The short address of the peer device that sent the data
    444           *              command - The commandId associated with the data
    445           *              len - The number of bytes in the pData parameter
    446           *              pData - The data sent by the peer device
    447           *
    448           * @return      none
    449           */
    450          void Key_ReceiveDataIndication( uint16 source, uint8 endPoint, uint16 command, uint16 len, uint8 *pData  )
    451          {
    452            uint8 *buff = (uint8 *)osal_mem_alloc(sizeof(uint8)*(len+1));
    453            uint8 i;
    454            buff[0] = endPoint - KEY_ENDPOINT;
    455            for(i=1; i<len+1; i++,pData++)
    456            {
    457              buff[i] = *pData;
    458            }
    459            if(command == OPERATE_CLUSTER)
    460            {
    461              HalUARTWrite(0, buff, (byte)osal_strlen( buff ) + 1);
                                                              ^
Warning[Pe167]: argument of type "unsigned char *" is incompatible with
          parameter of type "char *"
    462            }
    463          }
    464          
    465          
    466          /*********************************
    467           * CALLBACK FUNCTIONS   */
    468          /******************************************************************************
    469           * @fn          SAPI_BindConfirm
    470           *
    471           * @brief       The SAPI_BindConfirm callback is called by the ZigBee stack
    472           *              after a bind operation completes.
    473           *
    474           * @param       commandId - The command ID of the binding being confirmed.
    475           *              status - The status of the bind operation.
    476           *              allowBind - TRUE if the bind operation was initiated by a call
    477           *                          to zb_AllowBindRespones.  FALSE if the operation
    478           *                          was initiated by a call to ZB_BindDevice
    479           *
    480           * @return      none
    481           */
    482          void SAPI_BindConfirm( uint16 commandId, uint8 status )
    483          {
    484              Sys_BindConfirm( commandId, status );
    485          }

   Maximum stack usage in bytes:

     Function                   ISTACK PSTACK XSTACK
     --------                   ------ ------ ------
     Key_BindDevice                 0      0     55
       -> sAddrExtCpy               0      0     46
       -> APSME_BindRequest         0      0     48
       -> ZDP_NwkAddrReq            0      0     46
       -> osal_start_timerEx        0      0     46
       -> ZDO_AnyClusterMatches     0      0     50
       -> ZDP_MatchDescReq          0      0     62
       -> osal_start_timerEx        0      0     46
       -> ZDO_AnyClusterMatches     0      0     50
       -> bindRemoveEntry           0      0     46
       -> bindFind                  0      0     46
       -> osal_start_timerEx        0      0     46
     Key_HandleKeys                 2      0     22
     Key_Init                       1      0      9
       -> afRegister                0      0     18
       -> RegisterForKeys           0      0     18
       -> ZDO_RegisterForZDOMsg     0      0     18
     Key_ProcessEvent               1      0     24
       -> osal_msg_receive          0      0     44
       -> osal_strlen               0      0     44
       -> HalUARTWrite              0      0     44
       -> osal_msg_deallocate       0      0     44
       -> osal_msg_receive          0      0     44
       -> Key_ProcessZDOMsgs        0      0     44
       -> Key_HandleKeys            0      0     44
       -> osal_mem_alloc            0      0     44
       -> Key_BindDevice            0      0     48
       -> Sys_BindConfirm           0      0     44
     Key_ProcessZDOMsgs             0      0     43
       -> ZDO_ParseEPListRsp        0      0     40
       -> APSME_BindRequest         0      0     42
       -> osal_stop_timerEx         0      0     40
       -> osal_start_timerEx        0      0     40
       -> ZDP_IEEEAddrReq           0      0     40
       -> Sys_BindConfirm           0      0     40


   Segment part sizes:

     Function/Label                     Bytes
     --------------                     -----
     Key_TaskID                            1
     keyCnt                                1
     Key_ClusterList                       8
     Key_SimpleDesc                      600
     Key_epDesc                          300
     Key_DstAddr                          12
     key_bindInProgress                    2
     Key_Init                            165
     Key_ProcessEvent                    349
     ?Subroutine4                          4
     ??Subroutine9_0                       6
     ?Subroutine2                         18
     Key_ProcessZDOMsgs                  222
     ?Subroutine5                         11
     ??Subroutine10_0                      6
     ??Subroutine11_0                      6
     ?Subroutine1                          8
     ?Subroutine6                         15
     ?Subroutine7                          6
     Key_BindDevice                      325
     ?Subroutine3                         20
     ?Subroutine0                         19
     ?Subroutine8                         12
     Key_HandleKeys                       28
     ?<Initializer for Key_ClusterList>    8
     ?<Initializer for Key_SimpleDesc>   600
     ??Key_Init?relay                      6
     ??Key_ProcessEvent?relay              6
     ??Key_ProcessZDOMsgs?relay            6
     ??Key_BindDevice?relay                6
     ??Key_HandleKeys?relay                6

 
 1 220 bytes in segment BANKED_CODE
    30 bytes in segment BANK_RELAYS
   608 bytes in segment XDATA_I
   608 bytes in segment XDATA_ID
   316 bytes in segment XDATA_Z
 
 1 858 bytes of CODE  memory
   924 bytes of XDATA memory

Errors: none
Warnings: 1
