###############################################################################
#                                                                             #
# IAR C/C++ Compiler V8.10.3.10338/W32 for 8051         17/Apr/2018  12:32:56 #
# Copyright 2004-2011 IAR Systems AB.                                         #
#                                                                             #
#    Core               =  plain                                              #
#    Code model         =  banked                                             #
#    Data model         =  large                                              #
#    Calling convention =  xdata reentrant                                    #
#    Constant location  =  data_rom                                           #
#    Dptr setup         =  1,16                                               #
#    Source file        =  D:\ProgramData\Hardware\zigbee\Projects\zstack\Sam #
#                          ples\SensorSys\Source\Motor_Coor.c                 #
#    Command line       =  -f D:\ProgramData\Hardware\zigbee\Projects\zstack\ #
#                          Samples\SensorSys\CC2530DB\..\..\..\Tools\CC2530DB #
#                          \f8wCoord.cfg (-DCPU32MHZ -DROOT=__near_func       #
#                          -DMAC_CFG_APP_PENDING_QUEUE=TRUE                   #
#                          -DMAC_CFG_TX_DATA_MAX=5 -DMAC_CFG_TX_MAX=8         #
#                          -DMAC_CFG_RX_MAX=5 -DZDO_COORDINATOR -DRTR_NWK)    #
#                          -f D:\ProgramData\Hardware\zigbee\Projects\zstack\ #
#                          Samples\SensorSys\CC2530DB\..\..\..\Tools\CC2530DB #
#                          \f8wConfig.cfg (-DZIGBEEPRO -DSECURE=0             #
#                          -DZG_SECURE_DYNAMIC=0 -DREFLECTOR                  #
#                          -DDEFAULT_CHANLIST=0x00000800                      #
#                          -DZDAPP_CONFIG_PAN_ID=0xFFF1                       #
#                          -DNWK_START_DELAY=100 -DEXTENDED_JOINING_RANDOM_MA #
#                          SK=0x007F -DBEACON_REQUEST_DELAY=100               #
#                          -DBEACON_REQ_DELAY_MASK=0x00FF                     #
#                          -DLINK_STATUS_JITTER_MASK=0x007F                   #
#                          -DROUTE_EXPIRY_TIME=30 -DAPSC_ACK_WAIT_DURATION_PO #
#                          LLED=3000 -DNWK_INDIRECT_MSG_TIMEOUT=7             #
#                          -DMAX_RREQ_ENTRIES=8 -DAPSC_MAX_FRAME_RETRIES=3    #
#                          -DNWK_MAX_DATA_RETRIES=2                           #
#                          -DMAX_POLL_FAILURE_RETRIES=2 -DMAX_BCAST=9         #
#                          -DAPS_MAX_GROUPS=16 -DMAX_RTG_ENTRIES=40           #
#                          -DNWK_MAX_BINDING_ENTRIES=4                        #
#                          -DMAX_BINDING_CLUSTER_IDS=4 "-DDEFAULT_KEY={0x01,  #
#                          0x03, 0x05, 0x07, 0x09, 0x0B, 0x0D, 0x0F, 0x00,    #
#                          0x02, 0x04, 0x06, 0x08, 0x0A, 0x0C, 0x0D}"         #
#                          -DMAC_MAX_FRAME_SIZE=116                           #
#                          -DZDNWKMGR_MIN_TRANSMISSIONS=20 "-DCONST=const     #
#                          __code" -DGENERIC=__generic                        #
#                          -DRFD_RCVC_ALWAYS_ON=TRUE -DPOLL_RATE=1000         #
#                          -DQUEUED_POLL_RATE=100 -DRESPONSE_POLL_RATE=100)   #
#                          -DREJOIN_POLL_RATE=440 D:\ProgramData\Hardware\zig #
#                          bee\Projects\zstack\Samples\SensorSys\Source\Motor #
#                          _Coor.c -D HOLD_AUTO_START -D BUILD_ALL_DEVICES    #
#                          -D REFLECTOR -D NV_INIT -D COOR -D xNV_RESTORE -D  #
#                          ZTOOL_P1 -D xMT_TASK -D xMT_SYS_FUNC -D            #
#                          xMT_SAPI_FUNC -D xMT_SAPI_CB_FUNC -lC              #
#                          D:\ProgramData\Hardware\zigbee\Projects\zstack\Sam #
#                          ples\SensorSys\CC2530DB\CoordinatorEB\List\ -lA    #
#                          D:\ProgramData\Hardware\zigbee\Projects\zstack\Sam #
#                          ples\SensorSys\CC2530DB\CoordinatorEB\List\        #
#                          --diag_suppress Pe001,Pa010 -o                     #
#                          D:\ProgramData\Hardware\zigbee\Projects\zstack\Sam #
#                          ples\SensorSys\CC2530DB\CoordinatorEB\Obj\ -e      #
#                          --no_code_motion --debug --core=plain --dptr=16,1  #
#                          --data_model=large --code_model=banked             #
#                          --calling_convention=xdata_reentrant               #
#                          --place_constants=data_rom --nr_virtual_regs 16    #
#                          -I D:\ProgramData\Hardware\zigbee\Projects\zstack\ #
#                          Samples\SensorSys\CC2530DB\ -I                     #
#                          D:\ProgramData\Hardware\zigbee\Projects\zstack\Sam #
#                          ples\SensorSys\CC2530DB\..\Source\ -I              #
#                          D:\ProgramData\Hardware\zigbee\Projects\zstack\Sam #
#                          ples\SensorSys\CC2530DB\..\..\..\ZMain\TI2530DB\   #
#                          -I D:\ProgramData\Hardware\zigbee\Projects\zstack\ #
#                          Samples\SensorSys\CC2530DB\..\..\..\..\..\Componen #
#                          ts\hal\include\ -I D:\ProgramData\Hardware\zigbee\ #
#                          Projects\zstack\Samples\SensorSys\CC2530DB\..\..\. #
#                          .\..\..\Components\hal\target\CC2530EB\ -I         #
#                          D:\ProgramData\Hardware\zigbee\Projects\zstack\Sam #
#                          ples\SensorSys\CC2530DB\..\..\..\..\..\Components\ #
#                          mac\include\ -I D:\ProgramData\Hardware\zigbee\Pro #
#                          jects\zstack\Samples\SensorSys\CC2530DB\..\..\..\. #
#                          .\..\Components\mac\high_level\ -I                 #
#                          D:\ProgramData\Hardware\zigbee\Projects\zstack\Sam #
#                          ples\SensorSys\CC2530DB\..\..\..\..\..\Components\ #
#                          mac\low_level\srf04\ -I D:\ProgramData\Hardware\zi #
#                          gbee\Projects\zstack\Samples\SensorSys\CC2530DB\.. #
#                          \..\..\..\..\Components\mac\low_level\srf04\single #
#                          _chip\ -I D:\ProgramData\Hardware\zigbee\Projects\ #
#                          zstack\Samples\SensorSys\CC2530DB\..\..\..\..\..\C #
#                          omponents\mt\ -I D:\ProgramData\Hardware\zigbee\Pr #
#                          ojects\zstack\Samples\SensorSys\CC2530DB\..\..\..\ #
#                          ..\..\Components\osal\include\ -I                  #
#                          D:\ProgramData\Hardware\zigbee\Projects\zstack\Sam #
#                          ples\SensorSys\CC2530DB\..\..\..\..\..\Components\ #
#                          services\saddr\ -I D:\ProgramData\Hardware\zigbee\ #
#                          Projects\zstack\Samples\SensorSys\CC2530DB\..\..\. #
#                          .\..\..\Components\services\sdata\ -I              #
#                          D:\ProgramData\Hardware\zigbee\Projects\zstack\Sam #
#                          ples\SensorSys\CC2530DB\..\..\..\..\..\Components\ #
#                          stack\af\ -I D:\ProgramData\Hardware\zigbee\Projec #
#                          ts\zstack\Samples\SensorSys\CC2530DB\..\..\..\..\. #
#                          .\Components\stack\nwk\ -I                         #
#                          D:\ProgramData\Hardware\zigbee\Projects\zstack\Sam #
#                          ples\SensorSys\CC2530DB\..\..\..\..\..\Components\ #
#                          stack\sapi\ -I D:\ProgramData\Hardware\zigbee\Proj #
#                          ects\zstack\Samples\SensorSys\CC2530DB\..\..\..\.. #
#                          \..\Components\stack\sec\ -I                       #
#                          D:\ProgramData\Hardware\zigbee\Projects\zstack\Sam #
#                          ples\SensorSys\CC2530DB\..\..\..\..\..\Components\ #
#                          stack\sys\ -I D:\ProgramData\Hardware\zigbee\Proje #
#                          cts\zstack\Samples\SensorSys\CC2530DB\..\..\..\..\ #
#                          ..\Components\stack\zdo\ -I                        #
#                          D:\ProgramData\Hardware\zigbee\Projects\zstack\Sam #
#                          ples\SensorSys\CC2530DB\..\..\..\..\..\Components\ #
#                          zmac\ -I D:\ProgramData\Hardware\zigbee\Projects\z #
#                          stack\Samples\SensorSys\CC2530DB\..\..\..\..\..\Co #
#                          mponents\zmac\f8w\ -Ohz --require_prototypes       #
#    List file          =  D:\ProgramData\Hardware\zigbee\Projects\zstack\Sam #
#                          ples\SensorSys\CC2530DB\CoordinatorEB\List\Motor_C #
#                          oor.lst                                            #
#    Object file        =  D:\ProgramData\Hardware\zigbee\Projects\zstack\Sam #
#                          ples\SensorSys\CC2530DB\CoordinatorEB\Obj\Motor_Co #
#                          or.r51                                             #
#                                                                             #
#                                                                             #
###############################################################################

D:\ProgramData\Hardware\zigbee\Projects\zstack\Samples\SensorSys\Source\Motor_Coor.c
      1          /*********************************************************************
      2           * INCLUDES
      3           */
      4          #include "OSAL.h"
      5          #include "AF.h"
      6          #include "ZDApp.h"
      7          #include "ZDObject.h"
      8          #include "ZDProfile.h"
      9          #include "sapi.h"
     10          
     11          #include "SensorSys_Coor.h"
     12          #include "device.h"
     13          #include "DebugTrace.h"
     14          
     15          #if !defined( WIN32 )
     16            #include "OnBoard.h"
     17          #endif
     18          
     19          /* HAL */
     20          #include "hal_led.h"
     21          #include "hal_uart.h"
     22          
     23          /*********************************************************************
     24           * MACROS
     25           */
     26          
     27          /*********************************************************************
     28           * CONSTANTS
     29           */
     30          
     31          /*********************************************************************
     32           * TYPEDEFS
     33           */
     34          
     35          /*********************************************************************
     36           * GLOBAL VARIABLES
     37           */

   \                                 In  segment XDATA_Z, align 1, keep-with-next
     38          byte Motor_TaskID;
   \                     Motor_TaskID:
   \   000000                DS 1
   \   000001                REQUIRE __INIT_XDATA_Z

   \                                 In  segment XDATA_Z, align 1, keep-with-next
     39          uint8 motorCnt;
   \                     motorCnt:
   \   000000                DS 1
   \   000001                REQUIRE __INIT_XDATA_Z
     40          
     41          
     42          // Motor Á´ØÁÇπÁöÑÁ∞áID
     43          // This list should be filled with Application specific Cluster IDs.

   \                                 In  segment XDATA_I, align 1, keep-with-next
     44          cId_t Motor_ClusterList[MOTOR_MAX_CLUSTERS] =
   \                     Motor_ClusterList:
   \   000000                DS 8
   \   000008                REQUIRE `?<Initializer for Motor_ClusterList>`
   \   000008                REQUIRE __INIT_XDATA_I
     45          {
     46              PORT_INIT_CLUSTER,
     47              OPERATE_CLUSTER,
     48              LOOP_OPERATE_CLUSTER,
     49              DELETE_CLUSTER
     50          };
     51          
     52          // Motor Á´ØÁÇπÁÆÄÂçïÊèèËø∞Á¨¶

   \                                 In  segment XDATA_I, align 1, keep-with-next
     53          SimpleDescriptionFormat_t Motor_SimpleDesc[MOTOR_NUM_MAX] =
   \                     Motor_SimpleDesc:
   \   000000                DS 120
   \   000078                REQUIRE `?<Initializer for Motor_SimpleDesc>`
   \   000078                REQUIRE __INIT_XDATA_I
     54          {
     55          	MOTOR_ENDPOINT,           //  int Endpoint;
     56          	SYS_PROFID,                //  uint16 AppProfId[2];
     57          	SYS_DEVICEID,              //  uint16 AppDeviceId[2];
     58          	SYS_DEVICE_VERSION,        //  int   AppDevVer:4;
     59          	SYS_FLAGS,                 //  int   AppFlags:4;
     60          	0,                          //  byte  AppNumInClusters;
     61          	NULL,                       //  byte *pAppInClusterList;
     62          	MOTOR_MAX_CLUSTERS,          //  byte  AppNumOutClusters;
     63          	(cId_t *)Motor_ClusterList   //  byte *pAppOutClusterList;
     64          };
     65          

   \                                 In  segment XDATA_Z, align 1, keep-with-next
     66          endPointDesc_t Motor_epDesc[MOTOR_NUM_MAX];
   \                     Motor_epDesc:
   \   000000                DS 60
   \   00003C                REQUIRE __INIT_XDATA_Z
     67          
     68          /*********************************************************************
     69           * EXTERNAL VARIABLES
     70           */
     71          
     72          /*********************************************************************
     73           * EXTERNAL FUNCTIONS
     74           */
     75          
     76          /*********************************************************************
     77           * LOCAL VARIABLES
     78           */

   \                                 In  segment XDATA_Z, align 1, keep-with-next
     79          afAddrType_t Motor_DstAddr;
   \                     Motor_DstAddr:
   \   000000                DS 12
   \   00000C                REQUIRE __INIT_XDATA_Z

   \                                 In  segment XDATA_Z, align 1, keep-with-next
     80          uint16 motor_bindInProgress;
   \                     motor_bindInProgress:
   \   000000                DS 2
   \   000002                REQUIRE __INIT_XDATA_Z
     81          
     82          /*********************************************************************
     83           * LOCAL FUNCTIONS
     84           */
     85          void Motor_Init( byte task_id );
     86          void Motor_ProcessZDOMsgs( zdoIncomingMsg_t *inMsg );
     87          
     88          void Motor_BindDevice ( uint8 create, uint8 endpoint, uint16 *commandId, uint8 *pDestination );
     89          
     90          static void SAPI_BindConfirm( uint16 commandId, uint8 status );
     91          /*********************************************************************
     92           * @fn      Motor_Init
     93           *
     94           * @brief   Initialization function for the Generic App Task.
     95           *          This is called during initialization and should contain
     96           *          any application specific initialization (ie. hardware
     97           *          initialization/setup, table initialization, power up
     98           *          notificaiton ... ).
     99           *
    100           * @param   task_id - the ID assigned by OSAL.  This ID should be
    101           *                    used to send messages and set timers.
    102           *
    103           * @return  none
    104           */

   \                                 In  segment BANKED_CODE, align 1, keep-with-next
    105          void Motor_Init( byte task_id )
   \                     Motor_Init:
    106          {
   \   000000   74F7         MOV     A,#-0x9
   \   000002   12....       LCALL   ?BANKED_ENTER_XDATA
   \   000005                ; Saved register size: 9
   \   000005                ; Auto size: 0
   \   000005   E9           MOV     A,R1
    107            char i;
    108            Motor_TaskID = task_id;
   \   000006   90....       MOV     DPTR,#Motor_TaskID
   \   000009   F0           MOVX    @DPTR,A
    109            motorCnt = 0;
   \   00000A   90....       MOV     DPTR,#motorCnt
   \   00000D   E4           CLR     A
   \   00000E   F0           MOVX    @DPTR,A
    110            
    111            // Device hardware initialization can be added here or in main() (Zmain.c).
    112            // If the hardware is application specific - add it here.
    113            // If the hardware is other parts of the device add it in main().
    114          
    115            Motor_DstAddr.addrMode = (afAddrMode_t)AddrNotPresent;
   \   00000F   90....       MOV     DPTR,#Motor_DstAddr + 8
   \   000012   F0           MOVX    @DPTR,A
    116            Motor_DstAddr.endPoint = 0;
   \   000013   A3           INC     DPTR
   \   000014   F0           MOVX    @DPTR,A
    117            Motor_DstAddr.addr.shortAddr = 0;
   \   000015   90....       MOV     DPTR,#Motor_DstAddr
   \   000018   F0           MOVX    @DPTR,A
   \   000019   A3           INC     DPTR
   \   00001A   F0           MOVX    @DPTR,A
    118          
    119              for( i=0; i<MOTOR_NUM_MAX; i++)
   \   00001B   FF           MOV     R7,A
    120              {
    121                  // Fill out the endpoint description.
    122                  Motor_epDesc[i].endPoint = MOTOR_ENDPOINT+i;
   \                     ??Motor_Init_0:
   \   00001C   8F82         MOV     DPL,R7
   \   00001E   A882         MOV     R0,DPL
   \   000020   E8           MOV     A,R0
   \   000021   75F006       MOV     B,#0x6
   \   000024   A4           MUL     AB
   \   000025   FA           MOV     R2,A
   \   000026   ABF0         MOV     R3,B
   \   000028   74..         MOV     A,#Motor_epDesc & 0xff
   \   00002A   2A           ADD     A,R2
   \   00002B   FA           MOV     R2,A
   \   00002C   74..         MOV     A,#(Motor_epDesc >> 8) & 0xff
   \   00002E   3B           ADDC    A,R3
   \   00002F   FB           MOV     R3,A
   \   000030   746E         MOV     A,#0x6e
   \   000032   2F           ADD     A,R7
   \   000033   8A82         MOV     DPL,R2
   \   000035   8B83         MOV     DPH,R3
   \   000037   F0           MOVX    @DPTR,A
    123                  Motor_epDesc[i].task_id = &Motor_TaskID;
   \   000038   A3           INC     DPTR
   \   000039   74..         MOV     A,#Motor_TaskID & 0xff
   \   00003B   F0           MOVX    @DPTR,A
   \   00003C   A3           INC     DPTR
   \   00003D   74..         MOV     A,#(Motor_TaskID >> 8) & 0xff
   \   00003F   F0           MOVX    @DPTR,A
    124                  Motor_SimpleDesc[i] = Motor_SimpleDesc[0];
   \   000040   E8           MOV     A,R0
   \   000041   75F00C       MOV     B,#0xc
   \   000044   A4           MUL     AB
   \   000045   F8           MOV     R0,A
   \   000046   A9F0         MOV     R1,B
   \   000048   74..         MOV     A,#Motor_SimpleDesc & 0xff
   \   00004A   28           ADD     A,R0
   \   00004B   F8           MOV     R0,A
   \   00004C   74..         MOV     A,#(Motor_SimpleDesc >> 8) & 0xff
   \   00004E   39           ADDC    A,R1
   \   00004F   F9           MOV     R1,A
   \   000050   90....       MOV     DPTR,#Motor_SimpleDesc
   \   000053   E8           MOV     A,R0
   \   000054   FC           MOV     R4,A
   \   000055   E9           MOV     A,R1
   \   000056   FD           MOV     R5,A
   \   000057   740C         MOV     A,#0xc
   \   000059   12....       LCALL   ?MOVE_LONG8_XDATA_XDATA
    125                  Motor_epDesc[i].simpleDesc
    126                                                      = (SimpleDescriptionFormat_t *)&(Motor_SimpleDesc[i]);
   \   00005C   8A82         MOV     DPL,R2
   \   00005E   8B83         MOV     DPH,R3
   \   000060   A3           INC     DPTR
   \   000061   A3           INC     DPTR
   \   000062   A3           INC     DPTR
   \   000063   E8           MOV     A,R0
   \   000064   F0           MOVX    @DPTR,A
   \   000065   A3           INC     DPTR
   \   000066   E9           MOV     A,R1
   \   000067   F0           MOVX    @DPTR,A
    127                  Motor_SimpleDesc[i].EndPoint += i;
   \   000068   8882         MOV     DPL,R0
   \   00006A   8983         MOV     DPH,R1
   \   00006C   E0           MOVX    A,@DPTR
   \   00006D   2F           ADD     A,R7
   \   00006E   F0           MOVX    @DPTR,A
    128                  Motor_epDesc[i].latencyReq = noLatencyReqs;
   \   00006F   8A82         MOV     DPL,R2
   \   000071   8B83         MOV     DPH,R3
   \   000073   A3           INC     DPTR
   \   000074   A3           INC     DPTR
   \   000075   A3           INC     DPTR
   \   000076   A3           INC     DPTR
   \   000077   A3           INC     DPTR
   \   000078   E4           CLR     A
   \   000079   F0           MOVX    @DPTR,A
    129                  
    130                  // Register the endpoint description with the AF
    131                  afRegister( &(Motor_epDesc[i]) );
   \   00007A                ; Setup parameters for call to function afRegister
   \   00007A   12....       LCALL   ??afRegister?relay
    132              }
   \   00007D   0F           INC     R7
   \   00007E   EF           MOV     A,R7
   \   00007F   C3           CLR     C
   \   000080   940A         SUBB    A,#0xa
   \   000082   4098         JC      ??Motor_Init_0
    133          
    134            motor_bindInProgress = 0xffff;
   \   000084   90....       MOV     DPTR,#motor_bindInProgress
   \   000087   74FF         MOV     A,#-0x1
   \   000089   F0           MOVX    @DPTR,A
   \   00008A   A3           INC     DPTR
   \   00008B   F0           MOVX    @DPTR,A
    135          
    136            ZDO_RegisterForZDOMsg( Motor_TaskID, Match_Desc_rsp );
   \   00008C                ; Setup parameters for call to function ZDO_RegisterForZDOMsg
   \   00008C   7A06         MOV     R2,#0x6
   \   00008E   7B80         MOV     R3,#-0x80
   \   000090   90....       MOV     DPTR,#Motor_TaskID
   \   000093   E0           MOVX    A,@DPTR
   \   000094   F9           MOV     R1,A
   \   000095   12....       LCALL   ??ZDO_RegisterForZDOMsg?relay
    137          }
   \   000098   7F01         MOV     R7,#0x1
   \   00009A   02....       LJMP    ?BANKED_LEAVE_XDATA
    138          
    139          /*********************************************************************
    140           * @fn      Motor_ProcessEvent
    141           *
    142           * @brief   Generic Application Task event processor.  This function
    143           *          is called to process all events for the task.  Events
    144           *          include timers, messages and any other user defined events.
    145           *
    146           * @param   task_id  - The OSAL assigned task ID.
    147           * @param   events - events to process.  This is a bit map and can
    148           *                   contain more than one event.
    149           *
    150           * @return  none
    151           */

   \                                 In  segment BANKED_CODE, align 1, keep-with-next
    152          UINT16 Motor_ProcessEvent( byte task_id, UINT16 events )
   \                     Motor_ProcessEvent:
    153          {
   \   000000   74F2         MOV     A,#-0xe
   \   000002   12....       LCALL   ?BANKED_ENTER_XDATA
   \   000005                ; Saved register size: 14
   \   000005                ; Auto size: 0
   \   000005   EA           MOV     A,R2
   \   000006   FE           MOV     R6,A
   \   000007   EB           MOV     A,R3
   \   000008   FF           MOV     R7,A
    154            afIncomingMSGPacket_t *MSGpkt = NULL;
    155          
    156            (void)task_id;  // Intentionally unreferenced parameter
    157          
    158            if ( events & SYS_EVENT_MSG )
   \   000009   5480         ANL     A,#0x80
   \   00000B   6035         JZ      ??Motor_ProcessEvent_0
    159            {
    160              MSGpkt = (afIncomingMSGPacket_t *)osal_msg_receive( task_id );
   \   00000D                ; Setup parameters for call to function osal_msg_receive
   \   00000D   801E         SJMP    ??Motor_ProcessEvent_1
    161              while ( MSGpkt )
    162              {
    163                switch ( MSGpkt->hdr.event )
   \                     ??Motor_ProcessEvent_2:
   \   00000F   85..82       MOV     DPL,?V0 + 0
   \   000012   85..83       MOV     DPH,?V0 + 1
   \   000015   E0           MOVX    A,@DPTR
   \   000016   64D3         XRL     A,#0xd3
   \   000018   7007         JNZ     ??Motor_ProcessEvent_3
    164                {
    165                  case ZDO_CB_MSG:  // Êî∂Âà∞Ë¢´ÁªëÂÆöËäÇÁÇπÁöÑrsp
    166                    Motor_ProcessZDOMsgs( (zdoIncomingMsg_t *)MSGpkt);
   \   00001A                ; Setup parameters for call to function Motor_ProcessZDOMsgs
   \   00001A   AA..         MOV     R2,?V0 + 0
   \   00001C   AB..         MOV     R3,?V0 + 1
   \   00001E   12....       LCALL   ??Motor_ProcessZDOMsgs?relay
    167                    break;
    168                }
    169                // Release the memory
    170                osal_msg_deallocate( (uint8 *)MSGpkt );
   \                     ??Motor_ProcessEvent_3:
   \   000021                ; Setup parameters for call to function osal_msg_deallocate
   \   000021   AA..         MOV     R2,?V0 + 0
   \   000023   AB..         MOV     R3,?V0 + 1
   \   000025   12....       LCALL   ??osal_msg_deallocate?relay
    171          
    172                // Next
    173                MSGpkt = (afIncomingMSGPacket_t *)osal_msg_receive( Motor_TaskID );
   \   000028                ; Setup parameters for call to function osal_msg_receive
   \   000028   90....       MOV     DPTR,#Motor_TaskID
   \   00002B   E0           MOVX    A,@DPTR
   \   00002C   F9           MOV     R1,A
   \                     ??Motor_ProcessEvent_1:
   \   00002D   12....       LCALL   ??osal_msg_receive?relay
   \   000030   8A..         MOV     ?V0 + 0,R2
   \   000032   8B..         MOV     ?V0 + 1,R3
    174              }
   \   000034   E5..         MOV     A,?V0 + 0
   \   000036   45..         ORL     A,?V0 + 1
   \   000038   70D5         JNZ     ??Motor_ProcessEvent_2
    175             return (events ^ SYS_EVENT_MSG);
   \   00003A   EE           MOV     A,R6
   \   00003B   FA           MOV     R2,A
   \   00003C   EF           MOV     A,R7
   \   00003D   6480         XRL     A,#0x80
   \                     ??Motor_ProcessEvent_4:
   \   00003F   FB           MOV     R3,A
   \   000040   8046         SJMP    ??Motor_ProcessEvent_5
    176            }
    177          
    178            if( events & MATCH_BIND_EVT ) // ÂπøÊí≠ match ÁªëÂÆö
   \                     ??Motor_ProcessEvent_0:
   \   000042   EE           MOV     A,R6
   \   000043   5402         ANL     A,#0x2
   \   000045   602E         JZ      ??Motor_ProcessEvent_6
    179            {
    180              if(motorCnt == MOTOR_NUM_MAX)
   \   000047   90....       MOV     DPTR,#motorCnt
   \   00004A   E0           MOVX    A,@DPTR
   \   00004B   640A         XRL     A,#0xa
   \   00004D   601F         JZ      ??Motor_ProcessEvent_7
    181              {
    182                  // do something
    183              }
    184              else
    185              {
    186                  Motor_BindDevice(TRUE, MOTOR_ENDPOINT+motorCnt, Motor_ClusterList, NULL); 
   \   00004F                ; Setup parameters for call to function Motor_BindDevice
   \   00004F   E4           CLR     A
   \   000050   F5..         MOV     ?V0 + 0,A
   \   000052   F5..         MOV     ?V0 + 1,A
   \   000054   78..         MOV     R0,#?V0 + 0
   \   000056   12....       LCALL   ?PUSH_XSTACK_I_TWO
   \   000059   7C..         MOV     R4,#Motor_ClusterList & 0xff
   \   00005B   7D..         MOV     R5,#(Motor_ClusterList >> 8) & 0xff
   \   00005D   90....       MOV     DPTR,#motorCnt
   \   000060   E0           MOVX    A,@DPTR
   \   000061   246E         ADD     A,#0x6e
   \   000063   FA           MOV     R2,A
   \   000064   7901         MOV     R1,#0x1
   \   000066   12....       LCALL   ??Motor_BindDevice?relay
   \   000069   7402         MOV     A,#0x2
   \   00006B   12....       LCALL   ?DEALLOC_XSTACK8
    187              }
    188              return (events ^ MATCH_BIND_EVT);
   \                     ??Motor_ProcessEvent_7:
   \   00006E   EE           MOV     A,R6
   \   00006F   6402         XRL     A,#0x2
   \                     ??Motor_ProcessEvent_8:
   \   000071   FA           MOV     R2,A
   \   000072   EF           MOV     A,R7
   \   000073   80CA         SJMP    ??Motor_ProcessEvent_4
    189            }
    190            
    191            if ( events & MOTOR_BIND_TIMER )
   \                     ??Motor_ProcessEvent_6:
   \   000075   EE           MOV     A,R6
   \   000076   5421         ANL     A,#0x21
   \   000078   600A         JZ      ??Motor_ProcessEvent_9
    192            {
    193              // Send bind confirm callback to application
    194              SAPI_BindConfirm( motor_bindInProgress, ZB_TIMEOUT );
   \   00007A                ; Setup parameters for call to function Sys_BindConfirm
   \   00007A   7921         MOV     R1,#0x21
   \   00007C   12....       LCALL   ?Subroutine3 & 0xFFFF
    195              motor_bindInProgress = 0xffff;
    196          
    197              return (events ^ MOTOR_BIND_TIMER);
   \                     ??CrossCallReturnLabel_4:
   \   00007F   EE           MOV     A,R6
   \   000080   6421         XRL     A,#0x21
   \   000082   80ED         SJMP    ??Motor_ProcessEvent_8
    198            }
    199            
    200            return 0;
   \                     ??Motor_ProcessEvent_9:
   \   000084   7A00         MOV     R2,#0x0
   \   000086   7B00         MOV     R3,#0x0
   \                     ??Motor_ProcessEvent_5:
   \   000088                REQUIRE ?Subroutine0
   \   000088                ; // Fall through to label ?Subroutine0
    201          }

   \                                 In  segment BANKED_CODE, align 1, keep-with-next
   \                     ?Subroutine0:
   \   000000   7F06         MOV     R7,#0x6
   \   000002   02....       LJMP    ?BANKED_LEAVE_XDATA

   \                                 In  segment BANKED_CODE, align 1, keep-with-next
   \                     ?Subroutine3:
   \   000000   90....       MOV     DPTR,#motor_bindInProgress
   \   000003   12....       LCALL   ??Subroutine10_0 & 0xFFFF
   \                     ??CrossCallReturnLabel_16:
   \   000006   12....       LCALL   ??Sys_BindConfirm?relay
   \   000009   90....       MOV     DPTR,#motor_bindInProgress
   \   00000C   74FF         MOV     A,#-0x1
   \   00000E   F0           MOVX    @DPTR,A
   \   00000F   A3           INC     DPTR
   \   000010   F0           MOVX    @DPTR,A
   \   000011   22           RET
    202          
    203          /*********************************************************************
    204           * @fn      Motor_ProcessZDOMsgs()
    205           *
    206           * @brief   Process response messages
    207           *
    208           * @param   none
    209           *
    210           * @return  none
    211           */

   \                                 In  segment BANKED_CODE, align 1, keep-with-next
    212          void Motor_ProcessZDOMsgs( zdoIncomingMsg_t *inMsg )
   \                     Motor_ProcessZDOMsgs:
    213          {
   \   000000   74F5         MOV     A,#-0xb
   \   000002   12....       LCALL   ?BANKED_ENTER_XDATA
   \   000005                ; Saved register size: 11
   \   000005                ; Auto size: 9
   \   000005   74F7         MOV     A,#-0x9
   \   000007   12....       LCALL   ?ALLOC_XSTACK8
    214            switch ( inMsg->clusterID )
   \   00000A   EA           MOV     A,R2
   \   00000B   240C         ADD     A,#0xc
   \   00000D   F582         MOV     DPL,A
   \   00000F   EB           MOV     A,R3
   \   000010   3400         ADDC    A,#0x0
   \   000012   F583         MOV     DPH,A
   \   000014   E0           MOVX    A,@DPTR
   \   000015   6406         XRL     A,#0x6
   \   000017   7004         JNZ     ??Motor_ProcessZDOMsgs_0
   \   000019   A3           INC     DPTR
   \   00001A   E0           MOVX    A,@DPTR
   \   00001B   6480         XRL     A,#0x80
   \                     ??Motor_ProcessZDOMsgs_0:
   \   00001D   6003         JZ      $+5
   \   00001F   02....       LJMP    ??Motor_ProcessZDOMsgs_1 & 0xFFFF
    215            {
    216              case Match_Desc_rsp:
    217                {
    218                  zAddrType_t dstAddr;
    219                  ZDO_ActiveEndpointRsp_t *pRsp = ZDO_ParseEPListRsp( inMsg );
   \   000022                ; Setup parameters for call to function ZDO_ParseEPListRsp
   \   000022   12....       LCALL   ??ZDO_ParseEPListRsp?relay
   \   000025   8A..         MOV     ?V0 + 0,R2
   \   000027   8B..         MOV     ?V0 + 1,R3
   \   000029   AE..         MOV     R6,?V0 + 0
   \   00002B   AF..         MOV     R7,?V0 + 1
    220          
    221                  if ( motor_bindInProgress != 0xffff )
   \   00002D   90....       MOV     DPTR,#motor_bindInProgress
   \   000030   E0           MOVX    A,@DPTR
   \   000031   F4           CPL     A
   \   000032   7003         JNZ     ??Motor_ProcessZDOMsgs_2
   \   000034   A3           INC     DPTR
   \   000035   E0           MOVX    A,@DPTR
   \   000036   F4           CPL     A
   \                     ??Motor_ProcessZDOMsgs_2:
   \   000037   7003         JNZ     $+5
   \   000039   02....       LJMP    ??Motor_ProcessZDOMsgs_1 & 0xFFFF
    222                  {
    223                    uint8 ret = 0;
    224                    // Create a binding table entry
    225                    dstAddr.addrMode = Addr16Bit;
   \   00003C   7408         MOV     A,#0x8
   \   00003E   12....       LCALL   ?XSTACK_DISP0_8
   \   000041   7402         MOV     A,#0x2
   \   000043   F0           MOVX    @DPTR,A
    226                    dstAddr.addr.shortAddr = pRsp->nwkAddr;
   \   000044   8E82         MOV     DPL,R6
   \   000046   8F83         MOV     DPH,R7
   \   000048   A3           INC     DPTR
   \   000049   E0           MOVX    A,@DPTR
   \   00004A   F8           MOV     R0,A
   \   00004B   A3           INC     DPTR
   \   00004C   E0           MOVX    A,@DPTR
   \   00004D   F9           MOV     R1,A
   \   00004E   85..82       MOV     DPL,?XSP + 0
   \   000051   85..83       MOV     DPH,?XSP + 1
   \   000054   E8           MOV     A,R0
   \   000055   F0           MOVX    @DPTR,A
   \   000056   A3           INC     DPTR
   \   000057   E9           MOV     A,R1
   \   000058   F0           MOVX    @DPTR,A
    227          
    228                    for(char i=0; i<MOTOR_MAX_CLUSTERS; i++)
   \   000059   75..00       MOV     ?V0 + 2,#0x0
    229                    {
    230                          if ( APSME_BindRequest( Motor_epDesc[motorCnt].simpleDesc->EndPoint,
    231                               motor_bindInProgress+i, &dstAddr, pRsp->epList[0] ) != ZSuccess )
   \                     ??Motor_ProcessZDOMsgs_3:
   \   00005C                ; Setup parameters for call to function APSME_BindRequest
   \   00005C   8E82         MOV     DPL,R6
   \   00005E   8F83         MOV     DPH,R7
   \   000060   A3           INC     DPTR
   \   000061   A3           INC     DPTR
   \   000062   A3           INC     DPTR
   \   000063   A3           INC     DPTR
   \   000064   E0           MOVX    A,@DPTR
   \   000065   F5..         MOV     ?V0 + 0,A
   \   000067   78..         MOV     R0,#?V0 + 0
   \   000069   12....       LCALL   ?PUSH_XSTACK_I_ONE
   \   00006C   7401         MOV     A,#0x1
   \   00006E   12....       LCALL   ?XSTACK_DISP0_8
   \   000071   AC82         MOV     R4,DPL
   \   000073   AD83         MOV     R5,DPH
   \   000075   90....       MOV     DPTR,#motor_bindInProgress
   \   000078   85....       MOV     ?V0 + 0,?V0 + 2
   \   00007B   E0           MOVX    A,@DPTR
   \   00007C   25..         ADD     A,?V0 + 0
   \   00007E   FA           MOV     R2,A
   \   00007F   A3           INC     DPTR
   \   000080   E0           MOVX    A,@DPTR
   \   000081   3400         ADDC    A,#0x0
   \   000083   FB           MOV     R3,A
   \   000084   90....       MOV     DPTR,#motorCnt
   \   000087   E0           MOVX    A,@DPTR
   \   000088   75F006       MOV     B,#0x6
   \   00008B   A4           MUL     AB
   \   00008C   F8           MOV     R0,A
   \   00008D   85F0..       MOV     ?V0 + 0,B
   \   000090   A9..         MOV     R1,?V0 + 0
   \   000092   12....       LCALL   ?Subroutine8 & 0xFFFF
    232                          {
    233                              ret = 1;
    234                              break;
    235                          }
    236                    }
   \                     ??CrossCallReturnLabel_10:
   \   000095   F583         MOV     DPH,A
   \   000097   8882         MOV     DPL,R0
   \   000099   E0           MOVX    A,@DPTR
   \   00009A   F9           MOV     R1,A
   \   00009B   12....       LCALL   ??APSME_BindRequest?relay
   \   00009E   7401         MOV     A,#0x1
   \   0000A0   12....       LCALL   ?DEALLOC_XSTACK8
   \   0000A3   E9           MOV     A,R1
   \   0000A4   7034         JNZ     ??Motor_ProcessZDOMsgs_1
   \   0000A6   05..         INC     ?V0 + 2
   \   0000A8   E5..         MOV     A,?V0 + 2
   \   0000AA   C3           CLR     C
   \   0000AB   9404         SUBB    A,#0x4
   \   0000AD   40AD         JC      ??Motor_ProcessZDOMsgs_3
    237                    if(ret == ZSuccess)
    238                    {
    239                      osal_stop_timerEx(Motor_TaskID,  MOTOR_BIND_TIMER);
   \   0000AF                ; Setup parameters for call to function osal_stop_timerEx
   \   0000AF   7A21         MOV     R2,#0x21
   \   0000B1   7B00         MOV     R3,#0x0
   \   0000B3   90....       MOV     DPTR,#Motor_TaskID
   \   0000B6   E0           MOVX    A,@DPTR
   \   0000B7   F9           MOV     R1,A
   \   0000B8   12....       LCALL   ??osal_stop_timerEx?relay
    240                      osal_start_timerEx( ZDAppTaskID, ZDO_NWK_UPDATE_NV, 250 );
   \   0000BB                ; Setup parameters for call to function osal_start_timerEx
   \   0000BB   12....       LCALL   ?Subroutine5 & 0xFFFF
    241                      // Find IEEE addr
    242                      ZDP_IEEEAddrReq( pRsp->nwkAddr, ZDP_ADDR_REQTYPE_SINGLE, 0, 0 );
   \                     ??CrossCallReturnLabel_12:
   \   0000BE                ; Setup parameters for call to function ZDP_IEEEAddrReq
   \   0000BE   7D00         MOV     R5,#0x0
   \   0000C0   7C00         MOV     R4,#0x0
   \   0000C2   7900         MOV     R1,#0x0
   \   0000C4   8E82         MOV     DPL,R6
   \   0000C6   8F83         MOV     DPH,R7
   \   0000C8   A3           INC     DPTR
   \   0000C9   12....       LCALL   ??Subroutine10_0 & 0xFFFF
   \                     ??CrossCallReturnLabel_15:
   \   0000CC   12....       LCALL   ??ZDP_IEEEAddrReq?relay
    243                      // Send bind confirm callback to application
    244                      Sys_BindConfirm( motor_bindInProgress, ZB_SUCCESS );
   \   0000CF                ; Setup parameters for call to function Sys_BindConfirm
   \   0000CF   7900         MOV     R1,#0x0
   \   0000D1   12....       LCALL   ?Subroutine3 & 0xFFFF
    245                      motor_bindInProgress = 0xffff;
    246                      motorCnt++;            
   \                     ??CrossCallReturnLabel_5:
   \   0000D4   90....       MOV     DPTR,#motorCnt
   \   0000D7   E0           MOVX    A,@DPTR
   \   0000D8   04           INC     A
   \   0000D9   F0           MOVX    @DPTR,A
    247                    }
    248                    else
    249                    {
    250                          // ClusterID wrong
    251                    }
    252                  }
    253                }
    254              break;
    255            }
    256          }
   \                     ??Motor_ProcessZDOMsgs_1:
   \   0000DA   7409         MOV     A,#0x9
   \   0000DC   12....       LCALL   ?DEALLOC_XSTACK8
   \   0000DF   7F03         MOV     R7,#0x3
   \   0000E1   02....       LJMP    ?BANKED_LEAVE_XDATA

   \                                 In  segment BANKED_CODE, align 1, keep-with-next
   \                     ?Subroutine5:
   \   000000   7CFA         MOV     R4,#-0x6
   \   000002   7D00         MOV     R5,#0x0
   \   000004   7A00         MOV     R2,#0x0
   \   000006   7B02         MOV     R3,#0x2
   \   000008   90....       MOV     DPTR,#ZDAppTaskID
   \   00000B                REQUIRE ??Subroutine9_0
   \   00000B                ; // Fall through to label ??Subroutine9_0

   \                                 In  segment BANKED_CODE, align 1, keep-with-next
   \                     ??Subroutine9_0:
   \   000000   E0           MOVX    A,@DPTR
   \   000001   F9           MOV     R1,A
   \   000002   12....       LCALL   ??osal_start_timerEx?relay
   \   000005   22           RET

   \                                 In  segment BANKED_CODE, align 1, keep-with-next
   \                     ??Subroutine10_0:
   \   000000   E0           MOVX    A,@DPTR
   \   000001   FA           MOV     R2,A
   \   000002   A3           INC     DPTR
   \   000003   E0           MOVX    A,@DPTR
   \   000004   FB           MOV     R3,A
   \   000005   22           RET

   \                                 In  segment BANKED_CODE, align 1, keep-with-next
   \                     ?Subroutine8:
   \   000000   74..         MOV     A,#(Motor_epDesc + 3) & 0xff
   \   000002   28           ADD     A,R0
   \   000003   F582         MOV     DPL,A
   \   000005   74..         MOV     A,#((Motor_epDesc + 3) >> 8) & 0xff
   \   000007   39           ADDC    A,R1
   \   000008   F583         MOV     DPH,A
   \   00000A   E0           MOVX    A,@DPTR
   \   00000B   F8           MOV     R0,A
   \   00000C   A3           INC     DPTR
   \   00000D   E0           MOVX    A,@DPTR
   \   00000E   22           RET
    257          
    258          /******************************************************************************
    259           * @fn          Motor_BindDevice
    260           *
    261           * @brief       The zb_BindDevice function establishes or removes a °Æbinding? *              between two devices.  Once bound, an application can send
    262           *              messages to a device by referencing the commandId for the
    263           *              binding.
    264           *
    265           * @param       create - TRUE to create a binding, FALSE to remove a binding
    266           *              commandId - The identifier of the binding
    267           *              pDestination - The 64-bit IEEE address of the device to bind to
    268           *
    269           * @return      The status of the bind operation is returned in the
    270           *              Sys_BindConfirm callback.
    271           */

   \                                 In  segment BANKED_CODE, align 1, keep-with-next
   \                     ?Subroutine7:
   \   000000   85..82       MOV     DPL,?V0 + 2
   \   000003   85..83       MOV     DPH,?V0 + 3
   \   000006                REQUIRE ??Subroutine10_0
   \   000006                ; // Fall through to label ??Subroutine10_0

   \                                 In  segment BANKED_CODE, align 1, keep-with-next
    272          void Motor_BindDevice ( uint8 create, uint8 endpoint, uint16 *commandId, uint8 *pDestination )
   \                     Motor_BindDevice:
    273          {
   \   000000   74F2         MOV     A,#-0xe
   \   000002   12....       LCALL   ?BANKED_ENTER_XDATA
   \   000005                ; Saved register size: 14
   \   000005                ; Auto size: 9
   \   000005   74F7         MOV     A,#-0x9
   \   000007   12....       LCALL   ?ALLOC_XSTACK8
   \   00000A   8A..         MOV     ?V0 + 0,R2
   \   00000C   8C..         MOV     ?V0 + 2,R4
   \   00000E   8D..         MOV     ?V0 + 3,R5
   \   000010   7417         MOV     A,#0x17
   \   000012   12....       LCALL   ?XSTACK_DISP0_8
   \   000015   E0           MOVX    A,@DPTR
   \   000016   FE           MOV     R6,A
   \   000017   A3           INC     DPTR
   \   000018   E0           MOVX    A,@DPTR
   \   000019   FF           MOV     R7,A
    274            zAddrType_t destination;
    275            uint8 ret = ZB_ALREADY_IN_PROGRESS;
    276          
    277            if ( create )
   \   00001A   E9           MOV     A,R1
   \   00001B   7003         JNZ     $+5
   \   00001D   02....       LJMP    ??Motor_BindDevice_0 & 0xFFFF
    278            {
    279              if (motor_bindInProgress == 0xffff)
   \   000020   90....       MOV     DPTR,#motor_bindInProgress
   \   000023   E0           MOVX    A,@DPTR
   \   000024   F4           CPL     A
   \   000025   7003         JNZ     ??Motor_BindDevice_1
   \   000027   A3           INC     DPTR
   \   000028   E0           MOVX    A,@DPTR
   \   000029   F4           CPL     A
   \                     ??Motor_BindDevice_1:
   \   00002A   6003         JZ      $+5
   \   00002C   02....       LJMP    ??CrossCallReturnLabel_13 & 0xFFFF
    280              {
    281                if ( pDestination )
   \   00002F   EE           MOV     A,R6
   \   000030   4F           ORL     A,R7
   \   000031   604E         JZ      ??Motor_BindDevice_2
    282                {
    283                  destination.addrMode = Addr64Bit;
   \   000033   7408         MOV     A,#0x8
   \   000035   12....       LCALL   ?XSTACK_DISP0_8
   \   000038   7403         MOV     A,#0x3
   \   00003A   F0           MOVX    @DPTR,A
    284                  osal_cpyExtAddr( destination.addr.extAddr, pDestination );
   \   00003B                ; Setup parameters for call to function sAddrExtCpy
   \   00003B   EE           MOV     A,R6
   \   00003C   FC           MOV     R4,A
   \   00003D   EF           MOV     A,R7
   \   00003E   FD           MOV     R5,A
   \   00003F   85..82       MOV     DPL,?XSP + 0
   \   000042   85..83       MOV     DPH,?XSP + 1
   \   000045   AA82         MOV     R2,DPL
   \   000047   AB83         MOV     R3,DPH
   \   000049   12....       LCALL   ??sAddrExtCpy?relay
    285                    // srcEndpoint, dstEndpoint
    286                  ret = APSME_BindRequest( endpoint, commandId[0],
    287                                                      &destination, endpoint );
    288          
    289                  if ( ret == ZSuccess )
   \   00004C                ; Setup parameters for call to function APSME_BindRequest
   \   00004C   E5..         MOV     A,?V0 + 0
   \   00004E   F5..         MOV     ?V0 + 4,A
   \   000050   78..         MOV     R0,#?V0 + 4
   \   000052   12....       LCALL   ?PUSH_XSTACK_I_ONE
   \   000055   7401         MOV     A,#0x1
   \   000057   12....       LCALL   ?XSTACK_DISP0_8
   \   00005A   AC82         MOV     R4,DPL
   \   00005C   AD83         MOV     R5,DPH
   \   00005E   12....       LCALL   ?Subroutine7 & 0xFFFF
   \                     ??CrossCallReturnLabel_17:
   \   000061   A9..         MOV     R1,?V0 + 0
   \   000063   12....       LCALL   ??APSME_BindRequest?relay
   \   000066   7401         MOV     A,#0x1
   \   000068   12....       LCALL   ?DEALLOC_XSTACK8
   \   00006B   E9           MOV     A,R1
   \   00006C   6003         JZ      $+5
   \   00006E   02....       LJMP    ??CrossCallReturnLabel_13 & 0xFFFF
    290                  {
    291                    // Find nwk addr
    292                    ZDP_NwkAddrReq(pDestination, ZDP_ADDR_REQTYPE_SINGLE, 0, 0 );
   \   000071                ; Setup parameters for call to function ZDP_NwkAddrReq
   \   000071   7D00         MOV     R5,#0x0
   \   000073   7C00         MOV     R4,#0x0
   \   000075   7900         MOV     R1,#0x0
   \   000077   EE           MOV     A,R6
   \   000078   FA           MOV     R2,A
   \   000079   EF           MOV     A,R7
   \   00007A   FB           MOV     R3,A
   \   00007B   12....       LCALL   ??ZDP_NwkAddrReq?relay
    293                    osal_start_timerEx( ZDAppTaskID, ZDO_NWK_UPDATE_NV, 250 );
   \   00007E                ; Setup parameters for call to function osal_start_timerEx
   \   00007E   02....       LJMP    ??Motor_BindDevice_3 & 0xFFFF
    294                  }
    295                }
    296                else
    297                {
    298                  ret = ZB_INVALID_PARAMETER;
    299                  destination.addrMode = Addr16Bit;
   \                     ??Motor_BindDevice_2:
   \   000081   7408         MOV     A,#0x8
   \   000083   12....       LCALL   ?XSTACK_DISP0_8
   \   000086   7402         MOV     A,#0x2
   \   000088   F0           MOVX    @DPTR,A
    300                  destination.addr.shortAddr = NWK_BROADCAST_SHORTADDR;
   \   000089   85..82       MOV     DPL,?XSP + 0
   \   00008C   85..83       MOV     DPH,?XSP + 1
   \   00008F   74FF         MOV     A,#-0x1
   \   000091   F0           MOVX    @DPTR,A
   \   000092   A3           INC     DPTR
   \   000093   F0           MOVX    @DPTR,A
   \   000094   12....       LCALL   ?Subroutine1 & 0xFFFF
   \                     ??CrossCallReturnLabel_0:
   \   000097   A3           INC     DPTR
   \   000098   A3           INC     DPTR
   \   000099   A3           INC     DPTR
   \   00009A   12....       LCALL   ?PUSH_XSTACK8_X_TWO
   \   00009D   8882         MOV     DPL,R0
   \   00009F   8983         MOV     DPH,R1
   \   0000A1   A3           INC     DPTR
   \   0000A2   A3           INC     DPTR
   \   0000A3   A3           INC     DPTR
   \   0000A4   12....       LCALL   ?Subroutine4 & 0xFFFF
   \                     ??CrossCallReturnLabel_6:
   \   0000A7   12....       LCALL   ?DEALLOC_XSTACK8
   \   0000AA   E9           MOV     A,R1
   \   0000AB   6024         JZ      ??Motor_BindDevice_4
    301                  if ( ZDO_AnyClusterMatches( MOTOR_MAX_CLUSTERS, commandId, Motor_epDesc[motorCnt].simpleDesc->AppNumOutClusters,
    302                                                          Motor_epDesc[motorCnt].simpleDesc->pAppOutClusterList ) )
    303                  {
    304                    // Try to match with a device in the allow bind mode
    305                    ret = ZDP_MatchDescReq( &destination, NWK_BROADCAST_SHORTADDR,
    306                        Motor_epDesc[motorCnt].simpleDesc->AppProfId, MOTOR_MAX_CLUSTERS, commandId, 0, (cId_t *)NULL, 0 );
   \   0000AD                ; Setup parameters for call to function ZDP_MatchDescReq
   \   0000AD   75..00       MOV     ?V0 + 4,#0x0
   \   0000B0   78..         MOV     R0,#?V0 + 4
   \   0000B2   12....       LCALL   ?PUSH_XSTACK_I_ONE
   \   0000B5   E4           CLR     A
   \   0000B6   F5..         MOV     ?V0 + 5,A
   \   0000B8   78..         MOV     R0,#?V0 + 4
   \   0000BA   12....       LCALL   ?PUSH_XSTACK_I_TWO
   \   0000BD   78..         MOV     R0,#?V0 + 4
   \   0000BF   12....       LCALL   ?PUSH_XSTACK_I_ONE
   \   0000C2   78..         MOV     R0,#?V0 + 2
   \   0000C4   12....       LCALL   ?PUSH_XSTACK_I_TWO
   \   0000C7   12....       LCALL   ?Subroutine2 & 0xFFFF
    307                  }
   \                     ??CrossCallReturnLabel_2:
   \   0000CA   12....       LCALL   ?PUSH_XSTACK8_X_TWO
   \   0000CD   7904         MOV     R1,#0x4
   \   0000CF   803A         SJMP    ??Motor_BindDevice_5
   \                     ??Motor_BindDevice_4:
   \   0000D1   12....       LCALL   ?Subroutine1 & 0xFFFF
   \                     ??CrossCallReturnLabel_1:
   \   0000D4   12....       LCALL   ?PUSH_XSTACK8_X_TWO
   \   0000D7   8882         MOV     DPL,R0
   \   0000D9   8983         MOV     DPH,R1
   \   0000DB   12....       LCALL   ?Subroutine4 & 0xFFFF
   \                     ??CrossCallReturnLabel_7:
   \   0000DE   12....       LCALL   ?DEALLOC_XSTACK8
   \   0000E1   E9           MOV     A,R1
   \   0000E2   607A         JZ      ??CrossCallReturnLabel_13
    308                  else if ( ZDO_AnyClusterMatches( MOTOR_MAX_CLUSTERS, commandId, Motor_epDesc[motorCnt].simpleDesc->AppNumInClusters,
    309                                                          Motor_epDesc[motorCnt].simpleDesc->pAppInClusterList ) )
    310                  {
    311                    ret = ZDP_MatchDescReq( &destination, NWK_BROADCAST_SHORTADDR,
    312                        Motor_epDesc[motorCnt].simpleDesc->AppProfId, 0, (cId_t *)NULL, MOTOR_MAX_CLUSTERS, commandId, 0 );
   \   0000E4                ; Setup parameters for call to function ZDP_MatchDescReq
   \   0000E4   75..00       MOV     ?V0 + 4,#0x0
   \   0000E7   78..         MOV     R0,#?V0 + 4
   \   0000E9   12....       LCALL   ?PUSH_XSTACK_I_ONE
   \   0000EC   78..         MOV     R0,#?V0 + 2
   \   0000EE   12....       LCALL   ?PUSH_XSTACK_I_TWO
   \   0000F1   75..04       MOV     ?V0 + 4,#0x4
   \   0000F4   78..         MOV     R0,#?V0 + 4
   \   0000F6   12....       LCALL   ?PUSH_XSTACK_I_ONE
   \   0000F9   E4           CLR     A
   \   0000FA   F5..         MOV     ?V0 + 4,A
   \   0000FC   F5..         MOV     ?V0 + 5,A
   \   0000FE   78..         MOV     R0,#?V0 + 4
   \   000100   12....       LCALL   ?PUSH_XSTACK_I_TWO
   \   000103   12....       LCALL   ?Subroutine2 & 0xFFFF
    313                  }
   \                     ??CrossCallReturnLabel_3:
   \   000106   12....       LCALL   ?PUSH_XSTACK8_X_TWO
   \   000109   7900         MOV     R1,#0x0
   \                     ??Motor_BindDevice_5:
   \   00010B   7CFF         MOV     R4,#-0x1
   \   00010D   7DFF         MOV     R5,#-0x1
   \   00010F   7408         MOV     A,#0x8
   \   000111   12....       LCALL   ?XSTACK_DISP0_8
   \   000114   AA82         MOV     R2,DPL
   \   000116   AB83         MOV     R3,DPH
   \   000118   12....       LCALL   ??ZDP_MatchDescReq?relay
   \   00011B   7408         MOV     A,#0x8
   \   00011D   12....       LCALL   ?DEALLOC_XSTACK8
   \   000120   E9           MOV     A,R1
    314          
    315                  if ( ret == ZB_SUCCESS )
   \   000121   703B         JNZ     ??CrossCallReturnLabel_13
    316                  {
    317                    // Set a timer to make sure bind completes
    318          #if ( ZG_BUILD_RTR_TYPE )
    319                    osal_start_timerEx(Motor_TaskID, MOTOR_BIND_TIMER, AIB_MaxBindingTime);
   \   000123                ; Setup parameters for call to function osal_start_timerEx
   \   000123   90....       MOV     DPTR,#AIB_MaxBindingTime
   \   000126   E0           MOVX    A,@DPTR
   \   000127   FC           MOV     R4,A
   \   000128   A3           INC     DPTR
   \   000129   E0           MOVX    A,@DPTR
   \   00012A   FD           MOV     R5,A
   \   00012B   7A21         MOV     R2,#0x21
   \   00012D   7B00         MOV     R3,#0x0
   \   00012F   90....       MOV     DPTR,#Motor_TaskID
   \   000132   12....       LCALL   ??Subroutine9_0 & 0xFFFF
    320          #else
    321                    // AIB_MaxBindingTime is not defined for an End Device
    322                    osal_start_timerEx(Motor_TaskID, MOTOR_BIND_TIMER, zgApsDefaultMaxBindingTime);
    323          #endif
    324                    motor_bindInProgress = commandId[0];
   \                     ??CrossCallReturnLabel_14:
   \   000135   85..82       MOV     DPL,?V0 + 2
   \   000138   85..83       MOV     DPH,?V0 + 3
   \   00013B   E0           MOVX    A,@DPTR
   \   00013C   F8           MOV     R0,A
   \   00013D   A3           INC     DPTR
   \   00013E   E0           MOVX    A,@DPTR
   \   00013F   F9           MOV     R1,A
   \   000140   90....       MOV     DPTR,#motor_bindInProgress
   \   000143   E8           MOV     A,R0
   \   000144   F0           MOVX    @DPTR,A
   \   000145   A3           INC     DPTR
   \   000146   E9           MOV     A,R1
   \   000147   F0           MOVX    @DPTR,A
    325                    return; // dont send cback event
   \   000148   8014         SJMP    ??CrossCallReturnLabel_13
    326                  }
    327                }
    328              }
    329          
    330            //  SAPI_SendCback( SAPICB_BIND_CNF, ret, commandId );
    331            }
    332            else
    333            {
    334              // Remove local bindings for the commandId
    335              BindingEntry_t *pBind;
    336          
    337              // Loop through bindings an remove any that match the cluster
    338              while ( pBind = bindFind( endpoint, commandId[0], 0 ) )
    339              {
    340                bindRemoveEntry(pBind);
   \                     ??Motor_BindDevice_6:
   \   00014A                ; Setup parameters for call to function bindRemoveEntry
   \   00014A   12....       LCALL   ??bindRemoveEntry?relay
    341              }
   \                     ??Motor_BindDevice_0:
   \   00014D                ; Setup parameters for call to function bindFind
   \   00014D   7C00         MOV     R4,#0x0
   \   00014F   12....       LCALL   ?Subroutine7 & 0xFFFF
   \                     ??CrossCallReturnLabel_18:
   \   000152   A9..         MOV     R1,?V0 + 0
   \   000154   12....       LCALL   ??bindFind?relay
   \   000157   EA           MOV     A,R2
   \   000158   4B           ORL     A,R3
   \   000159   70EF         JNZ     ??Motor_BindDevice_6
    342              osal_start_timerEx( ZDAppTaskID, ZDO_NWK_UPDATE_NV, 250 );
   \   00015B                ; Setup parameters for call to function osal_start_timerEx
    343            }
   \                     ??Motor_BindDevice_3:
   \   00015B   12....       LCALL   ?Subroutine5 & 0xFFFF
   \                     ??CrossCallReturnLabel_13:
   \   00015E   7409         MOV     A,#0x9
   \   000160   12....       LCALL   ?DEALLOC_XSTACK8
   \   000163   02....       LJMP    ?Subroutine0 & 0xFFFF
    344            return;
    345          }

   \                                 In  segment BANKED_CODE, align 1, keep-with-next
   \                     ?Subroutine4:
   \   000000   A3           INC     DPTR
   \   000001   A3           INC     DPTR
   \   000002   A3           INC     DPTR
   \   000003   A3           INC     DPTR
   \   000004   A3           INC     DPTR
   \   000005   A3           INC     DPTR
   \   000006   E0           MOVX    A,@DPTR
   \   000007   FC           MOV     R4,A
   \   000008   AA..         MOV     R2,?V0 + 2
   \   00000A   AB..         MOV     R3,?V0 + 3
   \   00000C   7904         MOV     R1,#0x4
   \   00000E   12....       LCALL   ??ZDO_AnyClusterMatches?relay
   \   000011   7402         MOV     A,#0x2
   \   000013   22           RET

   \                                 In  segment BANKED_CODE, align 1, keep-with-next
   \                     ?Subroutine2:
   \   000000   12....       LCALL   ?Subroutine6 & 0xFFFF
   \                     ??CrossCallReturnLabel_9:
   \   000003   F583         MOV     DPH,A
   \   000005   8882         MOV     DPL,R0
   \   000007   A3           INC     DPTR
   \   000008   22           RET

   \                                 In  segment BANKED_CODE, align 1, keep-with-next
   \                     ?Subroutine1:
   \   000000   12....       LCALL   ?Subroutine6 & 0xFFFF
   \                     ??CrossCallReturnLabel_8:
   \   000003   F9           MOV     R1,A
   \   000004                ; Setup parameters for call to function ZDO_AnyClusterMatches
   \   000004                ; Setup parameters for call to function ZDO_AnyClusterMatches
   \   000004   8882         MOV     DPL,R0
   \   000006   8983         MOV     DPH,R1
   \   000008   A3           INC     DPTR
   \   000009   A3           INC     DPTR
   \   00000A   A3           INC     DPTR
   \   00000B   A3           INC     DPTR
   \   00000C   A3           INC     DPTR
   \   00000D   A3           INC     DPTR
   \   00000E   A3           INC     DPTR
   \   00000F   22           RET

   \                                 In  segment BANKED_CODE, align 1, keep-with-next
   \                     ?Subroutine6:
   \   000000   90....       MOV     DPTR,#motorCnt
   \   000003   E0           MOVX    A,@DPTR
   \   000004   75F006       MOV     B,#0x6
   \   000007   A4           MUL     AB
   \   000008   F8           MOV     R0,A
   \   000009   A9F0         MOV     R1,B
   \   00000B   12....       LCALL   ?Subroutine8 & 0xFFFF
   \                     ??CrossCallReturnLabel_11:
   \   00000E   22           RET

   \                                 In  segment XDATA_ID, align 1, keep-with-next
   \                     `?<Initializer for Motor_ClusterList>`:
   \   000000   0100         DW 1
   \   000002   0200         DW 2
   \   000004   0300         DW 3
   \   000006   0400         DW 4

   \                                 In  segment XDATA_ID, align 1, keep-with-next
   \                     `?<Initializer for Motor_SimpleDesc>`:
   \   000000   6E           DB 110
   \   000001   040F         DW 3844
   \   000003   0100         DW 1
   \   000005   00           DB 0
   \   000006   00           DB 0
   \   000007   0000         DW 0H
   \   000009   04           DB 4
   \   00000A   ....         DW Motor_ClusterList
   \   00000C   00000000     DB 0, 0, 0, 0, 0, 0, 0, 0
   \            00000000
   \   000014   00000000     DB 0, 0, 0, 0, 0, 0, 0, 0
   \            00000000
   \   00001C   00000000     DB 0, 0, 0, 0, 0, 0, 0, 0
   \            00000000
   \   000024   00000000     DB 0, 0, 0, 0, 0, 0, 0, 0
   \            00000000
   \   00002C   00000000     DB 0, 0, 0, 0, 0, 0, 0, 0
   \            00000000
   \   000034   00000000     DB 0, 0, 0, 0, 0, 0, 0, 0
   \            00000000
   \   00003C   00000000     DB 0, 0, 0, 0, 0, 0, 0, 0
   \            00000000
   \   000044   00000000     DB 0, 0, 0, 0, 0, 0, 0, 0
   \            00000000
   \   00004C   00000000     DB 0, 0, 0, 0, 0, 0, 0, 0
   \            00000000
   \   000054   00000000     DB 0, 0, 0, 0, 0, 0, 0, 0
   \            00000000
   \   00005C   00000000     DB 0, 0, 0, 0, 0, 0, 0, 0
   \            00000000
   \   000064   00000000     DB 0, 0, 0, 0, 0, 0, 0, 0
   \            00000000
   \   00006C   00000000     DB 0, 0, 0, 0, 0, 0, 0, 0
   \            00000000
   \   000074   00000000     DB 0, 0, 0, 0

   \                                 In  segment BANK_RELAYS, align 1
   \                     ??Motor_Init?relay:
   \   000000   12....       LCALL   ?BDISPATCH
   \   000003   ......       DC24    Motor_Init

   \                                 In  segment BANK_RELAYS, align 1
   \                     ??Motor_ProcessEvent?relay:
   \   000000   12....       LCALL   ?BDISPATCH
   \   000003   ......       DC24    Motor_ProcessEvent

   \                                 In  segment BANK_RELAYS, align 1
   \                     ??Motor_ProcessZDOMsgs?relay:
   \   000000   12....       LCALL   ?BDISPATCH
   \   000003   ......       DC24    Motor_ProcessZDOMsgs

   \                                 In  segment BANK_RELAYS, align 1
   \                     ??Motor_BindDevice?relay:
   \   000000   12....       LCALL   ?BDISPATCH
   \   000003   ......       DC24    Motor_BindDevice
    346          
    347          
    348          /*********************************
    349           * CALLBACK FUNCTIONS   */
    350          /******************************************************************************
    351           * @fn          SAPI_BindConfirm
    352           *
    353           * @brief       The SAPI_BindConfirm callback is called by the ZigBee stack
    354           *              after a bind operation completes.
    355           *
    356           * @param       commandId - The command ID of the binding being confirmed.
    357           *              status - The status of the bind operation.
    358           *              allowBind - TRUE if the bind operation was initiated by a call
    359           *                          to zb_AllowBindRespones.  FALSE if the operation
    360           *                          was initiated by a call to ZB_BindDevice
    361           *
    362           * @return      none
    363           */
    364          void SAPI_BindConfirm( uint16 commandId, uint8 status )
    365          {
    366              Sys_BindConfirm( commandId, status );
    367          }

   Maximum stack usage in bytes:

     Function                   ISTACK PSTACK XSTACK
     --------                   ------ ------ ------
     Motor_BindDevice               0      0     47
       -> sAddrExtCpy               0      0     46
       -> APSME_BindRequest         0      0     48
       -> ZDP_NwkAddrReq            0      0     46
       -> osal_start_timerEx        0      0     46
       -> ZDO_AnyClusterMatches     0      0     50
       -> ZDP_MatchDescReq          0      0     62
       -> ZDO_AnyClusterMatches     0      0     50
       -> ZDP_MatchDescReq          0      0     62
       -> osal_start_timerEx        0      0     46
       -> bindRemoveEntry           0      0     46
       -> bindFind                  0      0     46
       -> osal_start_timerEx        0      0     46
     Motor_Init                     1      0      9
       -> afRegister                0      0     18
       -> ZDO_RegisterForZDOMsg     0      0     18
     Motor_ProcessEvent             0      0     16
       -> osal_msg_receive          0      0     28
       -> Motor_ProcessZDOMsgs      0      0     28
       -> osal_msg_deallocate       0      0     28
       -> osal_msg_receive          0      0     28
       -> Motor_BindDevice          0      0     32
       -> Sys_BindConfirm           0      0     28
     Motor_ProcessZDOMsgs           0      0     35
       -> ZDO_ParseEPListRsp        0      0     40
       -> APSME_BindRequest         0      0     42
       -> osal_stop_timerEx         0      0     40
       -> osal_start_timerEx        0      0     40
       -> ZDP_IEEEAddrReq           0      0     40
       -> Sys_BindConfirm           0      0     40


   Segment part sizes:

     Function/Label                       Bytes
     --------------                       -----
     Motor_TaskID                            1
     motorCnt                                1
     Motor_ClusterList                       8
     Motor_SimpleDesc                      120
     Motor_epDesc                           60
     Motor_DstAddr                          12
     motor_bindInProgress                    2
     Motor_Init                            157
     Motor_ProcessEvent                    136
     ?Subroutine0                            5
     ?Subroutine3                           18
     Motor_ProcessZDOMsgs                  228
     ?Subroutine5                           11
     ??Subroutine9_0                         6
     ??Subroutine10_0                        6
     ?Subroutine8                           15
     ?Subroutine7                            6
     Motor_BindDevice                      358
     ?Subroutine4                           20
     ?Subroutine2                            9
     ?Subroutine1                           16
     ?Subroutine6                           15
     ?<Initializer for Motor_ClusterList>    8
     ?<Initializer for Motor_SimpleDesc>   120
     ??Motor_Init?relay                      6
     ??Motor_ProcessEvent?relay              6
     ??Motor_ProcessZDOMsgs?relay            6
     ??Motor_BindDevice?relay                6

 
 1 006 bytes in segment BANKED_CODE
    24 bytes in segment BANK_RELAYS
   128 bytes in segment XDATA_I
   128 bytes in segment XDATA_ID
    76 bytes in segment XDATA_Z
 
 1 158 bytes of CODE  memory
   204 bytes of XDATA memory

Errors: none
Warnings: none
